       Step     Time          Energy         fmax
*Force-consistent energies used in optimization.
GPMin:    0 14:14:36       -4.279130*       0.3546
GPMin:    1 14:14:46       -4.499901*       0.2880
GPMin:    2 14:14:56       -4.626711*       0.2493
GPMin:    3 14:15:05       -4.697410*       0.1724
GPMin:    4 14:15:14       -4.735198*       0.1094
GPMin:    5 14:15:23       -4.768914*       0.1133
GPMin:    6 14:15:31       -4.799116*       0.1079
GPMin:    7 14:15:38       -4.828111*       0.0854
GPMin:    8 14:15:45       -4.854193*       0.0744
GPMin:    9 14:15:52       -4.878234*       0.0698
GPMin:   10 14:16:00       -4.900442*       0.0563
GPMin:   11 14:16:08       -4.914036*       0.0688
GPMin:   12 14:16:15       -4.923769*       0.0636
GPMin:   13 14:16:22       -4.928358*       0.0353
GPMin:   14 14:16:29       -4.930406*       0.0287
GPMin:   15 14:16:37       -4.931879*       0.0229
GPMin:   16 14:16:43       -4.933176*       0.0157
       Step     Time          Energy         fmax
*Force-consistent energies used in optimization.
GPMin:    0 14:16:56       -4.224807*       0.6317
GPMin:    1 14:17:06       -4.411378*       0.2761
GPMin:    2 14:17:15       -4.528527*       0.2623
GPMin:    3 14:17:24       -4.643897*       0.2126
GPMin:    4 14:17:33       -4.731154*       0.1343
GPMin:    5 14:17:42       -4.786462*       0.1146
GPMin:    6 14:17:50       -4.816564*       0.0771
GPMin:    7 14:17:58       -4.840236*       0.0868
GPMin:    8 14:18:06       -4.862131*       0.0720
GPMin:    9 14:18:14       -4.879581*       0.0752
GPMin:   10 14:18:21       -4.897385*       0.0736
GPMin:   11 14:18:28       -4.911757*       0.0502
GPMin:   12 14:18:35       -4.919598*       0.0561
GPMin:   13 14:18:42       -4.924853*       0.0342
GPMin:   14 14:18:49       -4.928640*       0.0347
GPMin:   15 14:18:56       -4.932025*       0.0212
GPMin:   16 14:19:03       -4.933328*       0.0164
       Step     Time          Energy         fmax
*Force-consistent energies used in optimization.
GPMin:    0 14:19:18       -4.408320*       0.5200
GPMin:    1 14:19:27       -4.572924*       0.1930
GPMin:    2 14:19:36       -4.642797*       0.1745
GPMin:    3 14:19:46       -4.704606*       0.1427
GPMin:    4 14:19:55       -4.756256*       0.1278
GPMin:    5 14:20:03       -4.797397*       0.0943
GPMin:    6 14:20:11       -4.824874*       0.0870
GPMin:    7 14:20:20       -4.853463*       0.0855
GPMin:    8 14:20:27       -4.881109*       0.0646
GPMin:    9 14:20:34       -4.898798*       0.0562
GPMin:   10 14:20:41       -4.912069*       0.0447
GPMin:   11 14:20:48       -4.922000*       0.0388
GPMin:   12 14:20:55       -4.927885*       0.0296
GPMin:   13 14:21:02       -4.931488*       0.0273
GPMin:   14 14:21:08       -4.933089*       0.0165
       Step     Time          Energy         fmax
*Force-consistent energies used in optimization.
GPMin:    0 14:21:21       -4.224807*       0.6317
GPMin:    1 14:21:31       -4.411358*       0.2761
GPMin:    2 14:21:40       -4.528512*       0.2623
GPMin:    3 14:21:49       -4.643887*       0.2126
GPMin:    4 14:21:58       -4.731147*       0.1343
GPMin:    5 14:22:06       -4.786459*       0.1146
GPMin:    6 14:22:14       -4.816562*       0.0771
GPMin:    7 14:22:22       -4.840234*       0.0868
GPMin:    8 14:22:30       -4.862127*       0.0720
GPMin:    9 14:22:39       -4.879578*       0.0752
GPMin:   10 14:22:46       -4.897383*       0.0736
GPMin:   11 14:22:53       -4.911758*       0.0502
GPMin:   12 14:23:00       -4.919598*       0.0561
GPMin:   13 14:23:07       -4.924852*       0.0342
GPMin:   14 14:23:14       -4.928639*       0.0347
GPMin:   15 14:23:21       -4.932024*       0.0212
GPMin:   16 14:23:28       -4.933327*       0.0164
       Step     Time          Energy         fmax
*Force-consistent energies used in optimization.
GPMin:    0 14:23:41       -4.166632*       0.6300
GPMin:    1 14:23:50       -4.353617*       0.1804
GPMin:    2 14:24:00       -4.426335*       0.1466
GPMin:    3 14:24:10       -4.474446*       0.1220
GPMin:    4 14:24:19       -4.507203*       0.0859
GPMin:    5 14:24:27       -4.531815*       0.0763
GPMin:    6 14:24:35       -4.547874*       0.0577
GPMin:    7 14:24:42       -4.557411*       0.0492
GPMin:    8 14:24:50       -4.565667*       0.0408
GPMin:    9 14:24:58       -4.573586*       0.0416
GPMin:   10 14:25:06       -4.587898*       0.0514
GPMin:   11 14:25:14       -4.613627*       0.0580
GPMin:   12 14:25:21       -4.641287*       0.0571
GPMin:   13 14:25:30       -4.662377*       0.0636
GPMin:   14 14:25:39       -4.680366*       0.0714
GPMin:   15 14:25:47       -4.706255*       0.0642
GPMin:   16 14:25:54       -4.733146*       0.0740
GPMin:   17 14:26:01       -4.764487*       0.0751
GPMin:   18 14:26:09       -4.798622*       0.0771
GPMin:   19 14:26:18       -4.832635*       0.0752
GPMin:   20 14:26:26       -4.863989*       0.0855
GPMin:   21 14:26:33       -4.886361*       0.0891
GPMin:   22 14:26:40       -4.900430*       0.0705
GPMin:   23 14:26:47       -4.911339*       0.0518
GPMin:   24 14:26:54       -4.918468*       0.0551
GPMin:   25 14:27:01       -4.923869*       0.0570
GPMin:   26 14:27:08       -4.928222*       0.0482
GPMin:   27 14:27:15       -4.931406*       0.0246
GPMin:   28 14:27:21       -4.932587*       0.0188
       Step     Time          Energy         fmax
*Force-consistent energies used in optimization.
GPMin:    0 14:27:35       -4.367327*       0.5944
GPMin:    1 14:27:44       -4.567462*       0.1926
GPMin:    2 14:27:53       -4.614925*       0.1803
GPMin:    3 14:28:02       -4.670846*       0.1587
GPMin:    4 14:28:10       -4.718321*       0.1130
GPMin:    5 14:28:17       -4.749402*       0.0803
GPMin:    6 14:28:26       -4.774010*       0.0782
GPMin:    7 14:28:35       -4.802552*       0.0882
GPMin:    8 14:28:43       -4.836296*       0.0777
GPMin:    9 14:28:51       -4.867813*       0.0807
GPMin:   10 14:28:59       -4.898661*       0.0625
GPMin:   11 14:29:07       -4.917451*       0.0448
GPMin:   12 14:29:14       -4.924303*       0.0388
GPMin:   13 14:29:21       -4.927265*       0.0347
GPMin:   14 14:29:26       -4.929448*       0.0275
GPMin:   15 14:29:33       -4.931326*       0.0239
GPMin:   16 14:29:39       -4.932466*       0.0215
GPMin:   17 14:29:46       -4.933660*       0.0050
       Step     Time          Energy         fmax
*Force-consistent energies used in optimization.
GPMin:    0 14:30:01       -3.909395*       0.9134
GPMin:    1 14:30:12       -4.244362*       0.3103
GPMin:    2 14:30:21       -4.343132*       0.2309
GPMin:    3 14:30:30       -4.429995*       0.2208
GPMin:    4 14:30:39       -4.511456*       0.2355
GPMin:    5 14:30:48       -4.592706*       0.2350
GPMin:    6 14:30:57       -4.671194*       0.1954
GPMin:    7 14:31:05       -4.720195*       0.1094
GPMin:    8 14:31:12       -4.738106*       0.0805
GPMin:    9 14:31:20       -4.745443*       0.0833
GPMin:   10 14:31:28       -4.754152*       0.0677
GPMin:   11 14:31:35       -4.765540*       0.0624
GPMin:   12 14:31:43       -4.780204*       0.0736
GPMin:   13 14:31:51       -4.799528*       0.0863
GPMin:   14 14:31:59       -4.821714*       0.0866
GPMin:   15 14:32:07       -4.847071*       0.0838
GPMin:   16 14:32:15       -4.869233*       0.0748
GPMin:   17 14:32:23       -4.891562*       0.0634
GPMin:   18 14:32:30       -4.907057*       0.0567
GPMin:   19 14:32:36       -4.916119*       0.0529
GPMin:   20 14:32:43       -4.921224*       0.0425
GPMin:   21 14:32:50       -4.925468*       0.0370
GPMin:   22 14:32:57       -4.928463*       0.0356
GPMin:   23 14:33:04       -4.931314*       0.0274
GPMin:   24 14:33:11       -4.932533*       0.0238
GPMin:   25 14:33:19       -4.933389*       0.0114
       Step     Time          Energy         fmax
*Force-consistent energies used in optimization.
GPMin:    0 14:33:32       -3.544705*       0.4134
GPMin:    1 14:33:44       -3.817376*       0.3242
GPMin:    2 14:33:54       -4.011178*       0.2757
GPMin:    3 14:34:04       -4.167354*       0.2413
GPMin:    4 14:34:13       -4.293726*       0.2157
GPMin:    5 14:34:23       -4.389802*       0.1538
GPMin:    6 14:34:33       -4.438407*       0.0680
GPMin:    7 14:34:42       -4.448047*       0.0559
GPMin:    8 14:34:50       -4.451634*       0.0440
GPMin:    9 14:34:57       -4.455369*       0.0330
GPMin:   10 14:35:04       -4.457279*       0.0347
GPMin:   11 14:35:11       -4.461769*       0.0253
GPMin:   12 14:35:18       -4.464143*       0.0223
GPMin:   13 14:35:26       -4.467224*       0.0157
       Step     Time          Energy         fmax
*Force-consistent energies used in optimization.
GPMin:    0 14:35:40       -4.389781*       0.1846
GPMin:    1 14:35:50       -4.459008*       0.1636
GPMin:    2 14:36:00       -4.490119*       0.1443
GPMin:    3 14:36:09       -4.545290*       0.1000
GPMin:    4 14:36:17       -4.609707*       0.1134
GPMin:    5 14:36:25       -4.676389*       0.1211
GPMin:    6 14:36:32       -4.728709*       0.0919
GPMin:    7 14:36:41       -4.755742*       0.0669
GPMin:    8 14:36:48       -4.776759*       0.0850
GPMin:    9 14:36:56       -4.801011*       0.0712
GPMin:   10 14:37:04       -4.827786*       0.0769
GPMin:   11 14:37:12       -4.859921*       0.0867
GPMin:   12 14:37:20       -4.893969*       0.0757
GPMin:   13 14:37:28       -4.915812*       0.0783
GPMin:   14 14:37:36       -4.927218*       0.0553
GPMin:   15 14:37:44       -4.931267*       0.0297
GPMin:   16 14:37:50       -4.932222*       0.0165
       Step     Time          Energy         fmax
*Force-consistent energies used in optimization.
GPMin:    0 14:38:04       -4.378388*       0.1825
GPMin:    1 14:38:13       -4.457490*       0.0706
GPMin:    2 14:38:21       -4.460310*       0.1060
GPMin:    3 14:38:29       -4.466089*       0.0396
GPMin:    4 14:38:36       -4.468356*       0.0067
       Step     Time          Energy         fmax
*Force-consistent energies used in optimization.
GPMin:    0 14:38:47       -4.315853*       0.2048
GPMin:    1 14:38:57       -4.430706*       0.0880
GPMin:    2 14:39:07       -4.456111*       0.0373
GPMin:    3 14:39:15       -4.459521*       0.0357
GPMin:    4 14:39:24       -4.465231*       0.0492
GPMin:    5 14:39:33       -4.469476*       0.0190
       Step     Time          Energy         fmax
*Force-consistent energies used in optimization.
GPMin:    0 14:39:46       -4.261067*       0.6766
GPMin:    1 14:39:55       -4.432201*       0.1382
GPMin:    2 14:40:04       -4.449146*       0.1364
GPMin:    3 14:40:13       -4.470567*       0.0330
GPMin:    4 14:40:20       -4.472613*       0.0180
       Step     Time          Energy         fmax
*Force-consistent energies used in optimization.
GPMin:    0 14:40:34       -4.442238*       0.2453
GPMin:    1 14:40:44       -4.560055*       0.1620
GPMin:    2 14:40:53       -4.623753*       0.1691
GPMin:    3 14:41:01       -4.695314*       0.1755
GPMin:    4 14:41:10       -4.771435*       0.1729
GPMin:    5 14:41:19       -4.827827*       0.1326
GPMin:    6 14:41:27       -4.859931*       0.0901
GPMin:    7 14:41:35       -4.880264*       0.1156
GPMin:    8 14:41:44       -4.904071*       0.0638
GPMin:    9 14:41:51       -4.917152*       0.0417
GPMin:   10 14:41:58       -4.922339*       0.0467
GPMin:   11 14:42:05       -4.926589*       0.0376
GPMin:   12 14:42:12       -4.929227*       0.0298
GPMin:   13 14:42:18       -4.931365*       0.0194
       Step     Time          Energy         fmax
*Force-consistent energies used in optimization.
GPMin:    0 14:42:30       -4.260598*       0.3044
GPMin:    1 14:42:40       -4.433554*       0.2866
GPMin:    2 14:42:49       -4.544406*       0.2878
GPMin:    3 14:42:58       -4.661153*       0.2525
GPMin:    4 14:43:07       -4.745493*       0.1789
GPMin:    5 14:43:14       -4.793278*       0.1339
GPMin:    6 14:43:22       -4.832504*       0.1222
GPMin:    7 14:43:31       -4.872204*       0.0746
GPMin:    8 14:43:39       -4.894969*       0.0715
GPMin:    9 14:43:46       -4.907920*       0.0556
GPMin:   10 14:43:54       -4.914757*       0.0495
GPMin:   11 14:44:01       -4.922115*       0.0402
GPMin:   12 14:44:08       -4.926733*       0.0369
GPMin:   13 14:44:14       -4.930838*       0.0290
GPMin:   14 14:44:21       -4.933023*       0.0134
       Step     Time          Energy         fmax
*Force-consistent energies used in optimization.
GPMin:    0 14:44:34       -4.425634*       0.2968
GPMin:    1 14:44:44       -4.532127*       0.1004
GPMin:    2 14:44:53       -4.554382*       0.0775
GPMin:    3 14:45:01       -4.581261*       0.0708
GPMin:    4 14:45:09       -4.613222*       0.0737
GPMin:    5 14:45:18       -4.653942*       0.0787
GPMin:    6 14:45:26       -4.693824*       0.0888
GPMin:    7 14:45:34       -4.729211*       0.0889
GPMin:    8 14:45:42       -4.769148*       0.0867
GPMin:    9 14:45:50       -4.809427*       0.0797
GPMin:   10 14:45:57       -4.845205*       0.0706
GPMin:   11 14:46:04       -4.875175*       0.0680
GPMin:   12 14:46:11       -4.898888*       0.0633
GPMin:   13 14:46:19       -4.912359*       0.0558
GPMin:   14 14:46:26       -4.925369*       0.0456
GPMin:   15 14:46:33       -4.929627*       0.0284
GPMin:   16 14:46:40       -4.931634*       0.0210
GPMin:   17 14:46:47       -4.932982*       0.0153
       Step     Time          Energy         fmax
*Force-consistent energies used in optimization.
GPMin:    0 14:47:04       -3.933590*       0.5698
GPMin:    1 14:47:15       -4.147036*       0.1450
GPMin:    2 14:47:27       -4.182793*       0.1208
GPMin:    3 14:47:38       -4.223185*       0.1196
GPMin:    4 14:47:48       -4.291103*       0.0951
GPMin:    5 14:47:57       -4.343374*       0.0830
GPMin:    6 14:48:05       -4.381727*       0.0604
GPMin:    7 14:48:13       -4.408678*       0.0429
GPMin:    8 14:48:21       -4.424732*       0.0390
GPMin:    9 14:48:29       -4.436291*       0.0409
GPMin:   10 14:48:37       -4.445411*       0.0339
GPMin:   11 14:48:45       -4.451182*       0.0244
GPMin:   12 14:48:52       -4.455562*       0.0236
GPMin:   13 14:48:59       -4.459047*       0.0212
GPMin:   14 14:49:06       -4.461119*       0.0152
       Step     Time          Energy         fmax
*Force-consistent energies used in optimization.
GPMin:    0 14:49:19       -4.583465*       0.3743
GPMin:    1 14:49:29       -4.673479*       0.1232
GPMin:    2 14:49:37       -4.714986*       0.0862
GPMin:    3 14:49:46       -4.733903*       0.0615
GPMin:    4 14:49:53       -4.743777*       0.0527
GPMin:    5 14:50:02       -4.756121*       0.0617
GPMin:    6 14:50:09       -4.765021*       0.0333
GPMin:    7 14:50:16       -4.770963*       0.0261
GPMin:    8 14:50:24       -4.775575*       0.0225
GPMin:    9 14:50:31       -4.780173*       0.0263
GPMin:   10 14:50:38       -4.784444*       0.0315
GPMin:   11 14:50:45       -4.787833*       0.0181
       Step     Time          Energy         fmax
*Force-consistent energies used in optimization.
GPMin:    0 14:50:59       -4.231088*       0.3530
GPMin:    1 14:51:08       -4.431565*       0.2860
GPMin:    2 14:51:17       -4.573516*       0.1951
GPMin:    3 14:51:26       -4.679943*       0.1615
GPMin:    4 14:51:35       -4.753571*       0.1421
GPMin:    5 14:51:44       -4.804130*       0.1175
GPMin:    6 14:51:52       -4.839789*       0.0937
GPMin:    7 14:52:00       -4.862475*       0.0641
GPMin:    8 14:52:07       -4.873001*       0.0492
GPMin:    9 14:52:14       -4.879720*       0.0470
GPMin:   10 14:52:21       -4.886026*       0.0311
GPMin:   11 14:52:28       -4.889290*       0.0149
       Step     Time          Energy         fmax
*Force-consistent energies used in optimization.
GPMin:    0 14:52:41       -4.701551*       0.3019
GPMin:    1 14:52:52       -4.748303*       0.3091
GPMin:    2 14:53:01       -4.762745*       0.1724
GPMin:    3 14:53:10       -4.787734*       0.0355
GPMin:    4 14:53:18       -4.794235*       0.0501
GPMin:    5 14:53:26       -4.795431*       0.0502
GPMin:    6 14:53:34       -4.798084*       0.0265
GPMin:    7 14:53:42       -4.799414*       0.0302
GPMin:    8 14:53:50       -4.801095*       0.0547
GPMin:    9 14:53:59       -4.802391*       0.1215
GPMin:   10 14:54:08       -4.804830*       0.1200
GPMin:   11 14:54:17       -4.816099*       0.0561
GPMin:   12 14:54:25       -4.828005*       0.0433
GPMin:   13 14:54:34       -4.836475*       0.0961
GPMin:   14 14:54:43       -4.839004*       0.1444
GPMin:   15 14:54:50       -4.844120*       0.0548
GPMin:   16 14:54:58       -4.845439*       0.0267
GPMin:   17 14:55:05       -4.848916*       0.0293
GPMin:   18 14:55:11       -4.856951*       0.0456
GPMin:   19 14:55:18       -4.871598*       0.0472
GPMin:   20 14:55:25       -4.884567*       0.0252
GPMin:   21 14:55:32       -4.889714*       0.0175
       Step     Time          Energy         fmax
*Force-consistent energies used in optimization.
GPMin:    0 14:55:45       -3.996983*       0.2420
GPMin:    1 14:55:55       -4.090073*       0.1136
GPMin:    2 14:56:04       -4.109560*       0.1159
GPMin:    3 14:56:13       -4.148551*       0.1125
GPMin:    4 14:56:21       -4.191680*       0.1299
GPMin:    5 14:56:30       -4.251972*       0.1629
GPMin:    6 14:56:39       -4.329177*       0.1927
GPMin:    7 14:56:48       -4.419709*       0.2094
GPMin:    8 14:56:57       -4.512316*       0.2048
GPMin:    9 14:57:06       -4.597490*       0.1989
GPMin:   10 14:57:14       -4.672463*       0.1895
GPMin:   11 14:57:23       -4.734437*       0.1347
GPMin:   12 14:57:32       -4.766246*       0.0950
GPMin:   13 14:57:40       -4.777013*       0.0845
GPMin:   14 14:57:48       -4.793747*       0.0693
GPMin:   15 14:57:56       -4.808879*       0.0688
GPMin:   16 14:58:04       -4.828074*       0.0783
GPMin:   17 14:58:12       -4.849636*       0.0881
GPMin:   18 14:58:20       -4.871780*       0.0876
GPMin:   19 14:58:27       -4.892152*       0.0734
GPMin:   20 14:58:34       -4.906549*       0.0684
GPMin:   21 14:58:41       -4.915612*       0.0595
GPMin:   22 14:58:48       -4.924366*       0.0380
GPMin:   23 14:58:55       -4.927767*       0.0413
GPMin:   24 14:59:01       -4.929167*       0.0409
GPMin:   25 14:59:08       -4.932421*       0.0166
       Step     Time          Energy         fmax
*Force-consistent energies used in optimization.
GPMin:    0 14:59:25       -3.762490*       0.2972
GPMin:    1 14:59:37       -3.938983*       0.2862
GPMin:    2 14:59:47       -4.055862*       0.1620
GPMin:    3 14:59:55       -4.107685*       0.1828
GPMin:    4 15:00:03       -4.181230*       0.2236
GPMin:    5 15:00:11       -4.276981*       0.2633
GPMin:    6 15:00:20       -4.386327*       0.2795
GPMin:    7 15:00:29       -4.491909*       0.2394
GPMin:    8 15:00:38       -4.561881*       0.1523
GPMin:    9 15:00:46       -4.600890*       0.1566
GPMin:   10 15:00:54       -4.668772*       0.1746
GPMin:   11 15:01:02       -4.732066*       0.1403
GPMin:   12 15:01:10       -4.786206*       0.1348
GPMin:   13 15:01:18       -4.825716*       0.1091
GPMin:   14 15:01:26       -4.843972*       0.0830
GPMin:   15 15:01:34       -4.853431*       0.0926
GPMin:   16 15:01:41       -4.870975*       0.0937
GPMin:   17 15:01:48       -4.889008*       0.0655
GPMin:   18 15:01:55       -4.901029*       0.0538
GPMin:   19 15:02:03       -4.909436*       0.0501
GPMin:   20 15:02:10       -4.917360*       0.0539
GPMin:   21 15:02:17       -4.924197*       0.0479
GPMin:   22 15:02:24       -4.928990*       0.0241
GPMin:   23 15:02:31       -4.930793*       0.0183
       Step     Time          Energy         fmax
*Force-consistent energies used in optimization.
GPMin:    0 15:02:43       -4.395290*       0.4209
GPMin:    1 15:02:52       -4.456510*       0.1396
GPMin:    2 15:03:00       -4.469790*       0.0807
GPMin:    3 15:03:08       -4.492889*       0.0792
GPMin:    4 15:03:16       -4.551669*       0.1189
GPMin:    5 15:03:24       -4.638087*       0.1529
GPMin:    6 15:03:32       -4.735554*       0.1698
GPMin:    7 15:03:40       -4.830882*       0.1712
GPMin:    8 15:03:48       -4.902677*       0.1262
GPMin:    9 15:03:56       -4.930111*       0.0499
GPMin:   10 15:04:02       -4.932329*       0.0177
       Step     Time          Energy         fmax
*Force-consistent energies used in optimization.
GPMin:    0 15:04:15       -4.245118*       0.2441
GPMin:    1 15:04:24       -4.402883*       0.1850
GPMin:    2 15:04:33       -4.476875*       0.1140
GPMin:    3 15:04:42       -4.503568*       0.0710
GPMin:    4 15:04:50       -4.531602*       0.0989
GPMin:    5 15:04:58       -4.596550*       0.1221
GPMin:    6 15:05:06       -4.676023*       0.1629
GPMin:    7 15:05:13       -4.758782*       0.1868
GPMin:    8 15:05:21       -4.834795*       0.1810
GPMin:    9 15:05:29       -4.888112*       0.1388
GPMin:   10 15:05:37       -4.910189*       0.0684
GPMin:   11 15:05:44       -4.915842*       0.0542
GPMin:   12 15:05:51       -4.922768*       0.0340
GPMin:   13 15:05:57       -4.926342*       0.0250
GPMin:   14 15:06:04       -4.928150*       0.0200
GPMin:   15 15:06:11       -4.930816*       0.0237
GPMin:   16 15:06:17       -4.932453*       0.0174
       Step     Time          Energy         fmax
*Force-consistent energies used in optimization.
GPMin:    0 15:06:29       -4.189128*       0.1641
GPMin:    1 15:06:39       -4.225594*       0.2349
GPMin:    2 15:06:48       -4.314043*       0.1782
GPMin:    3 15:06:57       -4.394968*       0.1681
GPMin:    4 15:07:06       -4.451408*       0.0877
GPMin:    5 15:07:14       -4.463763*       0.0526
GPMin:    6 15:07:21       -4.473683*       0.0619
GPMin:    7 15:07:29       -4.507433*       0.0778
GPMin:    8 15:07:37       -4.562450*       0.1119
GPMin:    9 15:07:44       -4.636822*       0.1368
GPMin:   10 15:07:52       -4.719493*       0.1403
GPMin:   11 15:08:00       -4.788160*       0.1100
GPMin:   12 15:08:08       -4.825464*       0.0967
GPMin:   13 15:08:15       -4.839439*       0.0947
GPMin:   14 15:08:22       -4.858066*       0.0982
GPMin:   15 15:08:29       -4.880399*       0.0593
GPMin:   16 15:08:36       -4.895938*       0.0593
GPMin:   17 15:08:43       -4.907928*       0.0534
GPMin:   18 15:08:51       -4.918890*       0.0377
GPMin:   19 15:08:58       -4.926710*       0.0238
GPMin:   20 15:09:04       -4.930413*       0.0268
GPMin:   21 15:09:10       -4.932258*       0.0261
GPMin:   22 15:09:16       -4.933677*       0.0129
       Step     Time          Energy         fmax
*Force-consistent energies used in optimization.
GPMin:    0 15:09:28       -4.371032*       0.3030
GPMin:    1 15:09:39       -4.521324*       0.2393
GPMin:    2 15:09:48       -4.628015*       0.2022
GPMin:    3 15:09:57       -4.690121*       0.1188
GPMin:    4 15:10:05       -4.720654*       0.0972
GPMin:    5 15:10:13       -4.744721*       0.0718
GPMin:    6 15:10:21       -4.763423*       0.0542
GPMin:    7 15:10:28       -4.776071*       0.0463
GPMin:    8 15:10:35       -4.784954*       0.0288
GPMin:    9 15:10:42       -4.789697*       0.0224
GPMin:   10 15:10:48       -4.791650*       0.0158
       Step     Time          Energy         fmax
*Force-consistent energies used in optimization.
GPMin:    0 15:11:01       -4.224807*       0.6317
GPMin:    1 15:11:10       -4.411356*       0.2761
GPMin:    2 15:11:19       -4.528513*       0.2623
GPMin:    3 15:11:28       -4.643885*       0.2126
GPMin:    4 15:11:37       -4.731143*       0.1343
GPMin:    5 15:11:46       -4.786457*       0.1146
GPMin:    6 15:11:54       -4.816557*       0.0771
GPMin:    7 15:12:02       -4.840230*       0.0868
GPMin:    8 15:12:10       -4.862120*       0.0720
GPMin:    9 15:12:18       -4.879574*       0.0752
GPMin:   10 15:12:25       -4.897382*       0.0736
GPMin:   11 15:12:32       -4.911758*       0.0502
GPMin:   12 15:12:39       -4.919598*       0.0561
GPMin:   13 15:12:46       -4.924851*       0.0342
GPMin:   14 15:12:54       -4.928637*       0.0347
GPMin:   15 15:13:01       -4.932023*       0.0212
GPMin:   16 15:13:08       -4.933327*       0.0164
       Step     Time          Energy         fmax
*Force-consistent energies used in optimization.
GPMin:    0 15:13:23       -3.781776*       0.6856
GPMin:    1 15:13:34       -4.035877*       0.2524
GPMin:    2 15:13:43       -4.137648*       0.2617
GPMin:    3 15:13:52       -4.270994*       0.2561
GPMin:    4 15:14:01       -4.381949*       0.2086
GPMin:    5 15:14:10       -4.454004*       0.1267
GPMin:    6 15:14:18       -4.485317*       0.1225
GPMin:    7 15:14:25       -4.501930*       0.1212
GPMin:    8 15:14:33       -4.528175*       0.1077
GPMin:    9 15:14:42       -4.553223*       0.1000
GPMin:   10 15:14:51       -4.582675*       0.1183
GPMin:   11 15:15:00       -4.619997*       0.1459
GPMin:   12 15:15:09       -4.661541*       0.1642
GPMin:   13 15:15:18       -4.704171*       0.1568
GPMin:   14 15:15:27       -4.739668*       0.1257
GPMin:   15 15:15:35       -4.777497*       0.1446
GPMin:   16 15:15:43       -4.818034*       0.1153
GPMin:   17 15:15:51       -4.850790*       0.0757
GPMin:   18 15:15:58       -4.871314*       0.0568
GPMin:   19 15:16:05       -4.880153*       0.0472
GPMin:   20 15:16:12       -4.883112*       0.0426
GPMin:   21 15:16:19       -4.886174*       0.0320
GPMin:   22 15:16:26       -4.887887*       0.0168
       Step     Time          Energy         fmax
*Force-consistent energies used in optimization.
GPMin:    0 15:16:39       -4.057321*       0.5515
GPMin:    1 15:16:47       -4.326086*       0.1949
GPMin:    2 15:16:55       -4.389142*       0.1143
GPMin:    3 15:17:03       -4.409991*       0.0705
GPMin:    4 15:17:11       -4.422708*       0.0455
GPMin:    5 15:17:19       -4.429130*       0.0375
GPMin:    6 15:17:27       -4.439588*       0.0311
GPMin:    7 15:17:35       -4.446440*       0.0263
GPMin:    8 15:17:43       -4.451992*       0.0199
       Step     Time          Energy         fmax
*Force-consistent energies used in optimization.
GPMin:    0 15:17:55       -4.291766*       0.1887
GPMin:    1 15:18:03       -4.382470*       0.1837
GPMin:    2 15:18:11       -4.457348*       0.1053
GPMin:    3 15:18:20       -4.470828*       0.0397
GPMin:    4 15:18:27       -4.472235*       0.0078
       Step     Time          Energy         fmax
*Force-consistent energies used in optimization.
GPMin:    0 15:18:40       -4.527198*       0.3506
GPMin:    1 15:18:50       -4.658128*       0.2372
GPMin:    2 15:18:59       -4.741327*       0.1469
GPMin:    3 15:19:07       -4.773808*       0.0589
GPMin:    4 15:19:14       -4.781517*       0.0415
GPMin:    5 15:19:21       -4.789886*       0.0280
GPMin:    6 15:19:28       -4.794389*       0.0255
GPMin:    7 15:19:35       -4.798219*       0.0187
       Step     Time          Energy         fmax
*Force-consistent energies used in optimization.
GPMin:    0 15:19:47       -4.445894*       0.1349
GPMin:    1 15:20:04       -4.462599*       0.0537
GPMin:    2 15:20:20       -4.464091*       0.0480
GPMin:    3 15:20:27       -4.467904*       0.0224
GPMin:    4 15:20:35       -4.472944*       0.0635
GPMin:    5 15:20:43       -4.497647*       0.1021
GPMin:    6 15:20:51       -4.558574*       0.1206
GPMin:    7 15:20:59       -4.638920*       0.1522
GPMin:    8 15:21:07       -4.734082*       0.1718
GPMin:    9 15:21:14       -4.828376*       0.1657
GPMin:   10 15:21:22       -4.893062*       0.1158
GPMin:   11 15:21:30       -4.916117*       0.0550
GPMin:   12 15:21:35       -4.919140*       0.0411
GPMin:   13 15:21:41       -4.924587*       0.0353
GPMin:   14 15:21:48       -4.928520*       0.0278
GPMin:   15 15:21:56       -4.931172*       0.0187
       Step     Time          Energy         fmax
*Force-consistent energies used in optimization.
GPMin:    0 15:22:07       -4.406120*       0.1874
GPMin:    1 15:22:16       -4.469890*       0.0786
GPMin:    2 15:22:24       -4.470520*       0.1026
GPMin:    3 15:22:32       -4.496445*       0.0956
GPMin:    4 15:22:41       -4.553478*       0.1196
GPMin:    5 15:22:49       -4.624890*       0.1362
GPMin:    6 15:22:57       -4.705644*       0.1502
GPMin:    7 15:23:05       -4.780882*       0.1399
GPMin:    8 15:23:13       -4.828384*       0.0977
GPMin:    9 15:23:21       -4.847004*       0.0984
GPMin:   10 15:23:30       -4.870948*       0.1142
GPMin:   11 15:23:38       -4.893911*       0.0691
GPMin:   12 15:23:45       -4.914881*       0.0603
GPMin:   13 15:23:52       -4.928036*       0.0345
GPMin:   14 15:23:59       -4.932307*       0.0212
GPMin:   15 15:24:05       -4.932929*       0.0128
       Step     Time          Energy         fmax
*Force-consistent energies used in optimization.
GPMin:    0 15:24:20       -4.254934*       0.3010
GPMin:    1 15:24:29       -4.447441*       0.2677
GPMin:    2 15:24:38       -4.560616*       0.2276
GPMin:    3 15:24:48       -4.656357*       0.1533
GPMin:    4 15:24:57       -4.716595*       0.1072
GPMin:    5 15:25:05       -4.747589*       0.0849
GPMin:    6 15:25:13       -4.774713*       0.0824
GPMin:    7 15:25:21       -4.800263*       0.0684
GPMin:    8 15:25:30       -4.829204*       0.0737
GPMin:    9 15:25:38       -4.861120*       0.0776
GPMin:   10 15:25:46       -4.889133*       0.0640
GPMin:   11 15:25:54       -4.905243*       0.0603
GPMin:   12 15:26:01       -4.914589*       0.0482
GPMin:   13 15:26:08       -4.921566*       0.0357
GPMin:   14 15:26:15       -4.925879*       0.0355
GPMin:   15 15:26:23       -4.929690*       0.0278
GPMin:   16 15:26:30       -4.932278*       0.0254
GPMin:   17 15:26:36       -4.933330*       0.0149
       Step     Time          Energy         fmax
*Force-consistent energies used in optimization.
GPMin:    0 15:26:51       -4.412443*       0.3764
GPMin:    1 15:27:01       -4.551471*       0.2797
GPMin:    2 15:27:10       -4.662397*       0.2679
GPMin:    3 15:27:18       -4.743719*       0.1805
GPMin:    4 15:27:27       -4.778943*       0.0798
GPMin:    5 15:27:35       -4.790517*       0.0377
GPMin:    6 15:27:42       -4.794111*       0.0299
GPMin:    7 15:27:49       -4.797384*       0.0209
GPMin:    8 15:27:55       -4.799749*       0.0197
       Step     Time          Energy         fmax
*Force-consistent energies used in optimization.
GPMin:    0 15:28:07       -4.442086*       0.1716
GPMin:    1 15:28:25       -4.460322*       0.1471
GPMin:    2 15:28:34       -4.505248*       0.1027
GPMin:    3 15:28:42       -4.574157*       0.1269
GPMin:    4 15:28:49       -4.660650*       0.1597
GPMin:    5 15:28:56       -4.756518*       0.1739
GPMin:    6 15:29:04       -4.849564*       0.1590
GPMin:    7 15:29:12       -4.911695*       0.0993
GPMin:    8 15:29:19       -4.929626*       0.0328
GPMin:    9 15:29:26       -4.930546*       0.0212
GPMin:   10 15:29:33       -4.932408*       0.0188
       Step     Time          Energy         fmax
*Force-consistent energies used in optimization.
GPMin:    0 15:29:47       -3.881040*       0.3901
GPMin:    1 15:29:57       -4.103074*       0.3809
GPMin:    2 15:30:06       -4.255599*       0.3299
GPMin:    3 15:30:14       -4.372787*       0.2335
GPMin:    4 15:30:23       -4.449256*       0.2303
GPMin:    5 15:30:32       -4.532201*       0.2438
GPMin:    6 15:30:41       -4.612668*       0.2192
GPMin:    7 15:30:50       -4.667720*       0.1592
GPMin:    8 15:30:58       -4.698721*       0.1288
GPMin:    9 15:31:06       -4.724921*       0.1213
GPMin:   10 15:31:14       -4.748953*       0.0811
GPMin:   11 15:31:22       -4.773739*       0.0870
GPMin:   12 15:31:29       -4.805940*       0.1129
GPMin:   13 15:31:36       -4.835921*       0.0988
GPMin:   14 15:31:43       -4.855879*       0.0752
GPMin:   15 15:31:50       -4.867182*       0.0616
GPMin:   16 15:31:58       -4.875634*       0.0568
GPMin:   17 15:32:06       -4.882769*       0.0451
GPMin:   18 15:32:13       -4.886618*       0.0275
GPMin:   19 15:32:20       -4.887714*       0.0207
GPMin:   20 15:32:26       -4.888566*       0.0219
GPMin:   21 15:32:33       -4.889291*       0.0150
       Step     Time          Energy         fmax
*Force-consistent energies used in optimization.
GPMin:    0 15:32:46       -4.079108*       0.3275
GPMin:    1 15:32:55       -4.276046*       0.2618
GPMin:    2 15:33:04       -4.374751*       0.1997
GPMin:    3 15:33:13       -4.436739*       0.1491
GPMin:    4 15:33:21       -4.468073*       0.0319
GPMin:    5 15:33:28       -4.469614*       0.0184
       Step     Time          Energy         fmax
*Force-consistent energies used in optimization.
GPMin:    0 15:33:44       -3.993220*       0.3692
GPMin:    1 15:33:55       -4.222030*       0.3005
GPMin:    2 15:34:05       -4.348845*       0.2020
GPMin:    3 15:34:14       -4.427836*       0.1674
GPMin:    4 15:34:22       -4.510745*       0.1403
GPMin:    5 15:34:30       -4.577456*       0.1291
GPMin:    6 15:34:38       -4.627318*       0.1441
GPMin:    7 15:34:46       -4.672205*       0.1509
GPMin:    8 15:34:54       -4.720053*       0.1374
GPMin:    9 15:35:03       -4.762160*       0.1115
GPMin:   10 15:35:12       -4.795913*       0.1031
GPMin:   11 15:35:20       -4.831242*       0.1002
GPMin:   12 15:35:29       -4.866829*       0.0959
GPMin:   13 15:35:37       -4.895974*       0.0725
GPMin:   14 15:35:45       -4.913680*       0.0620
GPMin:   15 15:35:52       -4.922923*       0.0513
GPMin:   16 15:35:59       -4.927890*       0.0328
GPMin:   17 15:36:06       -4.929595*       0.0229
GPMin:   18 15:36:13       -4.930667*       0.0213
GPMin:   19 15:36:20       -4.932353*       0.0157
       Step     Time          Energy         fmax
*Force-consistent energies used in optimization.
GPMin:    0 15:36:33       -4.302686*       0.2928
GPMin:    1 15:36:40       -4.426330*       0.1876
GPMin:    2 15:36:49       -4.493348*       0.1170
GPMin:    3 15:36:58       -4.523339*       0.0940
GPMin:    4 15:37:06       -4.577084*       0.1140
GPMin:    5 15:37:14       -4.660035*       0.1422
GPMin:    6 15:37:21       -4.750392*       0.1712
GPMin:    7 15:37:29       -4.832874*       0.1686
GPMin:    8 15:37:37       -4.891971*       0.1230
GPMin:    9 15:37:45       -4.911960*       0.0579
GPMin:   10 15:37:52       -4.915777*       0.0544
GPMin:   11 15:37:59       -4.923122*       0.0356
GPMin:   12 15:38:07       -4.927255*       0.0266
GPMin:   13 15:38:14       -4.929252*       0.0222
GPMin:   14 15:38:20       -4.931466*       0.0254
GPMin:   15 15:38:27       -4.932987*       0.0130
       Step     Time          Energy         fmax
*Force-consistent energies used in optimization.
GPMin:    0 15:38:41       -4.186056*       0.3398
GPMin:    1 15:38:51       -4.379819*       0.2124
GPMin:    2 15:39:00       -4.472642*       0.1827
GPMin:    3 15:39:09       -4.559291*       0.1137
GPMin:    4 15:39:18       -4.601913*       0.0814
GPMin:    5 15:39:26       -4.619745*       0.0723
GPMin:    6 15:39:35       -4.641350*       0.0737
GPMin:    7 15:39:43       -4.662747*       0.0663
GPMin:    8 15:39:51       -4.685873*       0.0607
GPMin:    9 15:39:59       -4.713561*       0.0699
GPMin:   10 15:40:07       -4.743759*       0.0732
GPMin:   11 15:40:15       -4.775409*       0.0846
GPMin:   12 15:40:23       -4.811533*       0.0823
GPMin:   13 15:40:31       -4.843767*       0.0806
GPMin:   14 15:40:39       -4.866713*       0.0843
GPMin:   15 15:40:46       -4.888155*       0.0745
GPMin:   16 15:40:53       -4.902044*       0.0589
GPMin:   17 15:41:00       -4.911531*       0.0622
GPMin:   18 15:41:07       -4.920816*       0.0492
GPMin:   19 15:41:14       -4.925984*       0.0411
GPMin:   20 15:41:21       -4.929989*       0.0347
GPMin:   21 15:41:28       -4.932098*       0.0197
       Step     Time          Energy         fmax
*Force-consistent energies used in optimization.
GPMin:    0 15:41:41       -4.182149*       0.5108
GPMin:    1 15:41:50       -4.419175*       0.2664
GPMin:    2 15:41:59       -4.517655*       0.1407
GPMin:    3 15:42:08       -4.544358*       0.0587
GPMin:    4 15:42:16       -4.550123*       0.0415
GPMin:    5 15:42:24       -4.555194*       0.0399
GPMin:    6 15:42:31       -4.562774*       0.0416
GPMin:    7 15:42:39       -4.573742*       0.0482
GPMin:    8 15:42:48       -4.596176*       0.0638
GPMin:    9 15:42:57       -4.629203*       0.0786
GPMin:   10 15:43:05       -4.668844*       0.0887
GPMin:   11 15:43:14       -4.709165*       0.0990
GPMin:   12 15:43:23       -4.744372*       0.0968
GPMin:   13 15:43:31       -4.779357*       0.0857
GPMin:   14 15:43:38       -4.811855*       0.0779
GPMin:   15 15:43:45       -4.841211*       0.0670
GPMin:   16 15:43:52       -4.865296*       0.0748
GPMin:   17 15:43:59       -4.887474*       0.0814
GPMin:   18 15:44:06       -4.905336*       0.0509
GPMin:   19 15:44:13       -4.915533*       0.0604
GPMin:   20 15:44:20       -4.922703*       0.0550
GPMin:   21 15:44:27       -4.928206*       0.0381
GPMin:   22 15:44:34       -4.931225*       0.0248
GPMin:   23 15:44:41       -4.932781*       0.0142
       Step     Time          Energy         fmax
*Force-consistent energies used in optimization.
GPMin:    0 15:44:53       -4.589083*       0.2578
GPMin:    1 15:45:03       -4.664942*       0.1999
GPMin:    2 15:45:13       -4.708699*       0.1095
GPMin:    3 15:45:22       -4.730624*       0.0682
GPMin:    4 15:45:29       -4.741730*       0.0552
GPMin:    5 15:45:38       -4.754937*       0.0473
GPMin:    6 15:45:45       -4.763564*       0.0335
GPMin:    7 15:45:53       -4.770807*       0.0320
GPMin:    8 15:46:00       -4.776088*       0.0307
GPMin:    9 15:46:07       -4.781244*       0.0291
GPMin:   10 15:46:14       -4.787930*       0.0338
GPMin:   11 15:46:22       -4.796886*       0.0388
GPMin:   12 15:46:30       -4.810008*       0.0495
GPMin:   13 15:46:38       -4.832786*       0.0638
GPMin:   14 15:46:47       -4.862196*       0.0766
GPMin:   15 15:46:56       -4.897495*       0.0644
GPMin:   16 15:47:04       -4.924007*       0.0497
GPMin:   17 15:47:11       -4.931980*       0.0350
GPMin:   18 15:47:18       -4.933457*       0.0132
       Step     Time          Energy         fmax
*Force-consistent energies used in optimization.
GPMin:    0 15:47:31       -4.260045*       0.1860
GPMin:    1 15:47:40       -4.340425*       0.1761
GPMin:    2 15:47:48       -4.403356*       0.0964
GPMin:    3 15:47:56       -4.423195*       0.0471
GPMin:    4 15:48:04       -4.429499*       0.0412
GPMin:    5 15:48:12       -4.442079*       0.0330
GPMin:    6 15:48:20       -4.451382*       0.0230
GPMin:    7 15:48:28       -4.456787*       0.0200
       Step     Time          Energy         fmax
*Force-consistent energies used in optimization.
GPMin:    0 15:48:44       -3.846932*       0.3473
GPMin:    1 15:48:55       -4.055810*       0.3154
GPMin:    2 15:49:07       -4.175519*       0.2485
GPMin:    3 15:49:17       -4.280583*       0.2037
GPMin:    4 15:49:26       -4.385326*       0.1628
GPMin:    5 15:49:34       -4.457285*       0.1512
GPMin:    6 15:49:43       -4.509161*       0.1270
GPMin:    7 15:49:52       -4.563033*       0.1317
GPMin:    8 15:50:01       -4.621483*       0.1369
GPMin:    9 15:50:10       -4.680946*       0.1326
GPMin:   10 15:50:18       -4.731863*       0.1150
GPMin:   11 15:50:26       -4.767903*       0.0873
GPMin:   12 15:50:34       -4.790198*       0.0993
GPMin:   13 15:50:42       -4.807156*       0.1237
GPMin:   14 15:50:50       -4.829021*       0.1061
GPMin:   15 15:50:58       -4.851880*       0.0703
GPMin:   16 15:51:06       -4.870332*       0.0718
GPMin:   17 15:51:13       -4.886382*       0.0700
GPMin:   18 15:51:20       -4.901242*       0.0571
GPMin:   19 15:51:27       -4.912282*       0.0587
GPMin:   20 15:51:34       -4.919039*       0.0532
GPMin:   21 15:51:42       -4.924335*       0.0444
GPMin:   22 15:51:49       -4.927870*       0.0398
GPMin:   23 15:51:56       -4.930478*       0.0353
GPMin:   24 15:52:03       -4.931829*       0.0239
GPMin:   25 15:52:09       -4.932403*       0.0248
GPMin:   26 15:52:15       -4.932963*       0.0145
       Step     Time          Energy         fmax
*Force-consistent energies used in optimization.
GPMin:    0 15:52:28       -4.429004*       0.2015
GPMin:    1 15:52:38       -4.521785*       0.1449
GPMin:    2 15:52:47       -4.567307*       0.1082
GPMin:    3 15:52:55       -4.625976*       0.1299
GPMin:    4 15:53:04       -4.695683*       0.1594
GPMin:    5 15:53:12       -4.759436*       0.1545
GPMin:    6 15:53:21       -4.809721*       0.1062
GPMin:    7 15:53:30       -4.844641*       0.1128
GPMin:    8 15:53:38       -4.876600*       0.0895
GPMin:    9 15:53:45       -4.898776*       0.0516
GPMin:   10 15:53:52       -4.914156*       0.0380
GPMin:   11 15:53:59       -4.921481*       0.0402
GPMin:   12 15:54:06       -4.926518*       0.0317
GPMin:   13 15:54:13       -4.929331*       0.0267
GPMin:   14 15:54:20       -4.932529*       0.0189
       Step     Time          Energy         fmax
*Force-consistent energies used in optimization.
GPMin:    0 15:54:35       -4.078039*       0.3008
GPMin:    1 15:54:43       -4.275494*       0.2937
GPMin:    2 15:54:52       -4.417987*       0.2228
GPMin:    3 15:55:01       -4.512708*       0.1701
GPMin:    4 15:55:10       -4.574229*       0.1641
GPMin:    5 15:55:18       -4.630326*       0.1371
GPMin:    6 15:55:27       -4.679721*       0.1485
GPMin:    7 15:55:35       -4.730405*       0.1446
GPMin:    8 15:55:44       -4.778272*       0.1216
GPMin:    9 15:55:52       -4.818119*       0.1234
GPMin:   10 15:56:00       -4.852537*       0.1105
GPMin:   11 15:56:09       -4.884665*       0.0874
GPMin:   12 15:56:18       -4.904832*       0.0629
GPMin:   13 15:56:25       -4.915467*       0.0576
GPMin:   14 15:56:31       -4.922277*       0.0392
GPMin:   15 15:56:38       -4.925849*       0.0360
GPMin:   16 15:56:45       -4.928563*       0.0278
GPMin:   17 15:56:52       -4.931061*       0.0274
GPMin:   18 15:56:59       -4.932504*       0.0207
GPMin:   19 15:57:06       -4.933375*       0.0149
       Step     Time          Energy         fmax
*Force-consistent energies used in optimization.
GPMin:    0 15:57:20       -4.261859*       0.3523
GPMin:    1 15:57:29       -4.420553*       0.1594
GPMin:    2 15:57:38       -4.474855*       0.0947
GPMin:    3 15:57:47       -4.497639*       0.0740
GPMin:    4 15:57:55       -4.526479*       0.0828
GPMin:    5 15:58:03       -4.571836*       0.1032
GPMin:    6 15:58:11       -4.630045*       0.1344
GPMin:    7 15:58:20       -4.692730*       0.1235
GPMin:    8 15:58:29       -4.742411*       0.0804
GPMin:    9 15:58:36       -4.771820*       0.0920
GPMin:   10 15:58:44       -4.800959*       0.1265
GPMin:   11 15:58:52       -4.840376*       0.0920
GPMin:   12 15:59:01       -4.871875*       0.0922
GPMin:   13 15:59:09       -4.898854*       0.0852
GPMin:   14 15:59:17       -4.919269*       0.0388
GPMin:   15 15:59:24       -4.924262*       0.0467
GPMin:   16 15:59:31       -4.926682*       0.0338
GPMin:   17 15:59:38       -4.928435*       0.0290
GPMin:   18 15:59:44       -4.931057*       0.0263
GPMin:   19 15:59:51       -4.932182*       0.0225
GPMin:   20 15:59:57       -4.933083*       0.0158
       Step     Time          Energy         fmax
*Force-consistent energies used in optimization.
GPMin:    0 16:00:10       -4.166632*       0.6299
GPMin:    1 16:00:19       -4.353618*       0.1804
GPMin:    2 16:00:29       -4.426341*       0.1466
GPMin:    3 16:00:39       -4.474445*       0.1220
GPMin:    4 16:00:48       -4.507205*       0.0859
GPMin:    5 16:00:56       -4.531818*       0.0763
GPMin:    6 16:01:04       -4.547879*       0.0577
GPMin:    7 16:01:11       -4.557416*       0.0492
GPMin:    8 16:01:20       -4.565676*       0.0408
GPMin:    9 16:01:28       -4.573602*       0.0416
GPMin:   10 16:01:36       -4.587926*       0.0514
GPMin:   11 16:01:44       -4.613675*       0.0580
GPMin:   12 16:01:51       -4.641341*       0.0572
GPMin:   13 16:02:00       -4.662404*       0.0636
GPMin:   14 16:02:09       -4.680373*       0.0714
GPMin:   15 16:02:17       -4.706268*       0.0642
GPMin:   16 16:02:24       -4.733131*       0.0740
GPMin:   17 16:02:31       -4.764421*       0.0751
GPMin:   18 16:02:39       -4.798513*       0.0771
GPMin:   19 16:02:48       -4.832529*       0.0752
GPMin:   20 16:02:56       -4.863859*       0.0855
GPMin:   21 16:03:03       -4.886249*       0.0890
GPMin:   22 16:03:10       -4.900376*       0.0705
GPMin:   23 16:03:17       -4.911302*       0.0518
GPMin:   24 16:03:24       -4.918455*       0.0549
GPMin:   25 16:03:31       -4.923881*       0.0570
GPMin:   26 16:03:39       -4.928217*       0.0483
GPMin:   27 16:03:46       -4.931405*       0.0247
GPMin:   28 16:03:52       -4.932589*       0.0188
       Step     Time          Energy         fmax
*Force-consistent energies used in optimization.
GPMin:    0 16:04:04       -4.583465*       0.3743
GPMin:    1 16:04:14       -4.673452*       0.1234
GPMin:    2 16:04:23       -4.714964*       0.0863
GPMin:    3 16:04:31       -4.733894*       0.0615
GPMin:    4 16:04:38       -4.743757*       0.0529
GPMin:    5 16:04:47       -4.756120*       0.0617
GPMin:    6 16:04:55       -4.764995*       0.0332
GPMin:    7 16:05:02       -4.770951*       0.0260
GPMin:    8 16:05:09       -4.775562*       0.0226
GPMin:    9 16:05:16       -4.780153*       0.0263
GPMin:   10 16:05:23       -4.784426*       0.0317
GPMin:   11 16:05:30       -4.787815*       0.0180
       Step     Time          Energy         fmax
*Force-consistent energies used in optimization.
GPMin:    0 16:05:43       -4.293355*       0.2172
GPMin:    1 16:05:52       -4.432732*       0.1909
GPMin:    2 16:06:01       -4.538702*       0.2129
GPMin:    3 16:06:10       -4.638572*       0.1702
GPMin:    4 16:06:19       -4.700948*       0.0973
GPMin:    5 16:06:27       -4.723282*       0.0754
GPMin:    6 16:06:34       -4.735516*       0.0651
GPMin:    7 16:06:41       -4.752324*       0.0568
GPMin:    8 16:06:48       -4.763125*       0.0460
GPMin:    9 16:06:55       -4.770800*       0.0360
GPMin:   10 16:07:02       -4.778297*       0.0307
GPMin:   11 16:07:09       -4.783798*       0.0311
GPMin:   12 16:07:16       -4.789466*       0.0373
GPMin:   13 16:07:24       -4.793106*       0.0287
GPMin:   14 16:07:31       -4.796478*       0.0230
GPMin:   15 16:07:38       -4.799694*       0.0283
GPMin:   16 16:07:45       -4.803451*       0.0231
GPMin:   17 16:07:52       -4.806709*       0.0177
       Step     Time          Energy         fmax
*Force-consistent energies used in optimization.
GPMin:    0 16:08:05       -4.382068*       0.3472
GPMin:    1 16:08:13       -4.452992*       0.0989
GPMin:    2 16:08:21       -4.461127*       0.1025
GPMin:    3 16:08:29       -4.469266*       0.0147
       Step     Time          Energy         fmax
*Force-consistent energies used in optimization.
GPMin:    0 16:08:40       -3.925545*       0.5894
GPMin:    1 16:08:50       -4.200051*       0.1587
GPMin:    2 16:09:00       -4.257488*       0.1433
GPMin:    3 16:09:09       -4.311079*       0.1403
GPMin:    4 16:09:18       -4.371044*       0.0780
GPMin:    5 16:09:26       -4.400217*       0.0647
GPMin:    6 16:09:33       -4.420381*       0.0511
GPMin:    7 16:09:40       -4.435007*       0.0333
GPMin:    8 16:09:47       -4.443166*       0.0319
GPMin:    9 16:09:54       -4.449162*       0.0236
GPMin:   10 16:10:01       -4.453032*       0.0300
GPMin:   11 16:10:08       -4.456846*       0.0199
       Step     Time          Energy         fmax
*Force-consistent energies used in optimization.
GPMin:    0 16:10:21       -4.574529*       0.6061
GPMin:    1 16:10:31       -4.762228*       0.1546
GPMin:    2 16:10:40       -4.780227*       0.0872
GPMin:    3 16:10:48       -4.787338*       0.0469
GPMin:    4 16:10:56       -4.790315*       0.0534
GPMin:    5 16:11:04       -4.794742*       0.0294
GPMin:    6 16:11:11       -4.797603*       0.0189
       Step     Time          Energy         fmax
*Force-consistent energies used in optimization.
GPMin:    0 16:11:28       -4.071480*       0.3088
GPMin:    1 16:11:40       -4.235300*       0.2440
GPMin:    2 16:11:50       -4.340167*       0.1671
GPMin:    3 16:11:58       -4.405980*       0.1412
GPMin:    4 16:12:07       -4.470749*       0.1412
GPMin:    5 16:12:16       -4.525457*       0.1424
GPMin:    6 16:12:25       -4.580483*       0.1436
GPMin:    7 16:12:33       -4.638195*       0.1443
GPMin:    8 16:12:41       -4.694173*       0.1380
GPMin:    9 16:12:50       -4.743893*       0.1165
GPMin:   10 16:12:59       -4.777446*       0.0776
GPMin:   11 16:13:07       -4.794384*       0.0465
GPMin:   12 16:13:14       -4.799635*       0.0479
GPMin:   13 16:13:21       -4.805526*       0.0519
GPMin:   14 16:13:28       -4.812664*       0.0413
GPMin:   15 16:13:35       -4.817850*       0.0304
GPMin:   16 16:13:42       -4.822103*       0.0321
GPMin:   17 16:13:50       -4.828356*       0.0420
GPMin:   18 16:13:58       -4.838383*       0.0473
GPMin:   19 16:14:07       -4.851869*       0.0497
GPMin:   20 16:14:15       -4.864558*       0.0442
GPMin:   21 16:14:23       -4.872983*       0.0426
GPMin:   22 16:14:30       -4.877029*       0.0434
GPMin:   23 16:14:37       -4.881615*       0.0411
GPMin:   24 16:14:44       -4.886607*       0.0264
GPMin:   25 16:14:51       -4.888912*       0.0188
       Step     Time          Energy         fmax
*Force-consistent energies used in optimization.
GPMin:    0 16:15:04       -4.406275*       0.1835
GPMin:    1 16:15:14       -4.479566*       0.0871
GPMin:    2 16:15:23       -4.481045*       0.1223
GPMin:    3 16:15:31       -4.495888*       0.0657
GPMin:    4 16:15:40       -4.522536*       0.0797
GPMin:    5 16:15:48       -4.557618*       0.1012
GPMin:    6 16:15:56       -4.609832*       0.1158
GPMin:    7 16:16:04       -4.669976*       0.1123
GPMin:    8 16:16:12       -4.724181*       0.0932
GPMin:    9 16:16:20       -4.763077*       0.0783
GPMin:   10 16:16:29       -4.798512*       0.1028
GPMin:   11 16:16:38       -4.840220*       0.0795
GPMin:   12 16:16:46       -4.878405*       0.0651
GPMin:   13 16:16:53       -4.903960*       0.0527
GPMin:   14 16:17:00       -4.913848*       0.0480
GPMin:   15 16:17:08       -4.918816*       0.0719
GPMin:   16 16:17:15       -4.923375*       0.0477
GPMin:   17 16:17:22       -4.928545*       0.0306
GPMin:   18 16:17:29       -4.931523*       0.0187
       Step     Time          Energy         fmax
*Force-consistent energies used in optimization.
GPMin:    0 16:17:41       -4.461733*       0.1087
GPMin:    1 16:17:58       -4.463959*       0.1068
GPMin:    2 16:18:07       -4.509060*       0.1295
GPMin:    3 16:18:15       -4.575755*       0.1382
GPMin:    4 16:18:23       -4.662414*       0.1553
GPMin:    5 16:18:30       -4.756188*       0.1709
GPMin:    6 16:18:38       -4.845578*       0.1622
GPMin:    7 16:18:46       -4.904068*       0.1156
GPMin:    8 16:18:54       -4.922665*       0.0526
GPMin:    9 16:19:01       -4.926695*       0.0620
GPMin:   10 16:19:08       -4.931987*       0.0326
GPMin:   11 16:19:15       -4.933532*       0.0115
       Step     Time          Energy         fmax
*Force-consistent energies used in optimization.
GPMin:    0 16:19:28       -4.289942*       0.6048
GPMin:    1 16:19:37       -4.446608*       0.1286
GPMin:    2 16:19:46       -4.449500*       0.1238
GPMin:    3 16:19:54       -4.468405*       0.0312
GPMin:    4 16:20:00       -4.469679*       0.0073
       Step     Time          Energy         fmax
*Force-consistent energies used in optimization.
GPMin:    0 16:20:11       -4.302218*       0.4981
GPMin:    1 16:20:20       -4.429384*       0.1604
GPMin:    2 16:20:29       -4.462170*       0.0729
GPMin:    3 16:20:36       -4.466815*       0.0413
GPMin:    4 16:20:43       -4.468325*       0.0060
       Step     Time          Energy         fmax
*Force-consistent energies used in optimization.
GPMin:    0 16:21:00       -4.134439*       0.2765
GPMin:    1 16:21:10       -4.311706*       0.2650
GPMin:    2 16:21:20       -4.441110*       0.2529
GPMin:    3 16:21:30       -4.559858*       0.2068
GPMin:    4 16:21:40       -4.648022*       0.1210
GPMin:    5 16:21:49       -4.697879*       0.1053
GPMin:    6 16:21:57       -4.731897*       0.0848
GPMin:    7 16:22:04       -4.755809*       0.0717
GPMin:    8 16:22:12       -4.778322*       0.0867
GPMin:    9 16:22:21       -4.803349*       0.0860
GPMin:   10 16:22:29       -4.832123*       0.0900
GPMin:   11 16:22:37       -4.863473*       0.0832
GPMin:   12 16:22:46       -4.885393*       0.0752
GPMin:   13 16:22:54       -4.904331*       0.0565
GPMin:   14 16:23:02       -4.916187*       0.0428
GPMin:   15 16:23:09       -4.921275*       0.0408
GPMin:   16 16:23:15       -4.925016*       0.0353
GPMin:   17 16:23:22       -4.927764*       0.0316
GPMin:   18 16:23:29       -4.930486*       0.0307
GPMin:   19 16:23:36       -4.932215*       0.0261
GPMin:   20 16:23:44       -4.933258*       0.0195
       Step     Time          Energy         fmax
*Force-consistent energies used in optimization.
GPMin:    0 16:23:57       -4.394202*       0.4608
GPMin:    1 16:24:06       -4.468314*       0.2041
GPMin:    2 16:24:15       -4.487921*       0.1146
GPMin:    3 16:24:23       -4.522667*       0.1272
GPMin:    4 16:24:31       -4.584892*       0.1272
GPMin:    5 16:24:39       -4.664116*       0.1400
GPMin:    6 16:24:47       -4.745180*       0.1555
GPMin:    7 16:24:55       -4.809503*       0.1422
GPMin:    8 16:25:03       -4.845758*       0.0949
GPMin:    9 16:25:11       -4.864069*       0.1082
GPMin:   10 16:25:19       -4.888619*       0.1030
GPMin:   11 16:25:27       -4.909706*       0.0615
GPMin:   12 16:25:35       -4.925155*       0.0450
GPMin:   13 16:25:42       -4.931889*       0.0257
GPMin:   14 16:25:48       -4.933277*       0.0135
       Step     Time          Energy         fmax
*Force-consistent energies used in optimization.
GPMin:    0 16:26:00       -4.447949*       0.2219
GPMin:    1 16:26:09       -4.520296*       0.1495
GPMin:    2 16:26:18       -4.577905*       0.1263
GPMin:    3 16:26:26       -4.657949*       0.1332
GPMin:    4 16:26:33       -4.744123*       0.1540
GPMin:    5 16:26:40       -4.816685*       0.1424
GPMin:    6 16:26:48       -4.860082*       0.1002
GPMin:    7 16:26:56       -4.881600*       0.1040
GPMin:    8 16:27:04       -4.904044*       0.0992
GPMin:    9 16:27:13       -4.921044*       0.0504
GPMin:   10 16:27:20       -4.929761*       0.0273
GPMin:   11 16:27:26       -4.931380*       0.0207
GPMin:   12 16:27:32       -4.932503*       0.0141
       Step     Time          Energy         fmax
*Force-consistent energies used in optimization.
GPMin:    0 16:27:46       -4.427466*       0.2060
GPMin:    1 16:27:55       -4.535174*       0.1807
GPMin:    2 16:28:04       -4.622498*       0.1517
GPMin:    3 16:28:12       -4.684485*       0.1068
GPMin:    4 16:28:20       -4.717486*       0.0744
GPMin:    5 16:28:27       -4.737048*       0.0665
GPMin:    6 16:28:34       -4.755815*       0.0443
GPMin:    7 16:28:41       -4.771276*       0.0383
GPMin:    8 16:28:48       -4.782488*       0.0271
GPMin:    9 16:28:55       -4.787629*       0.0274
GPMin:   10 16:29:02       -4.792252*       0.0188
       Step     Time          Energy         fmax
*Force-consistent energies used in optimization.
GPMin:    0 16:29:16       -4.420951*       0.3391
GPMin:    1 16:29:26       -4.446007*       0.2551
GPMin:    2 16:29:34       -4.475464*       0.1332
GPMin:    3 16:29:43       -4.531793*       0.1394
GPMin:    4 16:29:52       -4.604606*       0.1352
GPMin:    5 16:30:00       -4.682651*       0.1392
GPMin:    6 16:30:08       -4.751896*       0.1293
GPMin:    7 16:30:16       -4.792360*       0.0802
GPMin:    8 16:30:24       -4.807232*       0.0814
GPMin:    9 16:30:31       -4.821274*       0.0921
GPMin:   10 16:30:39       -4.840514*       0.0677
GPMin:   11 16:30:48       -4.869318*       0.0805
GPMin:   12 16:30:56       -4.901783*       0.0643
GPMin:   13 16:31:04       -4.923200*       0.0513
GPMin:   14 16:31:11       -4.928960*       0.0467
GPMin:   15 16:31:18       -4.930929*       0.0266
GPMin:   16 16:31:25       -4.932061*       0.0156
       Step     Time          Energy         fmax
*Force-consistent energies used in optimization.
GPMin:    0 16:31:38       -4.447949*       0.2219
GPMin:    1 16:31:47       -4.520315*       0.1495
GPMin:    2 16:31:55       -4.577941*       0.1262
GPMin:    3 16:32:03       -4.657995*       0.1332
GPMin:    4 16:32:10       -4.744179*       0.1540
GPMin:    5 16:32:17       -4.816728*       0.1424
GPMin:    6 16:32:25       -4.860100*       0.1002
GPMin:    7 16:32:33       -4.881607*       0.1040
GPMin:    8 16:32:41       -4.904038*       0.0992
GPMin:    9 16:32:49       -4.921040*       0.0504
GPMin:   10 16:32:56       -4.929762*       0.0273
GPMin:   11 16:33:01       -4.931380*       0.0204
GPMin:   12 16:33:08       -4.932503*       0.0142
       Step     Time          Energy         fmax
*Force-consistent energies used in optimization.
GPMin:    0 16:33:20       -4.447949*       0.2220
GPMin:    1 16:33:29       -4.520351*       0.1494
GPMin:    2 16:33:38       -4.577937*       0.1262
GPMin:    3 16:33:46       -4.658005*       0.1332
GPMin:    4 16:33:53       -4.744172*       0.1540
GPMin:    5 16:34:00       -4.816709*       0.1424
GPMin:    6 16:34:08       -4.860084*       0.1001
GPMin:    7 16:34:16       -4.881594*       0.1040
GPMin:    8 16:34:24       -4.904038*       0.0992
GPMin:    9 16:34:32       -4.921043*       0.0504
GPMin:   10 16:34:39       -4.929762*       0.0273
GPMin:   11 16:34:45       -4.931380*       0.0207
GPMin:   12 16:34:51       -4.932503*       0.0141
       Step     Time          Energy         fmax
*Force-consistent energies used in optimization.
GPMin:    0 16:35:04       -4.126154*       0.5992
GPMin:    1 16:35:14       -4.254725*       0.1688
GPMin:    2 16:35:23       -4.303928*       0.1349
GPMin:    3 16:35:33       -4.360597*       0.1486
GPMin:    4 16:35:43       -4.427268*       0.1481
GPMin:    5 16:35:53       -4.492435*       0.1110
GPMin:    6 16:36:02       -4.554920*       0.1100
GPMin:    7 16:36:10       -4.613702*       0.1015
GPMin:    8 16:36:18       -4.660349*       0.0941
GPMin:    9 16:36:26       -4.691315*       0.1009
GPMin:   10 16:36:35       -4.721703*       0.0906
GPMin:   11 16:36:44       -4.745061*       0.0687
GPMin:   12 16:36:52       -4.767678*       0.0647
GPMin:   13 16:36:59       -4.786420*       0.0483
GPMin:   14 16:37:06       -4.798085*       0.0683
GPMin:   15 16:37:14       -4.814582*       0.0680
GPMin:   16 16:37:22       -4.830451*       0.0602
GPMin:   17 16:37:30       -4.848168*       0.0710
GPMin:   18 16:37:38       -4.873332*       0.0707
GPMin:   19 16:37:46       -4.900641*       0.0672
GPMin:   20 16:37:54       -4.920799*       0.0574
GPMin:   21 16:38:02       -4.930782*       0.0301
GPMin:   22 16:38:09       -4.931944*       0.0206
GPMin:   23 16:38:15       -4.932303*       0.0142
       Step     Time          Energy         fmax
*Force-consistent energies used in optimization.
GPMin:    0 16:38:29       -4.227998*       0.3237
GPMin:    1 16:38:39       -4.420667*       0.2330
GPMin:    2 16:38:48       -4.513202*       0.1465
GPMin:    3 16:38:57       -4.566470*       0.1661
GPMin:    4 16:39:06       -4.630503*       0.1391
GPMin:    5 16:39:14       -4.682604*       0.1175
GPMin:    6 16:39:23       -4.718991*       0.0744
GPMin:    7 16:39:31       -4.736921*       0.0832
GPMin:    8 16:39:39       -4.756217*       0.0780
GPMin:    9 16:39:47       -4.778775*       0.0841
GPMin:   10 16:39:55       -4.809306*       0.0724
GPMin:   11 16:40:03       -4.836387*       0.0776
GPMin:   12 16:40:11       -4.864307*       0.0885
GPMin:   13 16:40:19       -4.885147*       0.0869
GPMin:   14 16:40:27       -4.898728*       0.0898
GPMin:   15 16:40:35       -4.911535*       0.0583
GPMin:   16 16:40:42       -4.918239*       0.0507
GPMin:   17 16:40:48       -4.924247*       0.0478
GPMin:   18 16:40:55       -4.928049*       0.0408
GPMin:   19 16:41:01       -4.931251*       0.0303
GPMin:   20 16:41:08       -4.933083*       0.0113
       Step     Time          Energy         fmax
*Force-consistent energies used in optimization.
GPMin:    0 16:41:21       -4.366365*       0.1912
GPMin:    1 16:41:29       -4.458637*       0.0895
GPMin:    2 16:41:38       -4.470214*       0.0754
GPMin:    3 16:41:46       -4.476951*       0.0944
GPMin:    4 16:41:54       -4.518861*       0.0893
GPMin:    5 16:42:02       -4.581128*       0.1247
GPMin:    6 16:42:10       -4.665974*       0.1659
GPMin:    7 16:42:18       -4.758570*       0.1897
GPMin:    8 16:42:26       -4.844017*       0.1824
GPMin:    9 16:42:35       -4.900316*       0.1320
GPMin:   10 16:42:43       -4.919167*       0.0583
GPMin:   11 16:42:50       -4.924680*       0.0633
GPMin:   12 16:42:57       -4.930163*       0.0333
GPMin:   13 16:43:04       -4.931672*       0.0147
       Step     Time          Energy         fmax
*Force-consistent energies used in optimization.
GPMin:    0 16:43:17       -4.675393*       0.2465
GPMin:    1 16:43:26       -4.766862*       0.1623
GPMin:    2 16:43:35       -4.785730*       0.1682
GPMin:    3 16:43:44       -4.787607*       0.1571
GPMin:    4 16:43:53       -4.800151*       0.0661
GPMin:    5 16:44:00       -4.806000*       0.0395
GPMin:    6 16:44:07       -4.809123*       0.0279
GPMin:    7 16:44:14       -4.811956*       0.0396
GPMin:    8 16:44:23       -4.819236*       0.0436
GPMin:    9 16:44:31       -4.833965*       0.0476
GPMin:   10 16:44:40       -4.851254*       0.0664
GPMin:   11 16:44:49       -4.865129*       0.0559
GPMin:   12 16:44:57       -4.872091*       0.0502
GPMin:   13 16:45:04       -4.880950*       0.0399
GPMin:   14 16:45:11       -4.887399*       0.0222
GPMin:   15 16:45:19       -4.889628*       0.0132
       Step     Time          Energy         fmax
*Force-consistent energies used in optimization.
GPMin:    0 16:45:32       -4.492989*       0.7292
GPMin:    1 16:45:41       -4.693407*       0.1992
GPMin:    2 16:45:50       -4.742098*       0.1417
GPMin:    3 16:45:59       -4.782454*       0.0726
GPMin:    4 16:46:07       -4.790484*       0.0279
GPMin:    5 16:46:14       -4.792253*       0.0192
       Step     Time          Energy         fmax
*Force-consistent energies used in optimization.
GPMin:    0 16:46:32       -3.787156*       0.5817
GPMin:    1 16:46:43       -4.102551*       0.2697
GPMin:    2 16:46:54       -4.210944*       0.1354
GPMin:    3 16:47:02       -4.246158*       0.1454
GPMin:    4 16:47:11       -4.298117*       0.1521
GPMin:    5 16:47:20       -4.348053*       0.1106
GPMin:    6 16:47:28       -4.383986*       0.0782
GPMin:    7 16:47:36       -4.399645*       0.0661
GPMin:    8 16:47:44       -4.408853*       0.0525
GPMin:    9 16:47:52       -4.422576*       0.0427
GPMin:   10 16:47:59       -4.433648*       0.0369
GPMin:   11 16:48:06       -4.440358*       0.0350
GPMin:   12 16:48:13       -4.446211*       0.0327
GPMin:   13 16:48:20       -4.451841*       0.0272
GPMin:   14 16:48:27       -4.455149*       0.0228
GPMin:   15 16:48:34       -4.458161*       0.0247
GPMin:   16 16:48:41       -4.461403*       0.0254
GPMin:   17 16:48:48       -4.465300*       0.0279
GPMin:   18 16:48:55       -4.473267*       0.0454
GPMin:   19 16:49:03       -4.493437*       0.0627
GPMin:   20 16:49:11       -4.532373*       0.0901
GPMin:   21 16:49:19       -4.593331*       0.1301
GPMin:   22 16:49:26       -4.670949*       0.1611
GPMin:   23 16:49:33       -4.747511*       0.1745
GPMin:   24 16:49:41       -4.813584*       0.1567
GPMin:   25 16:49:49       -4.859465*       0.1102
GPMin:   26 16:49:56       -4.875943*       0.0740
GPMin:   27 16:50:03       -4.881366*       0.0760
GPMin:   28 16:50:10       -4.893648*       0.0775
GPMin:   29 16:50:18       -4.905411*       0.0617
GPMin:   30 16:50:24       -4.913745*       0.0461
GPMin:   31 16:50:30       -4.919906*       0.0404
GPMin:   32 16:50:37       -4.926499*       0.0324
GPMin:   33 16:50:43       -4.930701*       0.0207
GPMin:   34 16:50:50       -4.932533*       0.0171
       Step     Time          Energy         fmax
*Force-consistent energies used in optimization.
GPMin:    0 16:51:03       -4.757079*       0.3128
GPMin:    1 16:51:23       -4.769991*       0.1571
GPMin:    2 16:51:32       -4.793146*       0.0864
GPMin:    3 16:51:40       -4.796074*       0.0674
GPMin:    4 16:51:48       -4.800298*       0.0323
GPMin:    5 16:52:23       -4.821695*       0.1780
GPMin:    6 16:52:31       -4.827372*       0.2070
GPMin:    7 16:52:40       -4.833224*       0.2019
GPMin:    8 16:52:47       -4.841367*       0.1160
GPMin:    9 16:52:54       -4.847479*       0.0416
GPMin:   10 16:53:02       -4.855530*       0.0582
GPMin:   11 16:53:10       -4.869878*       0.0462
GPMin:   12 16:53:17       -4.883484*       0.0419
GPMin:   13 16:53:24       -4.887756*       0.0511
GPMin:   14 16:53:31       -4.889873*       0.0200
       Step     Time          Energy         fmax
*Force-consistent energies used in optimization.
GPMin:    0 16:53:45       -4.235255*       0.4782
GPMin:    1 16:53:54       -4.402885*       0.1745
GPMin:    2 16:54:03       -4.466790*       0.2074
GPMin:    3 16:54:11       -4.541940*       0.1719
GPMin:    4 16:54:20       -4.615890*       0.1624
GPMin:    5 16:54:29       -4.686143*       0.1692
GPMin:    6 16:54:38       -4.741060*       0.1102
GPMin:    7 16:54:47       -4.766774*       0.0558
GPMin:    8 16:54:54       -4.774232*       0.0502
GPMin:    9 16:55:01       -4.779791*       0.0385
GPMin:   10 16:55:08       -4.784188*       0.0285
GPMin:   11 16:55:15       -4.789123*       0.0226
GPMin:   12 16:55:22       -4.792223*       0.0157
       Step     Time          Energy         fmax
*Force-consistent energies used in optimization.
GPMin:    0 16:55:35       -4.400595*       0.1615
GPMin:    1 16:55:44       -4.464541*       0.0878
GPMin:    2 16:56:01       -4.474208*       0.0760
GPMin:    3 16:56:09       -4.515935*       0.0793
GPMin:    4 16:56:17       -4.575043*       0.1239
GPMin:    5 16:56:25       -4.657536*       0.1498
GPMin:    6 16:56:32       -4.747454*       0.1669
GPMin:    7 16:56:39       -4.826750*       0.1515
GPMin:    8 16:56:47       -4.876018*       0.1063
GPMin:    9 16:56:55       -4.894239*       0.0895
GPMin:   10 16:57:03       -4.908659*       0.1055
GPMin:   11 16:57:11       -4.922938*       0.0632
GPMin:   12 16:57:18       -4.930472*       0.0275
GPMin:   13 16:57:23       -4.932152*       0.0188
       Step     Time          Energy         fmax
*Force-consistent energies used in optimization.
GPMin:    0 16:57:35       -4.466744*       0.1427
GPMin:    1 16:57:44       -4.516122*       0.1307
GPMin:    2 16:57:53       -4.579784*       0.1280
GPMin:    3 16:58:01       -4.669047*       0.1558
GPMin:    4 16:58:08       -4.761870*       0.1769
GPMin:    5 16:58:16       -4.848786*       0.1654
GPMin:    6 16:58:24       -4.904685*       0.1094
GPMin:    7 16:58:32       -4.920831*       0.0439
GPMin:    8 16:58:39       -4.923630*       0.0494
GPMin:    9 16:58:46       -4.929010*       0.0232
GPMin:   10 16:58:52       -4.930953*       0.0165
       Step     Time          Energy         fmax
*Force-consistent energies used in optimization.
GPMin:    0 16:59:07       -4.349711*       0.3003
GPMin:    1 16:59:17       -4.521127*       0.2351
GPMin:    2 16:59:25       -4.636979*       0.1964
GPMin:    3 16:59:34       -4.720438*       0.1274
GPMin:    4 16:59:43       -4.763910*       0.0694
GPMin:    5 16:59:51       -4.775909*       0.0614
GPMin:    6 16:59:58       -4.783108*       0.0470
GPMin:    7 17:00:05       -4.790923*       0.0308
GPMin:    8 17:00:12       -4.795090*       0.0327
GPMin:    9 17:00:20       -4.797423*       0.0227
GPMin:   10 17:00:27       -4.798782*       0.0161
       Step     Time          Energy         fmax
*Force-consistent energies used in optimization.
GPMin:    0 17:00:39       -4.768835*       0.1922
GPMin:    1 17:00:48       -4.778118*       0.1479
GPMin:    2 17:01:08       -4.786021*       0.1977
GPMin:    3 17:01:26       -4.797973*       0.1105
GPMin:    4 17:01:34       -4.817077*       0.0626
GPMin:    5 17:01:43       -4.827552*       0.1049
GPMin:    6 17:01:52       -4.827677*       0.1971
GPMin:    7 17:02:01       -4.838272*       0.1406
GPMin:    8 17:02:17       -4.849000*       0.1021
GPMin:    9 17:02:26       -4.859909*       0.0838
GPMin:   10 17:02:33       -4.873636*       0.0444
GPMin:   11 17:02:41       -4.884162*       0.0616
GPMin:   12 17:02:48       -4.889087*       0.0304
GPMin:   13 17:02:55       -4.889686*       0.0235
GPMin:   14 17:03:02       -4.890093*       0.0056
       Step     Time          Energy         fmax
*Force-consistent energies used in optimization.
GPMin:    0 17:03:19       -4.108558*       0.2792
GPMin:    1 17:03:30       -4.274896*       0.2446
GPMin:    2 17:03:39       -4.390625*       0.2218
GPMin:    3 17:03:48       -4.480982*       0.1566
GPMin:    4 17:03:57       -4.540493*       0.1062
GPMin:    5 17:04:06       -4.581967*       0.1200
GPMin:    6 17:04:15       -4.634402*       0.1103
GPMin:    7 17:04:24       -4.685305*       0.1188
GPMin:    8 17:04:33       -4.741151*       0.1281
GPMin:    9 17:04:41       -4.793084*       0.1141
GPMin:   10 17:04:50       -4.840546*       0.1112
GPMin:   11 17:04:59       -4.872157*       0.0912
GPMin:   12 17:05:07       -4.884568*       0.1186
GPMin:   13 17:05:15       -4.901839*       0.0576
GPMin:   14 17:05:22       -4.905320*       0.0611
GPMin:   15 17:05:29       -4.911792*       0.0480
GPMin:   16 17:05:36       -4.916355*       0.0474
GPMin:   17 17:05:43       -4.921240*       0.0273
GPMin:   18 17:05:50       -4.923859*       0.0219
GPMin:   19 17:05:56       -4.926344*       0.0164
       Step     Time          Energy         fmax
*Force-consistent energies used in optimization.
GPMin:    0 17:06:09       -4.424807*       0.4346
GPMin:    1 17:06:17       -4.670427*       0.3151
GPMin:    2 17:06:26       -4.801192*       0.1763
GPMin:    3 17:06:35       -4.845009*       0.0981
GPMin:    4 17:06:43       -4.860979*       0.0815
GPMin:    5 17:06:52       -4.877167*       0.0518
GPMin:    6 17:07:00       -4.885233*       0.0275
GPMin:    7 17:07:07       -4.886997*       0.0231
GPMin:    8 17:07:14       -4.888456*       0.0134
       Step     Time          Energy         fmax
*Force-consistent energies used in optimization.
GPMin:    0 17:07:28       -4.536505*       0.6627
GPMin:    1 17:07:37       -4.730350*       0.1919
GPMin:    2 17:07:45       -4.777986*       0.0996
GPMin:    3 17:07:54       -4.791080*       0.0587
GPMin:    4 17:08:02       -4.795723*       0.0366
GPMin:    5 17:08:09       -4.798346*       0.0224
GPMin:    6 17:08:16       -4.800913*       0.0207
GPMin:    7 17:08:22       -4.802696*       0.0169
