       Step     Time          Energy         fmax
*Force-consistent energies used in optimization.
GPMin:    0 13:57:42       -5.080675*       1.0450
GPMin:    1 13:57:56       -5.393508*       0.1977
GPMin:    2 13:58:07       -5.423790*       0.1698
GPMin:    3 13:58:18       -5.448431*       0.0769
GPMin:    4 13:58:27       -5.458013*       0.0503
GPMin:    5 13:58:37       -5.466570*       0.0357
GPMin:    6 13:58:46       -5.472047*       0.0345
GPMin:    7 13:58:56       -5.481580*       0.0451
GPMin:    8 13:59:05       -5.498617*       0.0702
GPMin:    9 13:59:15       -5.526836*       0.0867
GPMin:   10 13:59:25       -5.563297*       0.0801
GPMin:   11 13:59:34       -5.589005*       0.0687
GPMin:   12 13:59:44       -5.601912*       0.0622
GPMin:   13 13:59:53       -5.616877*       0.0708
GPMin:   14 14:00:02       -5.628750*       0.0764
GPMin:   15 14:00:10       -5.647757*       0.0680
GPMin:   16 14:00:19       -5.664726*       0.0686
GPMin:   17 14:00:28       -5.685954*       0.0738
GPMin:   18 14:00:37       -5.709489*       0.0831
GPMin:   19 14:00:45       -5.736262*       0.0915
GPMin:   20 14:00:54       -5.764905*       0.0911
GPMin:   21 14:01:03       -5.786207*       0.0736
GPMin:   22 14:01:12       -5.802522*       0.0567
GPMin:   23 14:01:20       -5.813064*       0.0803
GPMin:   24 14:01:28       -5.827939*       0.0687
GPMin:   25 14:01:36       -5.845067*       0.0780
GPMin:   26 14:01:45       -5.863744*       0.0797
GPMin:   27 14:01:54       -5.883832*       0.0640
GPMin:   28 14:02:02       -5.897554*       0.0477
GPMin:   29 14:02:10       -5.902126*       0.0410
GPMin:   30 14:02:18       -5.904973*       0.0296
GPMin:   31 14:02:26       -5.906732*       0.0213
GPMin:   32 14:02:34       -5.907696*       0.0149
       Step     Time          Energy         fmax
*Force-consistent energies used in optimization.
GPMin:    0 14:02:49       -5.349926*       0.5598
GPMin:    1 14:03:00       -5.540583*       0.1668
GPMin:    2 14:03:10       -5.592909*       0.1358
GPMin:    3 14:03:19       -5.636667*       0.0736
GPMin:    4 14:03:28       -5.656719*       0.0616
GPMin:    5 14:03:37       -5.673273*       0.0760
GPMin:    6 14:03:46       -5.691297*       0.0879
GPMin:    7 14:03:54       -5.716570*       0.0856
GPMin:    8 14:04:02       -5.747738*       0.0963
GPMin:    9 14:04:11       -5.784610*       0.1077
GPMin:   10 14:04:19       -5.821763*       0.1114
GPMin:   11 14:04:28       -5.850946*       0.0957
GPMin:   12 14:04:37       -5.870575*       0.0719
GPMin:   13 14:04:45       -5.888166*       0.0637
GPMin:   14 14:04:54       -5.897870*       0.0420
GPMin:   15 14:05:02       -5.902148*       0.0384
GPMin:   16 14:05:10       -5.904857*       0.0280
GPMin:   17 14:05:17       -5.906762*       0.0204
GPMin:   18 14:05:25       -5.907675*       0.0110
       Step     Time          Energy         fmax
*Force-consistent energies used in optimization.
GPMin:    0 14:05:39       -5.312536*       0.5086
GPMin:    1 14:05:49       -5.490752*       0.2274
GPMin:    2 14:05:58       -5.580455*       0.1419
GPMin:    3 14:06:08       -5.623215*       0.1169
GPMin:    4 14:06:16       -5.640688*       0.1144
GPMin:    5 14:06:24       -5.671424*       0.1105
GPMin:    6 14:06:32       -5.700650*       0.1022
GPMin:    7 14:06:41       -5.726148*       0.0892
GPMin:    8 14:06:49       -5.753898*       0.0932
GPMin:    9 14:06:58       -5.789832*       0.1055
GPMin:   10 14:07:07       -5.823343*       0.1096
GPMin:   11 14:07:15       -5.851592*       0.0909
GPMin:   12 14:07:24       -5.873636*       0.0656
GPMin:   13 14:07:33       -5.888878*       0.0625
GPMin:   14 14:07:40       -5.898632*       0.0415
GPMin:   15 14:07:48       -5.902704*       0.0377
GPMin:   16 14:07:56       -5.905265*       0.0270
GPMin:   17 14:08:04       -5.907281*       0.0175
       Step     Time          Energy         fmax
*Force-consistent energies used in optimization.
GPMin:    0 14:08:22       -5.247410*       0.6156
GPMin:    1 14:08:33       -5.472760*       0.2478
GPMin:    2 14:08:45       -5.516460*       0.1245
GPMin:    3 14:08:56       -5.539065*       0.0944
GPMin:    4 14:09:05       -5.555551*       0.0677
GPMin:    5 14:09:15       -5.574313*       0.0710
GPMin:    6 14:09:25       -5.593906*       0.0691
GPMin:    7 14:09:34       -5.609136*       0.0514
GPMin:    8 14:09:42       -5.620996*       0.0486
GPMin:    9 14:09:51       -5.636063*       0.0464
GPMin:   10 14:10:00       -5.656758*       0.0580
GPMin:   11 14:10:08       -5.686926*       0.0649
GPMin:   12 14:10:17       -5.723830*       0.0802
GPMin:   13 14:10:26       -5.768539*       0.0949
GPMin:   14 14:10:35       -5.814603*       0.0916
GPMin:   15 14:10:44       -5.855997*       0.0965
GPMin:   16 14:10:53       -5.886261*       0.0709
GPMin:   17 14:11:02       -5.898692*       0.0392
GPMin:   18 14:11:09       -5.901679*       0.0369
GPMin:   19 14:11:17       -5.905147*       0.0221
GPMin:   20 14:11:25       -5.906555*       0.0188
       Step     Time          Energy         fmax
*Force-consistent energies used in optimization.
GPMin:    0 14:11:39       -5.288422*       0.5442
GPMin:    1 14:11:48       -5.483657*       0.2040
GPMin:    2 14:11:57       -5.543785*       0.1780
GPMin:    3 14:12:07       -5.604252*       0.1193
GPMin:    4 14:12:16       -5.646608*       0.0911
GPMin:    5 14:12:24       -5.681248*       0.0988
GPMin:    6 14:12:33       -5.710923*       0.0771
GPMin:    7 14:12:42       -5.730897*       0.0650
GPMin:    8 14:12:50       -5.743374*       0.0487
GPMin:    9 14:12:59       -5.752198*       0.0408
GPMin:   10 14:13:08       -5.758432*       0.0593
GPMin:   11 14:13:17       -5.771688*       0.0407
GPMin:   12 14:13:24       -5.778662*       0.0368
GPMin:   13 14:13:33       -5.787965*       0.0537
GPMin:   14 14:13:41       -5.803517*       0.0600
GPMin:   15 14:13:49       -5.824932*       0.0659
GPMin:   16 14:13:57       -5.850736*       0.0709
GPMin:   17 14:14:06       -5.876706*       0.0732
GPMin:   18 14:14:15       -5.894539*       0.0542
GPMin:   19 14:14:24       -5.901715*       0.0308
GPMin:   20 14:14:31       -5.904089*       0.0297
GPMin:   21 14:14:38       -5.906850*       0.0204
GPMin:   22 14:14:45       -5.907878*       0.0169
       Step     Time          Energy         fmax
*Force-consistent energies used in optimization.
GPMin:    0 14:14:58       -5.294073*       0.6838
GPMin:    1 14:15:08       -5.536787*       0.1316
GPMin:    2 14:15:18       -5.554765*       0.1370
GPMin:    3 14:15:26       -5.577672*       0.0736
GPMin:    4 14:15:35       -5.587190*       0.0482
GPMin:    5 14:15:44       -5.596941*       0.0489
GPMin:    6 14:15:52       -5.606582*       0.0395
GPMin:    7 14:16:01       -5.619504*       0.0592
GPMin:    8 14:16:10       -5.642173*       0.0839
GPMin:    9 14:16:19       -5.679507*       0.1109
GPMin:   10 14:16:27       -5.729968*       0.1345
GPMin:   11 14:16:36       -5.788627*       0.1422
GPMin:   12 14:16:45       -5.837194*       0.1120
GPMin:   13 14:16:54       -5.859153*       0.0765
GPMin:   14 14:17:02       -5.871512*       0.0847
GPMin:   15 14:17:11       -5.889034*       0.0551
GPMin:   16 14:17:20       -5.898580*       0.0345
GPMin:   17 14:17:28       -5.903619*       0.0277
GPMin:   18 14:17:35       -5.906158*       0.0223
GPMin:   19 14:17:43       -5.907402*       0.0153
       Step     Time          Energy         fmax
*Force-consistent energies used in optimization.
GPMin:    0 14:17:57       -5.386676*       0.3449
GPMin:    1 14:18:07       -5.522021*       0.1986
GPMin:    2 14:18:17       -5.593670*       0.1416
GPMin:    3 14:18:26       -5.640549*       0.0723
GPMin:    4 14:18:34       -5.668033*       0.0693
GPMin:    5 14:18:44       -5.694114*       0.0624
GPMin:    6 14:18:54       -5.730172*       0.0841
GPMin:    7 14:19:03       -5.773818*       0.1022
GPMin:    8 14:19:12       -5.824208*       0.0891
GPMin:    9 14:19:21       -5.865421*       0.0828
GPMin:   10 14:19:29       -5.890222*       0.0549
GPMin:   11 14:19:38       -5.899038*       0.0463
GPMin:   12 14:19:46       -5.902310*       0.0340
GPMin:   13 14:19:53       -5.905696*       0.0231
GPMin:   14 14:20:01       -5.907136*       0.0221
GPMin:   15 14:20:09       -5.908011*       0.0098
       Step     Time          Energy         fmax
*Force-consistent energies used in optimization.
GPMin:    0 14:20:23       -5.621049*       0.1450
GPMin:    1 14:20:33       -5.653883*       0.1466
GPMin:    2 14:20:42       -5.682990*       0.0933
GPMin:    3 14:20:51       -5.717489*       0.0886
GPMin:    4 14:21:00       -5.752647*       0.0989
GPMin:    5 14:21:08       -5.795245*       0.1056
GPMin:    6 14:21:17       -5.833660*       0.0942
GPMin:    7 14:21:26       -5.860618*       0.0694
GPMin:    8 14:21:34       -5.883146*       0.0631
GPMin:    9 14:21:43       -5.898959*       0.0379
GPMin:   10 14:21:51       -5.904060*       0.0246
GPMin:   11 14:21:58       -5.906795*       0.0222
GPMin:   12 14:22:06       -5.907961*       0.0099
       Step     Time          Energy         fmax
*Force-consistent energies used in optimization.
GPMin:    0 14:22:21       -5.114508*       0.6343
GPMin:    1 14:22:32       -5.278815*       0.1704
GPMin:    2 14:22:41       -5.325953*       0.1548
GPMin:    3 14:22:50       -5.389809*       0.1598
GPMin:    4 14:22:58       -5.457029*       0.1736
GPMin:    5 14:23:07       -5.530512*       0.1576
GPMin:    6 14:23:16       -5.584350*       0.1124
GPMin:    7 14:23:23       -5.621198*       0.1204
GPMin:    8 14:23:32       -5.648472*       0.1271
GPMin:    9 14:23:41       -5.678759*       0.1270
GPMin:   10 14:23:49       -5.711745*       0.1172
GPMin:   11 14:23:57       -5.736519*       0.0977
GPMin:   12 14:24:06       -5.759010*       0.0935
GPMin:   13 14:24:14       -5.782053*       0.0941
GPMin:   14 14:24:23       -5.806193*       0.0777
GPMin:   15 14:24:32       -5.824707*       0.0609
GPMin:   16 14:24:40       -5.839362*       0.0688
GPMin:   17 14:24:49       -5.857682*       0.0743
GPMin:   18 14:24:58       -5.876491*       0.0720
GPMin:   19 14:25:07       -5.891310*       0.0566
GPMin:   20 14:25:15       -5.900109*       0.0399
GPMin:   21 14:25:22       -5.903419*       0.0306
GPMin:   22 14:25:30       -5.905948*       0.0249
GPMin:   23 14:25:38       -5.907346*       0.0167
       Step     Time          Energy         fmax
*Force-consistent energies used in optimization.
GPMin:    0 14:25:52       -5.243845*       0.2619
GPMin:    1 14:26:03       -5.374209*       0.1515
GPMin:    2 14:26:12       -5.431194*       0.1136
GPMin:    3 14:26:22       -5.471757*       0.0955
GPMin:    4 14:26:31       -5.502823*       0.0555
GPMin:    5 14:26:39       -5.514483*       0.0457
GPMin:    6 14:26:48       -5.523368*       0.0489
GPMin:    7 14:26:56       -5.533649*       0.0370
GPMin:    8 14:27:04       -5.551632*       0.0604
GPMin:    9 14:27:13       -5.585288*       0.0723
GPMin:   10 14:27:23       -5.626688*       0.0716
GPMin:   11 14:27:33       -5.662747*       0.0784
GPMin:   12 14:27:41       -5.687829*       0.0817
GPMin:   13 14:27:50       -5.709304*       0.0783
GPMin:   14 14:27:59       -5.727691*       0.0581
GPMin:   15 14:28:07       -5.739612*       0.0370
GPMin:   16 14:28:15       -5.745537*       0.0338
GPMin:   17 14:28:23       -5.750034*       0.0294
GPMin:   18 14:28:31       -5.754068*       0.0247
GPMin:   19 14:28:38       -5.756113*       0.0178
       Step     Time          Energy         fmax
*Force-consistent energies used in optimization.
GPMin:    0 14:28:55       -5.278319*       0.6200
GPMin:    1 14:29:05       -5.452543*       0.1682
GPMin:    2 14:29:14       -5.494268*       0.1411
GPMin:    3 14:29:22       -5.547203*       0.0841
GPMin:    4 14:29:31       -5.573209*       0.0712
GPMin:    5 14:29:39       -5.587846*       0.0766
GPMin:    6 14:29:47       -5.604228*       0.0909
GPMin:    7 14:29:56       -5.631132*       0.1089
GPMin:    8 14:30:04       -5.671591*       0.1184
GPMin:    9 14:30:13       -5.715595*       0.1124
GPMin:   10 14:30:22       -5.745349*       0.1006
GPMin:   11 14:30:31       -5.772115*       0.1069
GPMin:   12 14:30:39       -5.805914*       0.1178
GPMin:   13 14:30:49       -5.844173*       0.1104
GPMin:   14 14:30:59       -5.874254*       0.0777
GPMin:   15 14:31:08       -5.887558*       0.0570
GPMin:   16 14:31:16       -5.897197*       0.0440
GPMin:   17 14:31:24       -5.902625*       0.0334
GPMin:   18 14:31:32       -5.904916*       0.0288
GPMin:   19 14:31:40       -5.906742*       0.0211
GPMin:   20 14:31:46       -5.907687*       0.0134
       Step     Time          Energy         fmax
*Force-consistent energies used in optimization.
GPMin:    0 14:32:01       -5.312536*       0.5085
GPMin:    1 14:32:11       -5.490758*       0.2273
GPMin:    2 14:32:20       -5.580461*       0.1419
GPMin:    3 14:32:30       -5.623218*       0.1169
GPMin:    4 14:32:38       -5.640694*       0.1144
GPMin:    5 14:32:46       -5.671429*       0.1105
GPMin:    6 14:32:54       -5.700653*       0.1021
GPMin:    7 14:33:03       -5.726149*       0.0892
GPMin:    8 14:33:11       -5.753898*       0.0932
GPMin:    9 14:33:20       -5.789830*       0.1055
GPMin:   10 14:33:29       -5.823342*       0.1096
GPMin:   11 14:33:37       -5.851592*       0.0909
GPMin:   12 14:33:46       -5.873636*       0.0656
GPMin:   13 14:33:55       -5.888879*       0.0626
GPMin:   14 14:34:02       -5.898632*       0.0415
GPMin:   15 14:34:10       -5.902703*       0.0377
GPMin:   16 14:34:18       -5.905265*       0.0270
GPMin:   17 14:34:25       -5.907281*       0.0175
       Step     Time          Energy         fmax
*Force-consistent energies used in optimization.
GPMin:    0 14:34:40       -5.083041*       0.6815
GPMin:    1 14:34:50       -5.388229*       0.2175
GPMin:    2 14:35:00       -5.447086*       0.1586
GPMin:    3 14:35:08       -5.478735*       0.1163
GPMin:    4 14:35:18       -5.509665*       0.0860
GPMin:    5 14:35:27       -5.532268*       0.0697
GPMin:    6 14:35:35       -5.548917*       0.0597
GPMin:    7 14:35:43       -5.559193*       0.0535
GPMin:    8 14:35:51       -5.565421*       0.0406
GPMin:    9 14:35:58       -5.572499*       0.0387
GPMin:   10 14:36:06       -5.583554*       0.0435
GPMin:   11 14:36:15       -5.599665*       0.0510
GPMin:   12 14:36:23       -5.624719*       0.0749
GPMin:   13 14:36:32       -5.659985*       0.0941
GPMin:   14 14:36:41       -5.699966*       0.0987
GPMin:   15 14:36:49       -5.737109*       0.0777
GPMin:   16 14:36:58       -5.758824*       0.0674
GPMin:   17 14:37:07       -5.771009*       0.0568
GPMin:   18 14:37:16       -5.782896*       0.0578
GPMin:   19 14:37:25       -5.792732*       0.0582
GPMin:   20 14:37:33       -5.803544*       0.0632
GPMin:   21 14:37:42       -5.817556*       0.0611
GPMin:   22 14:37:51       -5.835506*       0.0597
GPMin:   23 14:38:00       -5.859665*       0.0663
GPMin:   24 14:38:08       -5.882655*       0.0631
GPMin:   25 14:38:17       -5.898191*       0.0430
GPMin:   26 14:38:25       -5.903335*       0.0279
GPMin:   27 14:38:32       -5.904489*       0.0251
GPMin:   28 14:38:40       -5.907050*       0.0187
       Step     Time          Energy         fmax
*Force-consistent energies used in optimization.
GPMin:    0 14:38:54       -5.240131*       0.7559
GPMin:    1 14:39:06       -5.468041*       0.1164
GPMin:    2 14:39:16       -5.489336*       0.1403
GPMin:    3 14:39:25       -5.516023*       0.0821
GPMin:    4 14:39:33       -5.536234*       0.0621
GPMin:    5 14:39:42       -5.551524*       0.0575
GPMin:    6 14:39:51       -5.570736*       0.0524
GPMin:    7 14:39:59       -5.594352*       0.0611
GPMin:    8 14:40:08       -5.627154*       0.0627
GPMin:    9 14:40:17       -5.662572*       0.0787
GPMin:   10 14:40:26       -5.701281*       0.0901
GPMin:   11 14:40:35       -5.739447*       0.1003
GPMin:   12 14:40:45       -5.773485*       0.1009
GPMin:   13 14:40:54       -5.804001*       0.0621
GPMin:   14 14:41:02       -5.821561*       0.0591
GPMin:   15 14:41:10       -5.834366*       0.0642
GPMin:   16 14:41:18       -5.849670*       0.0715
GPMin:   17 14:41:25       -5.869182*       0.0784
GPMin:   18 14:41:34       -5.888371*       0.0671
GPMin:   19 14:41:43       -5.900878*       0.0357
GPMin:   20 14:41:51       -5.903917*       0.0289
GPMin:   21 14:41:57       -5.905726*       0.0294
GPMin:   22 14:42:05       -5.907474*       0.0153
       Step     Time          Energy         fmax
*Force-consistent energies used in optimization.
GPMin:    0 14:42:19       -5.044721*       0.6807
GPMin:    1 14:42:30       -5.258929*       0.2015
GPMin:    2 14:42:39       -5.346893*       0.1999
GPMin:    3 14:42:49       -5.440489*       0.2051
GPMin:    4 14:42:58       -5.511572*       0.1880
GPMin:    5 14:43:08       -5.571152*       0.1565
GPMin:    6 14:43:17       -5.615680*       0.1045
GPMin:    7 14:43:25       -5.639708*       0.0705
GPMin:    8 14:43:33       -5.653198*       0.0671
GPMin:    9 14:43:41       -5.668584*       0.0836
GPMin:   10 14:43:49       -5.691583*       0.0947
GPMin:   11 14:43:58       -5.717523*       0.0872
GPMin:   12 14:44:07       -5.737537*       0.0540
GPMin:   13 14:44:14       -5.744904*       0.0288
GPMin:   14 14:44:22       -5.746489*       0.0261
GPMin:   15 14:44:30       -5.748669*       0.0256
GPMin:   16 14:44:37       -5.750618*       0.0257
GPMin:   17 14:44:45       -5.753814*       0.0325
GPMin:   18 14:44:53       -5.760742*       0.0373
GPMin:   19 14:45:01       -5.770343*       0.0352
GPMin:   20 14:45:08       -5.782668*       0.0515
GPMin:   21 14:45:16       -5.795823*       0.0637
GPMin:   22 14:45:25       -5.812540*       0.0691
GPMin:   23 14:45:34       -5.830155*       0.0809
GPMin:   24 14:45:42       -5.853864*       0.0867
GPMin:   25 14:45:51       -5.877449*       0.0744
GPMin:   26 14:46:00       -5.894024*       0.0502
GPMin:   27 14:46:08       -5.901036*       0.0411
GPMin:   28 14:46:16       -5.903740*       0.0348
GPMin:   29 14:46:24       -5.906034*       0.0284
GPMin:   30 14:46:32       -5.907326*       0.0228
GPMin:   31 14:46:40       -5.908113*       0.0105
       Step     Time          Energy         fmax
*Force-consistent energies used in optimization.
GPMin:    0 14:46:54       -5.154353*       0.7087
GPMin:    1 14:47:04       -5.376483*       0.2601
GPMin:    2 14:47:15       -5.425060*       0.1948
GPMin:    3 14:47:24       -5.495292*       0.1570
GPMin:    4 14:47:34       -5.547683*       0.1038
GPMin:    5 14:47:43       -5.576592*       0.0882
GPMin:    6 14:47:52       -5.611525*       0.0900
GPMin:    7 14:48:01       -5.649130*       0.0986
GPMin:    8 14:48:10       -5.682373*       0.0955
GPMin:    9 14:48:19       -5.715545*       0.0783
GPMin:   10 14:48:27       -5.737363*       0.0551
GPMin:   11 14:48:35       -5.745673*       0.0377
GPMin:   12 14:48:43       -5.749673*       0.0283
GPMin:   13 14:48:51       -5.752360*       0.0274
GPMin:   14 14:48:58       -5.755933*       0.0321
GPMin:   15 14:49:06       -5.761366*       0.0433
GPMin:   16 14:49:14       -5.769954*       0.0359
GPMin:   17 14:49:22       -5.779800*       0.0381
GPMin:   18 14:49:30       -5.791970*       0.0486
GPMin:   19 14:49:38       -5.806743*       0.0618
GPMin:   20 14:49:47       -5.826427*       0.0701
GPMin:   21 14:49:56       -5.851659*       0.0792
GPMin:   22 14:50:06       -5.878733*       0.0702
GPMin:   23 14:50:14       -5.896002*       0.0391
GPMin:   24 14:50:22       -5.900879*       0.0334
GPMin:   25 14:50:30       -5.904393*       0.0314
GPMin:   26 14:50:38       -5.906275*       0.0218
GPMin:   27 14:50:46       -5.907329*       0.0184
       Step     Time          Energy         fmax
*Force-consistent energies used in optimization.
GPMin:    0 14:50:59       -5.290255*       0.4759
GPMin:    1 14:51:09       -5.462991*       0.2168
GPMin:    2 14:51:19       -5.533435*       0.1369
GPMin:    3 14:51:28       -5.587305*       0.1425
GPMin:    4 14:51:36       -5.632594*       0.1096
GPMin:    5 14:51:45       -5.667421*       0.1048
GPMin:    6 14:51:54       -5.691693*       0.0941
GPMin:    7 14:52:02       -5.713711*       0.0806
GPMin:    8 14:52:11       -5.737233*       0.0856
GPMin:    9 14:52:20       -5.767205*       0.0984
GPMin:   10 14:52:28       -5.801119*       0.1024
GPMin:   11 14:52:37       -5.828877*       0.0839
GPMin:   12 14:52:46       -5.846818*       0.0681
GPMin:   13 14:52:55       -5.865823*       0.0685
GPMin:   14 14:53:03       -5.884505*       0.0677
GPMin:   15 14:53:11       -5.895540*       0.0490
GPMin:   16 14:53:19       -5.901002*       0.0418
GPMin:   17 14:53:26       -5.904416*       0.0239
GPMin:   18 14:53:34       -5.906615*       0.0168
       Step     Time          Energy         fmax
*Force-consistent energies used in optimization.
GPMin:    0 14:53:48       -5.457986*       0.1840
GPMin:    1 14:53:59       -5.550246*       0.1160
GPMin:    2 14:54:08       -5.579716*       0.0599
GPMin:    3 14:54:16       -5.585829*       0.0210
GPMin:    4 14:54:24       -5.588525*       0.0246
GPMin:    5 14:54:33       -5.592532*       0.0350
GPMin:    6 14:54:41       -5.599951*       0.0379
GPMin:    7 14:54:49       -5.616124*       0.0612
GPMin:    8 14:54:58       -5.645522*       0.0774
GPMin:    9 14:55:07       -5.692147*       0.1170
GPMin:   10 14:55:14       -5.752019*       0.1470
GPMin:   11 14:55:23       -5.819498*       0.1447
GPMin:   12 14:55:32       -5.869799*       0.0944
GPMin:   13 14:55:41       -5.888732*       0.0605
GPMin:   14 14:55:48       -5.898174*       0.0585
GPMin:   15 14:55:56       -5.903858*       0.0283
GPMin:   16 14:56:04       -5.905995*       0.0228
GPMin:   17 14:56:11       -5.907858*       0.0118
       Step     Time          Energy         fmax
*Force-consistent energies used in optimization.
GPMin:    0 14:56:28       -4.575597*       0.8665
GPMin:    1 14:56:40       -4.926078*       0.3946
GPMin:    2 14:56:50       -5.091141*       0.3360
GPMin:    3 14:57:00       -5.221973*       0.2844
GPMin:    4 14:57:10       -5.323027*       0.2654
GPMin:    5 14:57:19       -5.416920*       0.2289
GPMin:    6 14:57:29       -5.505391*       0.1758
GPMin:    7 14:57:37       -5.563086*       0.1314
GPMin:    8 14:57:46       -5.598235*       0.1114
GPMin:    9 14:57:55       -5.626916*       0.1115
GPMin:   10 14:58:02       -5.654243*       0.1210
GPMin:   11 14:58:11       -5.683934*       0.1248
GPMin:   12 14:58:20       -5.719340*       0.1112
GPMin:   13 14:58:29       -5.755948*       0.1249
GPMin:   14 14:58:37       -5.792314*       0.1186
GPMin:   15 14:58:46       -5.822796*       0.0868
GPMin:   16 14:58:55       -5.842895*       0.0686
GPMin:   17 14:59:02       -5.854039*       0.0675
GPMin:   18 14:59:10       -5.866489*       0.0761
GPMin:   19 14:59:18       -5.880785*       0.0676
GPMin:   20 14:59:25       -5.892491*       0.0620
GPMin:   21 14:59:33       -5.899763*       0.0465
GPMin:   22 14:59:41       -5.903725*       0.0302
GPMin:   23 14:59:49       -5.905751*       0.0276
GPMin:   24 14:59:56       -5.906598*       0.0254
GPMin:   25 15:00:03       -5.907207*       0.0169
       Step     Time          Energy         fmax
*Force-consistent energies used in optimization.
GPMin:    0 15:00:17       -5.164932*       0.4424
GPMin:    1 15:00:28       -5.324328*       0.1365
GPMin:    2 15:00:37       -5.364662*       0.1636
GPMin:    3 15:00:46       -5.413592*       0.1396
GPMin:    4 15:00:55       -5.460534*       0.1114
GPMin:    5 15:01:03       -5.494124*       0.0979
GPMin:    6 15:01:11       -5.527581*       0.1063
GPMin:    7 15:01:21       -5.574990*       0.1220
GPMin:    8 15:01:31       -5.620379*       0.1359
GPMin:    9 15:01:39       -5.670800*       0.1438
GPMin:   10 15:01:48       -5.715555*       0.1167
GPMin:   11 15:01:57       -5.739517*       0.0732
GPMin:   12 15:02:06       -5.754970*       0.0889
GPMin:   13 15:02:15       -5.771695*       0.0780
GPMin:   14 15:02:23       -5.786983*       0.0587
GPMin:   15 15:02:32       -5.800917*       0.0471
GPMin:   16 15:02:40       -5.811456*       0.0533
GPMin:   17 15:02:48       -5.823007*       0.0654
GPMin:   18 15:02:56       -5.842530*       0.0790
GPMin:   19 15:03:05       -5.867147*       0.0805
GPMin:   20 15:03:14       -5.888807*       0.0629
GPMin:   21 15:03:23       -5.900887*       0.0346
GPMin:   22 15:03:31       -5.903610*       0.0329
GPMin:   23 15:03:38       -5.905791*       0.0235
GPMin:   24 15:03:46       -5.907088*       0.0206
GPMin:   25 15:03:53       -5.907902*       0.0097
       Step     Time          Energy         fmax
*Force-consistent energies used in optimization.
GPMin:    0 15:04:07       -5.294274*       0.7000
GPMin:    1 15:04:17       -5.532366*       0.2423
GPMin:    2 15:04:26       -5.598789*       0.1662
GPMin:    3 15:04:36       -5.640127*       0.1184
GPMin:    4 15:04:45       -5.682595*       0.1119
GPMin:    5 15:04:53       -5.716276*       0.1203
GPMin:    6 15:05:02       -5.750932*       0.1074
GPMin:    7 15:05:11       -5.777514*       0.0716
GPMin:    8 15:05:19       -5.791053*       0.0586
GPMin:    9 15:05:28       -5.801824*       0.0659
GPMin:   10 15:05:37       -5.814535*       0.0552
GPMin:   11 15:05:45       -5.831730*       0.0687
GPMin:   12 15:05:53       -5.854243*       0.0769
GPMin:   13 15:06:02       -5.878766*       0.0681
GPMin:   14 15:06:11       -5.894641*       0.0551
GPMin:   15 15:06:18       -5.901575*       0.0352
GPMin:   16 15:06:26       -5.904322*       0.0264
GPMin:   17 15:06:33       -5.906242*       0.0231
GPMin:   18 15:06:40       -5.907715*       0.0169
       Step     Time          Energy         fmax
*Force-consistent energies used in optimization.
GPMin:    0 15:06:54       -5.181609*       0.4458
GPMin:    1 15:07:05       -5.375450*       0.1356
GPMin:    2 15:07:15       -5.399880*       0.1093
GPMin:    3 15:07:23       -5.419829*       0.0671
GPMin:    4 15:07:32       -5.435255*       0.0867
GPMin:    5 15:07:41       -5.457369*       0.0780
GPMin:    6 15:07:49       -5.484934*       0.0869
GPMin:    7 15:07:59       -5.529538*       0.1022
GPMin:    8 15:08:09       -5.585635*       0.1421
GPMin:    9 15:08:17       -5.658790*       0.1560
GPMin:   10 15:08:27       -5.720930*       0.1280
GPMin:   11 15:08:37       -5.750467*       0.0668
GPMin:   12 15:08:44       -5.756704*       0.0353
GPMin:   13 15:08:52       -5.758938*       0.0215
GPMin:   14 15:09:00       -5.760046*       0.0170
       Step     Time          Energy         fmax
*Force-consistent energies used in optimization.
GPMin:    0 15:09:14       -5.209964*       0.8006
GPMin:    1 15:09:24       -5.408624*       0.1659
GPMin:    2 15:09:34       -5.462004*       0.1460
GPMin:    3 15:09:43       -5.512120*       0.1226
GPMin:    4 15:09:53       -5.551098*       0.0900
GPMin:    5 15:10:02       -5.572962*       0.0438
GPMin:    6 15:10:09       -5.578722*       0.0336
GPMin:    7 15:10:16       -5.580090*       0.0245
GPMin:    8 15:10:24       -5.582164*       0.0204
GPMin:    9 15:10:31       -5.585724*       0.0259
GPMin:   10 15:10:39       -5.590330*       0.0290
GPMin:   11 15:10:47       -5.597954*       0.0349
GPMin:   12 15:10:54       -5.608995*       0.0464
GPMin:   13 15:11:02       -5.625797*       0.0588
GPMin:   14 15:11:11       -5.646684*       0.0714
GPMin:   15 15:11:19       -5.678004*       0.0832
GPMin:   16 15:11:28       -5.713564*       0.0817
GPMin:   17 15:11:37       -5.734154*       0.0543
GPMin:   18 15:11:44       -5.741865*       0.0317
GPMin:   19 15:11:51       -5.743228*       0.0228
GPMin:   20 15:11:58       -5.744758*       0.0210
GPMin:   21 15:12:05       -5.746249*       0.0179
       Step     Time          Energy         fmax
*Force-consistent energies used in optimization.
GPMin:    0 15:12:20       -5.236849*       0.2729
GPMin:    1 15:12:30       -5.385754*       0.2194
GPMin:    2 15:12:40       -5.493134*       0.1828
GPMin:    3 15:12:49       -5.586411*       0.1381
GPMin:    4 15:12:59       -5.656192*       0.0896
GPMin:    5 15:13:08       -5.696075*       0.0654
GPMin:    6 15:13:15       -5.714284*       0.0642
GPMin:    7 15:13:23       -5.728217*       0.0820
GPMin:    8 15:13:32       -5.746044*       0.0774
GPMin:    9 15:13:40       -5.764628*       0.0612
GPMin:   10 15:13:49       -5.779357*       0.0491
GPMin:   11 15:13:58       -5.789231*       0.0563
GPMin:   12 15:14:06       -5.800181*       0.0496
GPMin:   13 15:14:15       -5.814046*       0.0647
GPMin:   14 15:14:24       -5.834755*       0.0801
GPMin:   15 15:14:33       -5.859364*       0.0794
GPMin:   16 15:14:41       -5.881250*       0.0625
GPMin:   17 15:14:50       -5.896113*       0.0515
GPMin:   18 15:14:58       -5.902350*       0.0365
GPMin:   19 15:15:06       -5.904928*       0.0241
GPMin:   20 15:15:13       -5.906551*       0.0224
GPMin:   21 15:15:20       -5.907697*       0.0138
       Step     Time          Energy         fmax
*Force-consistent energies used in optimization.
GPMin:    0 15:15:33       -5.233266*       0.7078
GPMin:    1 15:15:44       -5.463965*       0.1200
GPMin:    2 15:15:53       -5.479646*       0.1470
GPMin:    3 15:16:02       -5.507465*       0.0775
GPMin:    4 15:16:11       -5.517995*       0.0515
GPMin:    5 15:16:19       -5.524858*       0.0410
GPMin:    6 15:16:28       -5.532497*       0.0289
GPMin:    7 15:16:36       -5.538565*       0.0371
GPMin:    8 15:16:44       -5.552822*       0.0487
GPMin:    9 15:16:53       -5.576695*       0.0745
GPMin:   10 15:17:02       -5.614592*       0.1006
GPMin:   11 15:17:12       -5.663437*       0.1194
GPMin:   12 15:17:21       -5.708763*       0.1037
GPMin:   13 15:17:30       -5.737098*       0.0655
GPMin:   14 15:17:38       -5.747191*       0.0413
GPMin:   15 15:17:46       -5.749723*       0.0254
GPMin:   16 15:17:53       -5.751091*       0.0239
GPMin:   17 15:18:01       -5.753081*       0.0218
GPMin:   18 15:18:09       -5.755126*       0.0194
       Step     Time          Energy         fmax
*Force-consistent energies used in optimization.
GPMin:    0 15:18:22       -5.556131*       0.2320
GPMin:    1 15:18:31       -5.642581*       0.1302
GPMin:    2 15:18:41       -5.682832*       0.1026
GPMin:    3 15:18:51       -5.709450*       0.0688
GPMin:    4 15:18:59       -5.723853*       0.0425
GPMin:    5 15:19:08       -5.731410*       0.0270
GPMin:    6 15:19:17       -5.738385*       0.0393
GPMin:    7 15:19:26       -5.751871*       0.0448
GPMin:    8 15:19:36       -5.766442*       0.0441
GPMin:    9 15:19:45       -5.776749*       0.0418
GPMin:   10 15:19:53       -5.791332*       0.0442
GPMin:   11 15:20:02       -5.812152*       0.0572
GPMin:   12 15:20:11       -5.837443*       0.0699
GPMin:   13 15:20:19       -5.867015*       0.0745
GPMin:   14 15:20:28       -5.892098*       0.0572
GPMin:   15 15:20:37       -5.902913*       0.0270
GPMin:   16 15:20:44       -5.905591*       0.0232
GPMin:   17 15:20:52       -5.907580*       0.0156
       Step     Time          Energy         fmax
*Force-consistent energies used in optimization.
GPMin:    0 15:21:06       -5.396409*       0.6687
GPMin:    1 15:21:17       -5.649712*       0.1405
GPMin:    2 15:21:27       -5.679437*       0.1230
GPMin:    3 15:21:35       -5.704341*       0.0898
GPMin:    4 15:21:44       -5.720921*       0.0845
GPMin:    5 15:21:53       -5.748874*       0.0802
GPMin:    6 15:22:02       -5.775366*       0.0775
GPMin:    7 15:22:10       -5.796470*       0.0605
GPMin:    8 15:22:20       -5.809304*       0.0776
GPMin:    9 15:22:29       -5.827026*       0.0688
GPMin:   10 15:22:37       -5.848556*       0.0676
GPMin:   11 15:22:45       -5.871099*       0.0726
GPMin:   12 15:22:54       -5.889687*       0.0534
GPMin:   13 15:23:03       -5.899903*       0.0408
GPMin:   14 15:23:11       -5.903771*       0.0281
GPMin:   15 15:23:18       -5.905985*       0.0234
GPMin:   16 15:23:25       -5.907393*       0.0145
       Step     Time          Energy         fmax
*Force-consistent energies used in optimization.
GPMin:    0 15:23:38       -5.710202*       0.1649
GPMin:    1 15:23:49       -5.734505*       0.1387
GPMin:    2 15:24:00       -5.745264*       0.1241
GPMin:    3 15:24:09       -5.756036*       0.0796
GPMin:    4 15:24:29       -5.763392*       0.0185
       Step     Time          Energy         fmax
*Force-consistent energies used in optimization.
GPMin:    0 15:24:42       -5.303505*       0.2858
GPMin:    1 15:24:52       -5.429208*       0.2320
GPMin:    2 15:25:01       -5.510514*       0.1368
GPMin:    3 15:25:10       -5.565695*       0.1280
GPMin:    4 15:25:19       -5.609803*       0.1030
GPMin:    5 15:25:28       -5.638802*       0.1088
GPMin:    6 15:25:36       -5.663509*       0.1126
GPMin:    7 15:25:45       -5.694583*       0.0961
GPMin:    8 15:25:54       -5.718784*       0.0841
GPMin:    9 15:26:02       -5.742226*       0.0932
GPMin:   10 15:26:11       -5.772285*       0.1103
GPMin:   11 15:26:20       -5.813138*       0.1312
GPMin:   12 15:26:29       -5.852717*       0.1266
GPMin:   13 15:26:37       -5.881901*       0.0877
GPMin:   14 15:26:46       -5.896268*       0.0395
GPMin:   15 15:26:54       -5.900951*       0.0371
GPMin:   16 15:27:02       -5.904719*       0.0229
GPMin:   17 15:27:08       -5.906210*       0.0186
       Step     Time          Energy         fmax
*Force-consistent energies used in optimization.
GPMin:    0 15:27:24       -5.209964*       0.8006
GPMin:    1 15:27:34       -5.408618*       0.1659
GPMin:    2 15:27:44       -5.462000*       0.1460
GPMin:    3 15:27:54       -5.512120*       0.1226
GPMin:    4 15:28:04       -5.551100*       0.0900
GPMin:    5 15:28:12       -5.572964*       0.0438
GPMin:    6 15:28:20       -5.578722*       0.0336
GPMin:    7 15:28:26       -5.580091*       0.0245
GPMin:    8 15:28:34       -5.582164*       0.0204
GPMin:    9 15:28:42       -5.585724*       0.0259
GPMin:   10 15:28:49       -5.590330*       0.0290
GPMin:   11 15:28:57       -5.597954*       0.0349
GPMin:   12 15:29:05       -5.608995*       0.0464
GPMin:   13 15:29:12       -5.625798*       0.0588
GPMin:   14 15:29:21       -5.646686*       0.0714
GPMin:   15 15:29:30       -5.678006*       0.0832
GPMin:   16 15:29:38       -5.713568*       0.0817
GPMin:   17 15:29:47       -5.734156*       0.0543
GPMin:   18 15:29:55       -5.741867*       0.0317
GPMin:   19 15:30:01       -5.743230*       0.0228
GPMin:   20 15:30:08       -5.744760*       0.0210
GPMin:   21 15:30:16       -5.746252*       0.0180
       Step     Time          Energy         fmax
*Force-consistent energies used in optimization.
GPMin:    0 15:30:30       -5.427660*       0.2801
GPMin:    1 15:30:41       -5.569370*       0.1997
GPMin:    2 15:30:50       -5.638089*       0.1100
GPMin:    3 15:30:59       -5.671118*       0.0725
GPMin:    4 15:31:08       -5.698674*       0.0828
GPMin:    5 15:31:17       -5.723241*       0.0924
GPMin:    6 15:31:25       -5.751077*       0.0799
GPMin:    7 15:31:34       -5.769794*       0.0477
GPMin:    8 15:31:43       -5.782025*       0.0522
GPMin:    9 15:31:51       -5.792570*       0.0483
GPMin:   10 15:32:00       -5.804289*       0.0594
GPMin:   11 15:32:09       -5.824297*       0.0681
GPMin:   12 15:32:17       -5.850273*       0.0700
GPMin:   13 15:32:26       -5.878453*       0.0625
GPMin:   14 15:32:35       -5.896847*       0.0427
GPMin:   15 15:32:43       -5.903193*       0.0290
GPMin:   16 15:32:50       -5.905499*       0.0235
GPMin:   17 15:32:58       -5.907194*       0.0190
       Step     Time          Energy         fmax
*Force-consistent energies used in optimization.
GPMin:    0 15:33:11       -5.262260*       0.2414
GPMin:    1 15:33:21       -5.402745*       0.1977
GPMin:    2 15:33:31       -5.506948*       0.1795
GPMin:    3 15:33:40       -5.600431*       0.1575
GPMin:    4 15:33:50       -5.673020*       0.1605
GPMin:    5 15:33:59       -5.724218*       0.1542
GPMin:    6 15:34:07       -5.763175*       0.1484
GPMin:    7 15:34:16       -5.802887*       0.1349
GPMin:    8 15:34:25       -5.833905*       0.1086
GPMin:    9 15:34:33       -5.855124*       0.0739
GPMin:   10 15:34:42       -5.873191*       0.0681
GPMin:   11 15:34:51       -5.887345*       0.0600
GPMin:   12 15:35:00       -5.896611*       0.0431
GPMin:   13 15:35:07       -5.901733*       0.0348
GPMin:   14 15:35:15       -5.904649*       0.0342
GPMin:   15 15:35:23       -5.907232*       0.0180
       Step     Time          Energy         fmax
*Force-consistent energies used in optimization.
GPMin:    0 15:35:38       -5.312536*       0.5085
GPMin:    1 15:35:47       -5.490746*       0.2274
GPMin:    2 15:35:57       -5.580452*       0.1419
GPMin:    3 15:36:07       -5.623214*       0.1169
GPMin:    4 15:36:14       -5.640686*       0.1144
GPMin:    5 15:36:23       -5.671427*       0.1105
GPMin:    6 15:36:31       -5.700654*       0.1021
GPMin:    7 15:36:40       -5.726150*       0.0892
GPMin:    8 15:36:48       -5.753900*       0.0932
GPMin:    9 15:36:57       -5.789831*       0.1055
GPMin:   10 15:37:06       -5.823341*       0.1096
GPMin:   11 15:37:15       -5.851590*       0.0909
GPMin:   12 15:37:23       -5.873636*       0.0656
GPMin:   13 15:37:32       -5.888879*       0.0626
GPMin:   14 15:37:40       -5.898632*       0.0415
GPMin:   15 15:37:48       -5.902703*       0.0377
GPMin:   16 15:37:56       -5.905265*       0.0270
GPMin:   17 15:38:03       -5.907281*       0.0175
       Step     Time          Energy         fmax
*Force-consistent energies used in optimization.
GPMin:    0 15:38:17       -5.342095*       0.4822
GPMin:    1 15:38:27       -5.487199*       0.1292
GPMin:    2 15:38:36       -5.519109*       0.0986
GPMin:    3 15:38:45       -5.555907*       0.0864
GPMin:    4 15:38:53       -5.590547*       0.0861
GPMin:    5 15:39:02       -5.618040*       0.0565
GPMin:    6 15:39:10       -5.636529*       0.0631
GPMin:    7 15:39:17       -5.653064*       0.0659
GPMin:    8 15:39:26       -5.675454*       0.0736
GPMin:    9 15:39:36       -5.704175*       0.0873
GPMin:   10 15:39:46       -5.732153*       0.0922
GPMin:   11 15:39:55       -5.765359*       0.0840
GPMin:   12 15:40:04       -5.795462*       0.0594
GPMin:   13 15:40:13       -5.810793*       0.0626
GPMin:   14 15:40:21       -5.824520*       0.0661
GPMin:   15 15:40:30       -5.841734*       0.0706
GPMin:   16 15:40:39       -5.862393*       0.0786
GPMin:   17 15:40:48       -5.884563*       0.0682
GPMin:   18 15:40:56       -5.899831*       0.0446
GPMin:   19 15:41:04       -5.904350*       0.0331
GPMin:   20 15:41:12       -5.906236*       0.0242
GPMin:   21 15:41:19       -5.907315*       0.0180
       Step     Time          Energy         fmax
*Force-consistent energies used in optimization.
GPMin:    0 15:41:34       -5.427660*       0.2800
GPMin:    1 15:41:45       -5.569364*       0.1997
GPMin:    2 15:41:54       -5.638088*       0.1100
GPMin:    3 15:42:03       -5.671112*       0.0725
GPMin:    4 15:42:12       -5.698676*       0.0828
GPMin:    5 15:42:21       -5.723243*       0.0924
GPMin:    6 15:42:29       -5.751078*       0.0799
GPMin:    7 15:42:38       -5.769794*       0.0477
GPMin:    8 15:42:47       -5.782024*       0.0522
GPMin:    9 15:42:55       -5.792570*       0.0483
GPMin:   10 15:43:04       -5.804286*       0.0594
GPMin:   11 15:43:13       -5.824296*       0.0681
GPMin:   12 15:43:21       -5.850273*       0.0699
GPMin:   13 15:43:30       -5.878454*       0.0625
GPMin:   14 15:43:39       -5.896846*       0.0427
GPMin:   15 15:43:47       -5.903193*       0.0290
GPMin:   16 15:43:54       -5.905499*       0.0235
GPMin:   17 15:44:02       -5.907194*       0.0190
       Step     Time          Energy         fmax
*Force-consistent energies used in optimization.
GPMin:    0 15:44:15       -5.368016*       0.7514
GPMin:    1 15:44:26       -5.590009*       0.2247
GPMin:    2 15:44:36       -5.624767*       0.1587
GPMin:    3 15:44:44       -5.661034*       0.1092
GPMin:    4 15:44:53       -5.688435*       0.1156
GPMin:    5 15:45:02       -5.720488*       0.1065
GPMin:    6 15:45:10       -5.742451*       0.0706
GPMin:    7 15:45:18       -5.753537*       0.0356
GPMin:    8 15:45:26       -5.756594*       0.0209
GPMin:    9 15:45:34       -5.757638*       0.0138
       Step     Time          Energy         fmax
*Force-consistent energies used in optimization.
GPMin:    0 15:45:46       -5.207132*       0.2993
GPMin:    1 15:45:56       -5.365206*       0.2438
GPMin:    2 15:46:05       -5.472267*       0.1678
GPMin:    3 15:46:15       -5.548523*       0.1667
GPMin:    4 15:46:25       -5.615956*       0.1597
GPMin:    5 15:46:34       -5.679990*       0.1400
GPMin:    6 15:46:44       -5.731149*       0.1375
GPMin:    7 15:46:54       -5.767968*       0.1125
GPMin:    8 15:47:02       -5.789358*       0.0679
GPMin:    9 15:47:11       -5.803552*       0.0590
GPMin:   10 15:47:20       -5.814935*       0.0588
GPMin:   11 15:47:29       -5.828099*       0.0644
GPMin:   12 15:47:37       -5.847315*       0.0695
GPMin:   13 15:47:46       -5.868209*       0.0625
GPMin:   14 15:47:55       -5.887141*       0.0531
GPMin:   15 15:48:02       -5.898526*       0.0446
GPMin:   16 15:48:10       -5.903668*       0.0353
GPMin:   17 15:48:18       -5.905737*       0.0237
GPMin:   18 15:48:26       -5.907067*       0.0181
       Step     Time          Energy         fmax
*Force-consistent energies used in optimization.
GPMin:    0 15:48:40       -5.359319*       0.6834
GPMin:    1 15:48:51       -5.535054*       0.0918
GPMin:    2 15:49:01       -5.558045*       0.0860
GPMin:    3 15:49:10       -5.579576*       0.0857
GPMin:    4 15:49:19       -5.615408*       0.0916
GPMin:    5 15:49:29       -5.657523*       0.1141
GPMin:    6 15:49:39       -5.702905*       0.1065
GPMin:    7 15:49:48       -5.733445*       0.0503
GPMin:    8 15:49:56       -5.740497*       0.0296
GPMin:    9 15:50:04       -5.741768*       0.0131
       Step     Time          Energy         fmax
*Force-consistent energies used in optimization.
GPMin:    0 15:50:19       -5.441325*       0.1017
GPMin:    1 15:50:29       -5.447031*       0.1471
GPMin:    2 15:50:39       -5.480003*       0.1082
GPMin:    3 15:50:49       -5.507351*       0.1430
GPMin:    4 15:50:58       -5.549700*       0.0822
GPMin:    5 15:51:07       -5.585967*       0.0855
GPMin:    6 15:51:17       -5.621658*       0.0767
GPMin:    7 15:51:25       -5.652308*       0.0935
GPMin:    8 15:51:34       -5.687097*       0.1182
GPMin:    9 15:51:43       -5.736011*       0.1415
GPMin:   10 15:51:53       -5.790354*       0.1378
GPMin:   11 15:52:01       -5.826296*       0.0929
GPMin:   12 15:52:10       -5.844548*       0.0744
GPMin:   13 15:52:18       -5.862758*       0.0640
GPMin:   14 15:52:26       -5.880092*       0.0591
GPMin:   15 15:52:35       -5.896224*       0.0393
GPMin:   16 15:52:44       -5.903967*       0.0288
GPMin:   17 15:52:51       -5.906133*       0.0208
GPMin:   18 15:52:59       -5.907625*       0.0167
       Step     Time          Energy         fmax
*Force-consistent energies used in optimization.
GPMin:    0 15:53:13       -5.441325*       0.1019
GPMin:    1 15:53:23       -5.447036*       0.1471
GPMin:    2 15:53:33       -5.480026*       0.1082
GPMin:    3 15:53:42       -5.507360*       0.1432
GPMin:    4 15:53:52       -5.549705*       0.0822
GPMin:    5 15:54:01       -5.585966*       0.0855
GPMin:    6 15:54:10       -5.621632*       0.0767
GPMin:    7 15:54:19       -5.652250*       0.0935
GPMin:    8 15:54:28       -5.687005*       0.1181
GPMin:    9 15:54:36       -5.735895*       0.1415
GPMin:   10 15:54:46       -5.790230*       0.1379
GPMin:   11 15:54:55       -5.826242*       0.0930
GPMin:   12 15:55:04       -5.844529*       0.0744
GPMin:   13 15:55:11       -5.862759*       0.0640
GPMin:   14 15:55:20       -5.880094*       0.0591
GPMin:   15 15:55:29       -5.896221*       0.0394
GPMin:   16 15:55:37       -5.903968*       0.0288
GPMin:   17 15:55:45       -5.906132*       0.0208
GPMin:   18 15:55:53       -5.907624*       0.0167
       Step     Time          Energy         fmax
*Force-consistent energies used in optimization.
GPMin:    0 15:56:07       -5.609664*       0.2057
GPMin:    1 15:56:17       -5.637973*       0.1526
GPMin:    2 15:56:27       -5.671795*       0.1325
GPMin:    3 15:56:37       -5.715363*       0.1030
GPMin:    4 15:56:47       -5.744960*       0.0730
GPMin:    5 15:56:56       -5.755031*       0.0608
GPMin:    6 15:57:03       -5.758960*       0.0231
GPMin:    7 15:57:11       -5.761097*       0.0205
GPMin:    8 15:57:18       -5.763124*       0.0147
       Step     Time          Energy         fmax
*Force-consistent energies used in optimization.
GPMin:    0 15:57:34       -5.496823*       0.1992
GPMin:    1 15:57:45       -5.543518*       0.1604
GPMin:    2 15:57:55       -5.593905*       0.1145
GPMin:    3 15:58:04       -5.639401*       0.0942
GPMin:    4 15:58:13       -5.687581*       0.0774
GPMin:    5 15:58:22       -5.716446*       0.0520
GPMin:    6 15:58:30       -5.727273*       0.0409
GPMin:    7 15:58:38       -5.742798*       0.0490
GPMin:    8 15:58:48       -5.758093*       0.0440
GPMin:    9 15:58:58       -5.768443*       0.0486
GPMin:   10 15:59:06       -5.781118*       0.0465
GPMin:   11 15:59:15       -5.795349*       0.0408
GPMin:   12 15:59:24       -5.813331*       0.0572
GPMin:   13 15:59:33       -5.838708*       0.0680
GPMin:   14 15:59:41       -5.865481*       0.0770
GPMin:   15 15:59:50       -5.891966*       0.0604
GPMin:   16 15:59:59       -5.902299*       0.0365
GPMin:   17 16:00:06       -5.904293*       0.0266
GPMin:   18 16:00:14       -5.906751*       0.0199
       Step     Time          Energy         fmax
*Force-consistent energies used in optimization.
GPMin:    0 16:00:27       -5.330931*       0.5084
GPMin:    1 16:00:37       -5.496058*       0.1560
GPMin:    2 16:00:46       -5.542083*       0.1496
GPMin:    3 16:00:55       -5.612369*       0.1532
GPMin:    4 16:01:03       -5.675278*       0.1446
GPMin:    5 16:01:12       -5.729561*       0.1342
GPMin:    6 16:01:21       -5.771059*       0.1188
GPMin:    7 16:01:29       -5.799772*       0.1037
GPMin:    8 16:01:37       -5.821560*       0.0834
GPMin:    9 16:01:46       -5.841514*       0.0660
GPMin:   10 16:01:55       -5.858611*       0.0767
GPMin:   11 16:02:03       -5.876204*       0.0759
GPMin:   12 16:02:12       -5.891796*       0.0556
GPMin:   13 16:02:20       -5.901036*       0.0366
GPMin:   14 16:02:27       -5.904327*       0.0270
GPMin:   15 16:02:35       -5.906940*       0.0166
       Step     Time          Energy         fmax
*Force-consistent energies used in optimization.
GPMin:    0 16:02:50       -5.312536*       0.5085
GPMin:    1 16:03:00       -5.490769*       0.2273
GPMin:    2 16:03:10       -5.580467*       0.1419
GPMin:    3 16:03:19       -5.623214*       0.1169
GPMin:    4 16:03:27       -5.640688*       0.1144
GPMin:    5 16:03:36       -5.671425*       0.1105
GPMin:    6 16:03:43       -5.700651*       0.1021
GPMin:    7 16:03:52       -5.726148*       0.0892
GPMin:    8 16:04:01       -5.753898*       0.0932
GPMin:    9 16:04:10       -5.789832*       0.1055
GPMin:   10 16:04:18       -5.823343*       0.1096
GPMin:   11 16:04:27       -5.851590*       0.0909
GPMin:   12 16:04:36       -5.873635*       0.0656
GPMin:   13 16:04:45       -5.888878*       0.0625
GPMin:   14 16:04:52       -5.898632*       0.0415
GPMin:   15 16:05:00       -5.902703*       0.0377
GPMin:   16 16:05:08       -5.905265*       0.0270
GPMin:   17 16:05:15       -5.907281*       0.0175
       Step     Time          Energy         fmax
*Force-consistent energies used in optimization.
GPMin:    0 16:05:29       -5.312536*       0.5084
GPMin:    1 16:05:39       -5.490776*       0.2273
GPMin:    2 16:05:49       -5.580478*       0.1419
GPMin:    3 16:05:58       -5.623227*       0.1169
GPMin:    4 16:06:06       -5.640701*       0.1144
GPMin:    5 16:06:14       -5.671444*       0.1105
GPMin:    6 16:06:22       -5.700670*       0.1021
GPMin:    7 16:06:31       -5.726160*       0.0892
GPMin:    8 16:06:40       -5.753906*       0.0932
GPMin:    9 16:06:48       -5.789833*       0.1055
GPMin:   10 16:06:57       -5.823345*       0.1096
GPMin:   11 16:07:05       -5.851593*       0.0909
GPMin:   12 16:07:14       -5.873639*       0.0656
GPMin:   13 16:07:23       -5.888881*       0.0626
GPMin:   14 16:07:31       -5.898631*       0.0415
GPMin:   15 16:07:38       -5.902703*       0.0377
GPMin:   16 16:07:46       -5.905265*       0.0270
GPMin:   17 16:07:54       -5.907281*       0.0175
       Step     Time          Energy         fmax
*Force-consistent energies used in optimization.
GPMin:    0 16:08:10       -5.086754*       0.6520
GPMin:    1 16:08:22       -5.316907*       0.2071
GPMin:    2 16:08:32       -5.410750*       0.1852
GPMin:    3 16:08:41       -5.490860*       0.1531
GPMin:    4 16:08:50       -5.538147*       0.0883
GPMin:    5 16:08:59       -5.567017*       0.1066
GPMin:    6 16:09:07       -5.593897*       0.0937
GPMin:    7 16:09:16       -5.617117*       0.0640
GPMin:    8 16:09:25       -5.638787*       0.0765
GPMin:    9 16:09:33       -5.662964*       0.0797
GPMin:   10 16:09:42       -5.686605*       0.0797
GPMin:   11 16:09:51       -5.707465*       0.0707
GPMin:   12 16:09:59       -5.724252*       0.0504
GPMin:   13 16:10:07       -5.732892*       0.0349
GPMin:   14 16:10:15       -5.738106*       0.0363
GPMin:   15 16:10:23       -5.743984*       0.0331
GPMin:   16 16:10:31       -5.747018*       0.0249
GPMin:   17 16:10:39       -5.748678*       0.0209
GPMin:   18 16:10:46       -5.750026*       0.0177
       Step     Time          Energy         fmax
*Force-consistent energies used in optimization.
GPMin:    0 16:11:04       -5.114297*       0.3766
GPMin:    1 16:11:16       -5.276149*       0.2102
GPMin:    2 16:11:26       -5.390597*       0.1759
GPMin:    3 16:11:35       -5.456561*       0.0995
GPMin:    4 16:11:44       -5.480373*       0.0838
GPMin:    5 16:11:53       -5.510705*       0.0979
GPMin:    6 16:12:01       -5.539912*       0.1064
GPMin:    7 16:12:10       -5.573897*       0.0933
GPMin:    8 16:12:19       -5.596766*       0.0592
GPMin:    9 16:12:27       -5.607904*       0.0621
GPMin:   10 16:12:36       -5.620055*       0.0703
GPMin:   11 16:12:45       -5.638438*       0.0783
GPMin:   12 16:12:54       -5.661031*       0.0807
GPMin:   13 16:13:02       -5.683607*       0.0791
GPMin:   14 16:13:11       -5.705238*       0.0687
GPMin:   15 16:13:20       -5.723426*       0.0469
GPMin:   16 16:13:29       -5.732940*       0.0417
GPMin:   17 16:13:36       -5.738328*       0.0317
GPMin:   18 16:13:44       -5.740724*       0.0166
       Step     Time          Energy         fmax
*Force-consistent energies used in optimization.
GPMin:    0 16:13:59       -5.520873*       0.6553
GPMin:    1 16:14:09       -5.759157*       0.1505
GPMin:    2 16:14:18       -5.796490*       0.1470
GPMin:    3 16:14:28       -5.831978*       0.1119
GPMin:    4 16:14:38       -5.854409*       0.0858
GPMin:    5 16:14:47       -5.872736*       0.0754
GPMin:    6 16:14:54       -5.889329*       0.0601
GPMin:    7 16:15:02       -5.900039*       0.0394
GPMin:    8 16:15:10       -5.904583*       0.0260
GPMin:    9 16:15:18       -5.906547*       0.0189
       Step     Time          Energy         fmax
*Force-consistent energies used in optimization.
GPMin:    0 16:15:36       -5.184839*       0.2523
GPMin:    1 16:15:49       -5.329371*       0.1409
GPMin:    2 16:16:00       -5.392682*       0.1402
GPMin:    3 16:16:11       -5.437375*       0.0880
GPMin:    4 16:16:20       -5.468554*       0.0888
GPMin:    5 16:16:29       -5.505824*       0.0902
GPMin:    6 16:16:39       -5.545281*       0.0901
GPMin:    7 16:16:48       -5.586746*       0.0890
GPMin:    8 16:16:58       -5.621159*       0.0743
GPMin:    9 16:17:08       -5.650063*       0.1026
GPMin:   10 16:17:17       -5.683746*       0.0815
GPMin:   11 16:17:25       -5.708366*       0.0590
GPMin:   12 16:17:34       -5.720399*       0.0363
GPMin:   13 16:17:42       -5.724402*       0.0249
GPMin:   14 16:17:49       -5.725743*       0.0189
       Step     Time          Energy         fmax
*Force-consistent energies used in optimization.
GPMin:    0 16:18:03       -5.583309*       0.2045
GPMin:    1 16:18:13       -5.692441*       0.1332
GPMin:    2 16:18:22       -5.731986*       0.0582
GPMin:    3 16:18:31       -5.739381*       0.0270
GPMin:    4 16:18:39       -5.740606*       0.0229
GPMin:    5 16:18:46       -5.741712*       0.0123
       Step     Time          Energy         fmax
*Force-consistent energies used in optimization.
GPMin:    0 16:19:01       -5.278356*       0.2860
GPMin:    1 16:19:11       -5.408677*       0.1642
GPMin:    2 16:19:19       -5.467131*       0.1105
GPMin:    3 16:19:29       -5.514212*       0.1202
GPMin:    4 16:19:39       -5.553050*       0.0981
GPMin:    5 16:19:47       -5.581174*       0.0594
GPMin:    6 16:19:56       -5.595012*       0.0582
GPMin:    7 16:20:05       -5.611835*       0.0615
GPMin:    8 16:20:13       -5.631752*       0.0689
GPMin:    9 16:20:22       -5.658111*       0.0792
GPMin:   10 16:20:31       -5.689191*       0.0796
GPMin:   11 16:20:40       -5.720176*       0.0643
GPMin:   12 16:20:50       -5.739036*       0.0485
GPMin:   13 16:20:59       -5.748801*       0.0431
GPMin:   14 16:21:07       -5.755991*       0.0389
GPMin:   15 16:21:14       -5.760451*       0.0387
GPMin:   16 16:21:22       -5.766230*       0.0362
GPMin:   17 16:21:30       -5.774918*       0.0433
GPMin:   18 16:21:38       -5.786609*       0.0460
GPMin:   19 16:21:45       -5.800416*       0.0511
GPMin:   20 16:21:54       -5.817136*       0.0583
GPMin:   21 16:22:03       -5.841686*       0.0680
GPMin:   22 16:22:12       -5.868712*       0.0754
GPMin:   23 16:22:20       -5.890681*       0.0592
GPMin:   24 16:22:29       -5.900429*       0.0337
GPMin:   25 16:22:36       -5.903277*       0.0300
GPMin:   26 16:22:44       -5.906145*       0.0232
GPMin:   27 16:22:51       -5.907426*       0.0141
       Step     Time          Energy         fmax
*Force-consistent energies used in optimization.
GPMin:    0 16:23:06       -5.278319*       0.6200
GPMin:    1 16:23:16       -5.452561*       0.1681
GPMin:    2 16:23:25       -5.494271*       0.1411
GPMin:    3 16:23:33       -5.547211*       0.0841
GPMin:    4 16:23:42       -5.573210*       0.0712
GPMin:    5 16:23:51       -5.587844*       0.0766
GPMin:    6 16:23:59       -5.604223*       0.0909
GPMin:    7 16:24:07       -5.631126*       0.1089
GPMin:    8 16:24:16       -5.671584*       0.1184
GPMin:    9 16:24:25       -5.715589*       0.1124
GPMin:   10 16:24:33       -5.745345*       0.1006
GPMin:   11 16:24:42       -5.772112*       0.1069
GPMin:   12 16:24:51       -5.805911*       0.1178
GPMin:   13 16:25:01       -5.844173*       0.1104
GPMin:   14 16:25:11       -5.874256*       0.0777
GPMin:   15 16:25:19       -5.887560*       0.0570
GPMin:   16 16:25:28       -5.897196*       0.0440
GPMin:   17 16:25:36       -5.902625*       0.0334
GPMin:   18 16:25:44       -5.904916*       0.0288
GPMin:   19 16:25:52       -5.906742*       0.0211
GPMin:   20 16:25:58       -5.907687*       0.0134
       Step     Time          Energy         fmax
*Force-consistent energies used in optimization.
GPMin:    0 16:26:13       -5.353814*       0.1756
GPMin:    1 16:26:22       -5.444829*       0.1233
GPMin:    2 16:26:32       -5.483967*       0.0791
GPMin:    3 16:26:41       -5.506023*       0.0762
GPMin:    4 16:26:50       -5.540658*       0.0747
GPMin:    5 16:26:58       -5.574592*       0.0685
GPMin:    6 16:27:07       -5.600339*       0.0608
GPMin:    7 16:27:16       -5.618796*       0.0642
GPMin:    8 16:27:25       -5.644847*       0.0775
GPMin:    9 16:27:34       -5.678404*       0.0815
GPMin:   10 16:27:44       -5.710374*       0.0759
GPMin:   11 16:27:54       -5.732274*       0.0451
GPMin:   12 16:28:03       -5.739718*       0.0290
GPMin:   13 16:28:10       -5.744065*       0.0245
GPMin:   14 16:28:18       -5.747010*       0.0194
       Step     Time          Energy         fmax
*Force-consistent energies used in optimization.
GPMin:    0 16:28:32       -5.531981*       0.4670
GPMin:    1 16:28:43       -5.649922*       0.1385
GPMin:    2 16:28:53       -5.690923*       0.0860
GPMin:    3 16:29:02       -5.722049*       0.0713
GPMin:    4 16:29:12       -5.740561*       0.0463
GPMin:    5 16:29:22       -5.752277*       0.0411
GPMin:    6 16:29:31       -5.762402*       0.0299
GPMin:    7 16:29:39       -5.771772*       0.0300
GPMin:    8 16:29:48       -5.781074*       0.0373
GPMin:    9 16:29:57       -5.796101*       0.0528
GPMin:   10 16:30:05       -5.816465*       0.0643
GPMin:   11 16:30:14       -5.845747*       0.0696
GPMin:   12 16:30:24       -5.877838*       0.0655
GPMin:   13 16:30:33       -5.897369*       0.0409
GPMin:   14 16:30:40       -5.902547*       0.0319
GPMin:   15 16:30:48       -5.905591*       0.0237
GPMin:   16 16:30:55       -5.907158*       0.0167
       Step     Time          Energy         fmax
*Force-consistent energies used in optimization.
GPMin:    0 16:31:09       -5.629588*       0.1689
GPMin:    1 16:31:20       -5.686218*       0.1531
GPMin:    2 16:31:29       -5.715860*       0.0959
GPMin:    3 16:31:39       -5.731600*       0.0577
GPMin:    4 16:31:48       -5.738521*       0.0342
GPMin:    5 16:31:56       -5.740124*       0.0335
GPMin:    6 16:32:05       -5.741461*       0.0135
       Step     Time          Energy         fmax
*Force-consistent energies used in optimization.
GPMin:    0 16:32:19       -5.272257*       0.5540
GPMin:    1 16:32:29       -5.462731*       0.2462
GPMin:    2 16:32:38       -5.563825*       0.1995
GPMin:    3 16:32:48       -5.656972*       0.1232
GPMin:    4 16:32:58       -5.720010*       0.1097
GPMin:    5 16:33:07       -5.764632*       0.0955
GPMin:    6 16:33:16       -5.795124*       0.0957
GPMin:    7 16:33:25       -5.814912*       0.0992
GPMin:    8 16:33:34       -5.834734*       0.0818
GPMin:    9 16:33:42       -5.851849*       0.0706
GPMin:   10 16:33:51       -5.869664*       0.0746
GPMin:   11 16:34:00       -5.886172*       0.0627
GPMin:   12 16:34:07       -5.896871*       0.0439
GPMin:   13 16:34:15       -5.902688*       0.0389
GPMin:   14 16:34:23       -5.905062*       0.0241
GPMin:   15 16:34:31       -5.906932*       0.0222
GPMin:   16 16:34:37       -5.907791*       0.0131
       Step     Time          Energy         fmax
*Force-consistent energies used in optimization.
GPMin:    0 16:34:52       -5.175209*       0.4136
GPMin:    1 16:35:02       -5.346808*       0.1447
GPMin:    2 16:35:11       -5.392239*       0.1320
GPMin:    3 16:35:21       -5.429834*       0.1253
GPMin:    4 16:35:29       -5.462092*       0.0914
GPMin:    5 16:35:38       -5.480651*       0.0541
GPMin:    6 16:35:47       -5.489997*       0.0533
GPMin:    7 16:35:56       -5.507175*       0.0532
GPMin:    8 16:36:05       -5.524951*       0.0501
GPMin:    9 16:36:14       -5.535188*       0.0374
GPMin:   10 16:36:22       -5.545609*       0.0489
GPMin:   11 16:36:30       -5.568385*       0.0728
GPMin:   12 16:36:39       -5.600734*       0.0920
GPMin:   13 16:36:48       -5.639571*       0.0973
GPMin:   14 16:36:56       -5.676649*       0.0809
GPMin:   15 16:37:05       -5.704614*       0.0775
GPMin:   16 16:37:14       -5.726005*       0.0710
GPMin:   17 16:37:22       -5.741875*       0.0500
GPMin:   18 16:37:30       -5.752031*       0.0425
GPMin:   19 16:37:38       -5.757112*       0.0344
GPMin:   20 16:37:46       -5.760214*       0.0226
GPMin:   21 16:37:54       -5.761570*       0.0197
       Step     Time          Energy         fmax
*Force-consistent energies used in optimization.
GPMin:    0 16:38:09       -5.278408*       0.4497
GPMin:    1 16:38:20       -5.415126*       0.2062
GPMin:    2 16:38:30       -5.521869*       0.1984
GPMin:    3 16:38:40       -5.616580*       0.1583
GPMin:    4 16:38:49       -5.673105*       0.1031
GPMin:    5 16:38:58       -5.693763*       0.0849
GPMin:    6 16:39:07       -5.719853*       0.0900
GPMin:    7 16:39:16       -5.753385*       0.0993
GPMin:    8 16:39:25       -5.793177*       0.0933
GPMin:    9 16:39:35       -5.823426*       0.0773
GPMin:   10 16:39:44       -5.840238*       0.0831
GPMin:   11 16:39:53       -5.853826*       0.0690
GPMin:   12 16:40:00       -5.872733*       0.0642
GPMin:   13 16:40:09       -5.889635*       0.0545
GPMin:   14 16:40:18       -5.899380*       0.0386
GPMin:   15 16:40:26       -5.903321*       0.0342
GPMin:   16 16:40:33       -5.905939*       0.0227
GPMin:   17 16:40:40       -5.907575*       0.0156
       Step     Time          Energy         fmax
*Force-consistent energies used in optimization.
GPMin:    0 16:40:54       -5.238511*       0.7088
GPMin:    1 16:41:04       -5.477704*       0.2528
GPMin:    2 16:41:14       -5.583946*       0.2076
GPMin:    3 16:41:23       -5.663990*       0.1376
GPMin:    4 16:41:32       -5.704671*       0.1310
GPMin:    5 16:41:41       -5.737764*       0.1260
GPMin:    6 16:41:49       -5.767733*       0.1263
GPMin:    7 16:41:58       -5.794961*       0.1148
GPMin:    8 16:42:07       -5.822700*       0.0834
GPMin:    9 16:42:16       -5.840216*       0.0712
GPMin:   10 16:42:24       -5.855896*       0.0816
GPMin:   11 16:42:33       -5.875171*       0.0753
GPMin:   12 16:42:42       -5.890433*       0.0598
GPMin:   13 16:42:50       -5.899322*       0.0436
GPMin:   14 16:42:57       -5.903442*       0.0331
GPMin:   15 16:43:05       -5.905912*       0.0243
GPMin:   16 16:43:13       -5.907501*       0.0131
       Step     Time          Energy         fmax
*Force-consistent energies used in optimization.
GPMin:    0 16:43:28       -5.261593*       0.5472
GPMin:    1 16:43:39       -5.449799*       0.1898
GPMin:    2 16:43:48       -5.497663*       0.1659
GPMin:    3 16:43:58       -5.557909*       0.0991
GPMin:    4 16:44:08       -5.596453*       0.1075
GPMin:    5 16:44:16       -5.644922*       0.1122
GPMin:    6 16:44:25       -5.679829*       0.1091
GPMin:    7 16:44:34       -5.711617*       0.0997
GPMin:    8 16:44:43       -5.745974*       0.0789
GPMin:    9 16:44:51       -5.768161*       0.0754
GPMin:   10 16:45:00       -5.780551*       0.0653
GPMin:   11 16:45:09       -5.793519*       0.0601
GPMin:   12 16:45:17       -5.805038*       0.0631
GPMin:   13 16:45:26       -5.819162*       0.0665
GPMin:   14 16:45:35       -5.838823*       0.0602
GPMin:   15 16:45:44       -5.862180*       0.0625
GPMin:   16 16:45:53       -5.883715*       0.0637
GPMin:   17 16:46:01       -5.898368*       0.0438
GPMin:   18 16:46:09       -5.903508*       0.0324
GPMin:   19 16:46:17       -5.905086*       0.0273
GPMin:   20 16:46:25       -5.907256*       0.0171
       Step     Time          Energy         fmax
*Force-consistent energies used in optimization.
GPMin:    0 16:46:41       -5.319380*       0.4662
GPMin:    1 16:46:51       -5.442879*       0.0991
GPMin:    2 16:47:01       -5.474881*       0.0894
GPMin:    3 16:47:11       -5.489725*       0.0637
GPMin:    4 16:47:20       -5.508485*       0.0646
GPMin:    5 16:47:30       -5.537469*       0.0925
GPMin:    6 16:47:40       -5.575287*       0.1117
GPMin:    7 16:47:49       -5.618484*       0.1089
GPMin:    8 16:47:58       -5.662508*       0.1121
GPMin:    9 16:48:08       -5.703331*       0.1061
GPMin:   10 16:48:17       -5.736034*       0.0665
GPMin:   11 16:48:26       -5.746881*       0.0280
GPMin:   12 16:48:33       -5.748404*       0.0231
GPMin:   13 16:48:41       -5.749502*       0.0142
       Step     Time          Energy         fmax
*Force-consistent energies used in optimization.
GPMin:    0 16:48:55       -5.068386*       0.8606
GPMin:    1 16:49:06       -5.374848*       0.2147
GPMin:    2 16:49:16       -5.427700*       0.1258
GPMin:    3 16:49:25       -5.449800*       0.0864
GPMin:    4 16:49:35       -5.470020*       0.0818
GPMin:    5 16:49:45       -5.489421*       0.0616
GPMin:    6 16:49:54       -5.506473*       0.0542
GPMin:    7 16:50:03       -5.520523*       0.0514
GPMin:    8 16:50:12       -5.533725*       0.0521
GPMin:    9 16:50:22       -5.545908*       0.0609
GPMin:   10 16:50:31       -5.562259*       0.0663
GPMin:   11 16:50:40       -5.586615*       0.0832
GPMin:   12 16:50:49       -5.621811*       0.1052
GPMin:   13 16:50:59       -5.668104*       0.1169
GPMin:   14 16:51:08       -5.718450*       0.0981
GPMin:   15 16:51:18       -5.747732*       0.0591
GPMin:   16 16:51:26       -5.755432*       0.0443
GPMin:   17 16:51:34       -5.759283*       0.0335
GPMin:   18 16:51:41       -5.763139*       0.0407
GPMin:   19 16:51:49       -5.768751*       0.0425
GPMin:   20 16:51:57       -5.778518*       0.0369
GPMin:   21 16:52:06       -5.789839*       0.0554
GPMin:   22 16:52:13       -5.803765*       0.0608
GPMin:   23 16:52:22       -5.820559*       0.0656
GPMin:   24 16:52:31       -5.840329*       0.0833
GPMin:   25 16:52:40       -5.863780*       0.0854
GPMin:   26 16:52:48       -5.885386*       0.0682
GPMin:   27 16:52:57       -5.897133*       0.0415
GPMin:   28 16:53:05       -5.901528*       0.0329
GPMin:   29 16:53:13       -5.904589*       0.0288
GPMin:   30 16:53:21       -5.906223*       0.0271
GPMin:   31 16:53:27       -5.907367*       0.0196
       Step     Time          Energy         fmax
*Force-consistent energies used in optimization.
GPMin:    0 16:53:41       -5.471184*       0.5115
GPMin:    1 16:53:51       -5.601912*       0.1137
GPMin:    2 16:54:00       -5.635875*       0.0988
GPMin:    3 16:54:10       -5.668377*       0.1080
GPMin:    4 16:54:18       -5.708021*       0.1204
GPMin:    5 16:54:27       -5.756376*       0.1377
GPMin:    6 16:54:36       -5.805703*       0.1304
GPMin:    7 16:54:44       -5.838651*       0.0898
GPMin:    8 16:54:53       -5.855698*       0.0712
GPMin:    9 16:55:02       -5.876304*       0.0613
GPMin:   10 16:55:11       -5.893717*       0.0467
GPMin:   11 16:55:19       -5.903673*       0.0285
GPMin:   12 16:55:27       -5.906108*       0.0209
GPMin:   13 16:55:35       -5.907287*       0.0157
       Step     Time          Energy         fmax
*Force-consistent energies used in optimization.
GPMin:    0 16:55:49       -5.294274*       0.7003
GPMin:    1 16:55:59       -5.532352*       0.2423
GPMin:    2 16:56:08       -5.598752*       0.1662
GPMin:    3 16:56:18       -5.640084*       0.1186
GPMin:    4 16:56:27       -5.682580*       0.1119
GPMin:    5 16:56:35       -5.716241*       0.1203
GPMin:    6 16:56:44       -5.750892*       0.1074
GPMin:    7 16:56:53       -5.777484*       0.0716
GPMin:    8 16:57:01       -5.791039*       0.0586
GPMin:    9 16:57:10       -5.801811*       0.0659
GPMin:   10 16:57:19       -5.814520*       0.0552
GPMin:   11 16:57:28       -5.831709*       0.0687
GPMin:   12 16:57:35       -5.854220*       0.0769
GPMin:   13 16:57:44       -5.878746*       0.0681
GPMin:   14 16:57:53       -5.894623*       0.0551
GPMin:   15 16:58:01       -5.901567*       0.0353
GPMin:   16 16:58:08       -5.904318*       0.0264
GPMin:   17 16:58:15       -5.906239*       0.0231
GPMin:   18 16:58:22       -5.907714*       0.0169
       Step     Time          Energy         fmax
*Force-consistent energies used in optimization.
GPMin:    0 16:58:37       -5.651850*       0.1941
GPMin:    1 16:58:47       -5.732650*       0.1030
GPMin:    2 16:58:57       -5.762652*       0.0631
GPMin:    3 16:59:06       -5.775967*       0.0520
GPMin:    4 16:59:15       -5.791088*       0.0419
GPMin:    5 16:59:24       -5.808024*       0.0521
GPMin:    6 16:59:33       -5.834665*       0.0665
GPMin:    7 16:59:42       -5.865792*       0.0749
GPMin:    8 16:59:50       -5.892091*       0.0566
GPMin:    9 16:59:58       -5.902488*       0.0294
GPMin:   10 17:00:06       -5.905911*       0.0238
GPMin:   11 17:00:14       -5.908059*       0.0134
       Step     Time          Energy         fmax
*Force-consistent energies used in optimization.
GPMin:    0 17:00:29       -5.181741*       0.7134
GPMin:    1 17:00:40       -5.491244*       0.2447
GPMin:    2 17:00:50       -5.554044*       0.1585
GPMin:    3 17:01:00       -5.600946*       0.1330
GPMin:    4 17:01:09       -5.645980*       0.0977
GPMin:    5 17:01:17       -5.667253*       0.0795
GPMin:    6 17:01:26       -5.691289*       0.0593
GPMin:    7 17:01:35       -5.708128*       0.0641
GPMin:    8 17:01:44       -5.729262*       0.0913
GPMin:    9 17:01:52       -5.759834*       0.1175
GPMin:   10 17:02:01       -5.801632*       0.1203
GPMin:   11 17:02:11       -5.841388*       0.0975
GPMin:   12 17:02:21       -5.864710*       0.0766
GPMin:   13 17:02:29       -5.879428*       0.0749
GPMin:   14 17:02:38       -5.892138*       0.0500
GPMin:   15 17:02:46       -5.898597*       0.0471
GPMin:   16 17:02:53       -5.903243*       0.0327
GPMin:   17 17:03:01       -5.905770*       0.0226
GPMin:   18 17:03:09       -5.906897*       0.0199
       Step     Time          Energy         fmax
*Force-consistent energies used in optimization.
GPMin:    0 17:03:25       -5.319380*       0.4663
GPMin:    1 17:03:36       -5.442861*       0.0991
GPMin:    2 17:03:45       -5.474867*       0.0895
GPMin:    3 17:03:55       -5.489703*       0.0637
GPMin:    4 17:04:05       -5.508455*       0.0646
GPMin:    5 17:04:14       -5.537433*       0.0925
GPMin:    6 17:04:24       -5.575248*       0.1117
GPMin:    7 17:04:33       -5.618415*       0.1089
GPMin:    8 17:04:42       -5.662423*       0.1121
GPMin:    9 17:04:52       -5.703252*       0.1061
GPMin:   10 17:05:01       -5.736008*       0.0666
GPMin:   11 17:05:10       -5.746887*       0.0280
GPMin:   12 17:05:17       -5.748408*       0.0231
GPMin:   13 17:05:25       -5.749507*       0.0142
       Step     Time          Energy         fmax
*Force-consistent energies used in optimization.
GPMin:    0 17:05:40       -5.574112*       0.2607
GPMin:    1 17:05:50       -5.683583*       0.1477
GPMin:    2 17:05:59       -5.740460*       0.1159
GPMin:    3 17:06:08       -5.777714*       0.0881
GPMin:    4 17:06:17       -5.797685*       0.0506
GPMin:    5 17:06:25       -5.812766*       0.0542
GPMin:    6 17:06:35       -5.834397*       0.0599
GPMin:    7 17:06:44       -5.861825*       0.0724
GPMin:    8 17:06:53       -5.887134*       0.0630
GPMin:    9 17:07:00       -5.900918*       0.0364
GPMin:   10 17:07:08       -5.904896*       0.0231
GPMin:   11 17:07:16       -5.906806*       0.0177
       Step     Time          Energy         fmax
*Force-consistent energies used in optimization.
GPMin:    0 17:07:36       -5.086152*       0.6666
GPMin:    1 17:07:47       -5.397239*       0.3303
GPMin:    2 17:07:56       -5.515933*       0.2253
GPMin:    3 17:08:06       -5.592313*       0.1778
GPMin:    4 17:08:15       -5.656499*       0.1460
GPMin:    5 17:08:24       -5.697790*       0.1079
GPMin:    6 17:08:34       -5.725297*       0.0830
GPMin:    7 17:08:43       -5.738030*       0.0421
GPMin:    8 17:08:50       -5.741263*       0.0327
GPMin:    9 17:08:58       -5.744224*       0.0221
GPMin:   10 17:09:06       -5.746247*       0.0217
GPMin:   11 17:09:13       -5.747757*       0.0228
GPMin:   12 17:09:21       -5.749374*       0.0225
GPMin:   13 17:09:29       -5.751068*       0.0195
       Step     Time          Energy         fmax
*Force-consistent energies used in optimization.
GPMin:    0 17:09:45       -5.531981*       0.4670
GPMin:    1 17:09:55       -5.649886*       0.1386
GPMin:    2 17:10:05       -5.690915*       0.0860
GPMin:    3 17:10:15       -5.722036*       0.0713
GPMin:    4 17:10:24       -5.740552*       0.0463
GPMin:    5 17:10:34       -5.752269*       0.0411
GPMin:    6 17:10:43       -5.762394*       0.0299
GPMin:    7 17:10:52       -5.771766*       0.0300
GPMin:    8 17:11:00       -5.781069*       0.0372
GPMin:    9 17:11:09       -5.796097*       0.0528
GPMin:   10 17:11:18       -5.816467*       0.0643
GPMin:   11 17:11:26       -5.845753*       0.0696
GPMin:   12 17:11:36       -5.877844*       0.0655
GPMin:   13 17:11:45       -5.897367*       0.0409
GPMin:   14 17:11:53       -5.902545*       0.0319
GPMin:   15 17:12:00       -5.905590*       0.0237
GPMin:   16 17:12:07       -5.907157*       0.0167
       Step     Time          Energy         fmax
*Force-consistent energies used in optimization.
GPMin:    0 17:12:24       -4.559282*       0.8780
GPMin:    1 17:12:36       -4.991638*       0.3844
GPMin:    2 17:12:47       -5.163267*       0.3587
GPMin:    3 17:12:57       -5.293928*       0.2987
GPMin:    4 17:13:07       -5.399912*       0.2232
GPMin:    5 17:13:17       -5.467126*       0.1529
GPMin:    6 17:13:25       -5.504374*       0.1151
GPMin:    7 17:13:34       -5.529924*       0.1230
GPMin:    8 17:13:43       -5.551361*       0.1007
GPMin:    9 17:13:51       -5.567689*       0.0717
GPMin:   10 17:14:00       -5.582270*       0.0731
GPMin:   11 17:14:09       -5.599432*       0.0771
GPMin:   12 17:14:18       -5.622711*       0.0815
GPMin:   13 17:14:26       -5.652836*       0.0939
GPMin:   14 17:14:35       -5.685656*       0.0767
GPMin:   15 17:14:44       -5.706460*       0.0681
GPMin:   16 17:14:51       -5.717185*       0.0546
GPMin:   17 17:15:00       -5.723972*       0.0537
GPMin:   18 17:15:09       -5.730252*       0.0583
GPMin:   19 17:15:18       -5.735385*       0.0429
GPMin:   20 17:15:25       -5.738620*       0.0276
GPMin:   21 17:15:33       -5.740240*       0.0303
GPMin:   22 17:15:41       -5.741420*       0.0270
GPMin:   23 17:15:48       -5.742351*       0.0179
       Step     Time          Energy         fmax
*Force-consistent energies used in optimization.
GPMin:    0 17:16:05       -5.613056*       0.2738
GPMin:    1 17:16:16       -5.705377*       0.1276
GPMin:    2 17:16:25       -5.737813*       0.0748
GPMin:    3 17:16:33       -5.756852*       0.0628
GPMin:    4 17:16:42       -5.772206*       0.0424
GPMin:    5 17:16:51       -5.786688*       0.0466
GPMin:    6 17:16:59       -5.800915*       0.0514
GPMin:    7 17:17:08       -5.823276*       0.0659
GPMin:    8 17:17:17       -5.851638*       0.0717
GPMin:    9 17:17:26       -5.881242*       0.0641
GPMin:   10 17:17:34       -5.899709*       0.0391
GPMin:   11 17:17:42       -5.904902*       0.0240
GPMin:   12 17:17:50       -5.907029*       0.0197
       Step     Time          Energy         fmax
*Force-consistent energies used in optimization.
GPMin:    0 17:18:07       -5.360518*       0.6825
GPMin:    1 17:18:17       -5.552676*       0.1502
GPMin:    2 17:18:27       -5.575257*       0.1284
GPMin:    3 17:18:36       -5.602976*       0.0697
GPMin:    4 17:18:45       -5.614527*       0.0598
GPMin:    5 17:18:52       -5.623879*       0.0693
GPMin:    6 17:19:00       -5.638997*       0.0821
GPMin:    7 17:19:09       -5.667116*       0.1005
GPMin:    8 17:19:17       -5.705291*       0.1226
GPMin:    9 17:19:26       -5.748383*       0.1322
GPMin:   10 17:19:35       -5.787705*       0.1114
GPMin:   11 17:19:43       -5.813927*       0.0712
GPMin:   12 17:19:52       -5.831088*       0.0671
GPMin:   13 17:20:02       -5.848896*       0.0765
GPMin:   14 17:20:10       -5.867708*       0.0684
GPMin:   15 17:20:19       -5.886287*       0.0565
GPMin:   16 17:20:28       -5.898342*       0.0371
GPMin:   17 17:20:35       -5.903184*       0.0332
GPMin:   18 17:20:43       -5.905767*       0.0240
GPMin:   19 17:20:51       -5.907323*       0.0159
       Step     Time          Energy         fmax
*Force-consistent energies used in optimization.
GPMin:    0 17:21:05       -5.533769*       0.1555
GPMin:    1 17:21:16       -5.597495*       0.1163
GPMin:    2 17:21:25       -5.635374*       0.0646
GPMin:    3 17:21:34       -5.656236*       0.0560
GPMin:    4 17:21:42       -5.679092*       0.0685
GPMin:    5 17:21:51       -5.707115*       0.0866
GPMin:    6 17:21:59       -5.739925*       0.1042
GPMin:    7 17:22:09       -5.781325*       0.1123
GPMin:    8 17:22:19       -5.823985*       0.0860
GPMin:    9 17:22:28       -5.848925*       0.0914
GPMin:   10 17:22:37       -5.869017*       0.0950
GPMin:   11 17:22:45       -5.887172*       0.0793
GPMin:   12 17:22:54       -5.898103*       0.0552
GPMin:   13 17:23:02       -5.902723*       0.0374
GPMin:   14 17:23:09       -5.906405*       0.0215
GPMin:   15 17:23:17       -5.907464*       0.0139
       Step     Time          Energy         fmax
*Force-consistent energies used in optimization.
GPMin:    0 17:23:32       -5.372845*       0.4913
GPMin:    1 17:23:43       -5.509310*       0.1692
GPMin:    2 17:23:51       -5.567363*       0.1075
GPMin:    3 17:24:01       -5.605308*       0.0655
GPMin:    4 17:24:10       -5.623724*       0.0797
GPMin:    5 17:24:18       -5.647132*       0.1013
GPMin:    6 17:24:27       -5.686066*       0.1119
GPMin:    7 17:24:36       -5.727969*       0.0890
GPMin:    8 17:24:44       -5.754462*       0.0627
GPMin:    9 17:24:53       -5.769508*       0.0712
GPMin:   10 17:25:02       -5.784360*       0.0684
GPMin:   11 17:25:11       -5.797403*       0.0774
GPMin:   12 17:25:20       -5.811101*       0.0518
GPMin:   13 17:25:29       -5.824555*       0.0746
GPMin:   14 17:25:37       -5.849603*       0.0629
GPMin:   15 17:25:46       -5.873050*       0.0793
GPMin:   16 17:25:55       -5.893614*       0.0568
GPMin:   17 17:26:03       -5.901830*       0.0395
GPMin:   18 17:26:10       -5.903756*       0.0356
GPMin:   19 17:26:18       -5.906549*       0.0213
GPMin:   20 17:26:24       -5.907550*       0.0145
       Step     Time          Energy         fmax
*Force-consistent energies used in optimization.
GPMin:    0 17:26:38       -5.309334*       0.7519
GPMin:    1 17:26:48       -5.524488*       0.2188
GPMin:    2 17:26:58       -5.588607*       0.1905
GPMin:    3 17:27:07       -5.669141*       0.1389
GPMin:    4 17:27:17       -5.723796*       0.1314
GPMin:    5 17:27:25       -5.753622*       0.1217
GPMin:    6 17:27:34       -5.780751*       0.1157
GPMin:    7 17:27:42       -5.806056*       0.1010
GPMin:    8 17:27:50       -5.830095*       0.0746
GPMin:    9 17:27:59       -5.849170*       0.0741
GPMin:   10 17:28:07       -5.867538*       0.0789
GPMin:   11 17:28:16       -5.887301*       0.0644
GPMin:   12 17:28:23       -5.897023*       0.0476
GPMin:   13 17:28:31       -5.902301*       0.0359
GPMin:   14 17:28:39       -5.905252*       0.0239
GPMin:   15 17:28:46       -5.907136*       0.0184
       Step     Time          Energy         fmax
*Force-consistent energies used in optimization.
GPMin:    0 17:29:02       -5.533769*       0.1553
GPMin:    1 17:29:13       -5.597496*       0.1163
GPMin:    2 17:29:22       -5.635377*       0.0643
GPMin:    3 17:29:31       -5.656251*       0.0561
GPMin:    4 17:29:39       -5.679104*       0.0685
GPMin:    5 17:29:48       -5.707148*       0.0866
GPMin:    6 17:29:56       -5.739964*       0.1042
GPMin:    7 17:30:06       -5.781363*       0.1123
GPMin:    8 17:30:15       -5.824015*       0.0860
GPMin:    9 17:30:25       -5.848958*       0.0913
GPMin:   10 17:30:34       -5.869054*       0.0949
GPMin:   11 17:30:42       -5.887203*       0.0792
GPMin:   12 17:30:51       -5.898112*       0.0552
GPMin:   13 17:30:58       -5.902730*       0.0374
GPMin:   14 17:31:06       -5.906409*       0.0215
GPMin:   15 17:31:13       -5.907464*       0.0139
