       Step     Time          Energy         fmax
*Force-consistent energies used in optimization.
GPMin:    0 14:01:56       -6.671279*       0.6866
GPMin:    1 14:02:07       -6.870000*       0.2596
GPMin:    2 14:02:18       -6.933768*       0.1448
GPMin:    3 14:02:28       -6.982736*       0.0915
GPMin:    4 14:02:36       -7.005170*       0.0980
GPMin:    5 14:02:45       -7.042970*       0.0677
GPMin:    6 14:02:54       -7.084487*       0.0793
GPMin:    7 14:03:04       -7.132391*       0.0964
GPMin:    8 14:03:14       -7.176329*       0.0963
GPMin:    9 14:03:23       -7.214106*       0.0853
GPMin:   10 14:03:32       -7.239439*       0.0644
GPMin:   11 14:03:40       -7.252070*       0.0390
GPMin:   12 14:03:48       -7.259186*       0.0422
GPMin:   13 14:03:58       -7.263885*       0.0491
GPMin:   14 14:04:06       -7.269324*       0.0459
GPMin:   15 14:04:15       -7.274884*       0.0331
GPMin:   16 14:04:23       -7.277892*       0.0237
GPMin:   17 14:04:31       -7.279185*       0.0183
       Step     Time          Energy         fmax
*Force-consistent energies used in optimization.
GPMin:    0 14:04:46       -6.698857*       0.5149
GPMin:    1 14:04:56       -6.877677*       0.1578
GPMin:    2 14:05:06       -6.919792*       0.1435
GPMin:    3 14:05:16       -6.962935*       0.1041
GPMin:    4 14:05:25       -7.004554*       0.1009
GPMin:    5 14:05:35       -7.048458*       0.0964
GPMin:    6 14:05:44       -7.099324*       0.1039
GPMin:    7 14:05:53       -7.148627*       0.1109
GPMin:    8 14:06:02       -7.193103*       0.0861
GPMin:    9 14:06:11       -7.222137*       0.0698
GPMin:   10 14:06:19       -7.233384*       0.0490
GPMin:   11 14:06:27       -7.240496*       0.0317
GPMin:   12 14:06:35       -7.244185*       0.0351
GPMin:   13 14:06:43       -7.247439*       0.0303
GPMin:   14 14:06:52       -7.252380*       0.0364
GPMin:   15 14:07:00       -7.259659*       0.0349
GPMin:   16 14:07:09       -7.267588*       0.0355
GPMin:   17 14:07:18       -7.274183*       0.0268
GPMin:   18 14:07:26       -7.277913*       0.0199
       Step     Time          Energy         fmax
*Force-consistent energies used in optimization.
GPMin:    0 14:07:40       -6.811744*       0.3114
GPMin:    1 14:07:50       -6.923715*       0.1174
GPMin:    2 14:07:59       -6.976619*       0.1186
GPMin:    3 14:08:08       -7.050636*       0.1172
GPMin:    4 14:08:17       -7.114230*       0.0890
GPMin:    5 14:08:26       -7.160469*       0.0715
GPMin:    6 14:08:35       -7.185580*       0.0537
GPMin:    7 14:08:44       -7.204996*       0.0545
GPMin:    8 14:08:53       -7.227441*       0.0621
GPMin:    9 14:09:02       -7.255156*       0.0462
GPMin:   10 14:09:10       -7.273888*       0.0317
GPMin:   11 14:09:17       -7.280218*       0.0161
       Step     Time          Energy         fmax
*Force-consistent energies used in optimization.
GPMin:    0 14:09:31       -6.547346*       0.8809
GPMin:    1 14:09:42       -6.838782*       0.2455
GPMin:    2 14:09:52       -6.921019*       0.2087
GPMin:    3 14:10:02       -7.001522*       0.1979
GPMin:    4 14:10:12       -7.086758*       0.1538
GPMin:    5 14:10:22       -7.145331*       0.1231
GPMin:    6 14:10:33       -7.186097*       0.0950
GPMin:    7 14:10:42       -7.217201*       0.1007
GPMin:    8 14:10:51       -7.243769*       0.0785
GPMin:    9 14:11:00       -7.260444*       0.0507
GPMin:   10 14:11:09       -7.270704*       0.0499
GPMin:   11 14:11:17       -7.276448*       0.0344
GPMin:   12 14:11:25       -7.279005*       0.0226
GPMin:   13 14:11:33       -7.280130*       0.0152
       Step     Time          Energy         fmax
*Force-consistent energies used in optimization.
GPMin:    0 14:11:47       -6.811744*       0.3113
GPMin:    1 14:11:57       -6.923725*       0.1173
GPMin:    2 14:12:06       -6.976637*       0.1185
GPMin:    3 14:12:15       -7.050640*       0.1172
GPMin:    4 14:12:24       -7.114237*       0.0889
GPMin:    5 14:12:33       -7.160472*       0.0715
GPMin:    6 14:12:43       -7.185580*       0.0537
GPMin:    7 14:12:52       -7.204996*       0.0545
GPMin:    8 14:13:01       -7.227441*       0.0622
GPMin:    9 14:13:09       -7.255157*       0.0462
GPMin:   10 14:13:17       -7.273887*       0.0317
GPMin:   11 14:13:24       -7.280217*       0.0161
       Step     Time          Energy         fmax
*Force-consistent energies used in optimization.
GPMin:    0 14:13:39       -6.703849*       0.2510
GPMin:    1 14:13:50       -6.858825*       0.1758
GPMin:    2 14:14:00       -6.952565*       0.1530
GPMin:    3 14:14:10       -7.026888*       0.1239
GPMin:    4 14:14:19       -7.082330*       0.1068
GPMin:    5 14:14:28       -7.115503*       0.0822
GPMin:    6 14:14:37       -7.135298*       0.0620
GPMin:    7 14:14:46       -7.157347*       0.0755
GPMin:    8 14:14:55       -7.188722*       0.0808
GPMin:    9 14:15:04       -7.223096*       0.0722
GPMin:   10 14:15:13       -7.251501*       0.0493
GPMin:   11 14:15:22       -7.268868*       0.0440
GPMin:   12 14:15:30       -7.275439*       0.0271
GPMin:   13 14:15:38       -7.277161*       0.0217
GPMin:   14 14:15:46       -7.278810*       0.0161
       Step     Time          Energy         fmax
*Force-consistent energies used in optimization.
GPMin:    0 14:16:02       -6.765048*       0.3915
GPMin:    1 14:16:13       -6.909958*       0.1256
GPMin:    2 14:16:23       -6.951803*       0.1076
GPMin:    3 14:16:33       -6.998268*       0.0971
GPMin:    4 14:16:43       -7.043770*       0.0941
GPMin:    5 14:16:53       -7.091004*       0.1054
GPMin:    6 14:17:02       -7.143401*       0.1136
GPMin:    7 14:17:11       -7.192602*       0.0920
GPMin:    8 14:17:21       -7.223322*       0.0678
GPMin:    9 14:17:29       -7.235797*       0.0459
GPMin:   10 14:17:36       -7.242697*       0.0303
GPMin:   11 14:17:44       -7.246092*       0.0302
GPMin:   12 14:17:52       -7.250077*       0.0302
GPMin:   13 14:18:02       -7.256628*       0.0312
GPMin:   14 14:18:11       -7.264736*       0.0322
GPMin:   15 14:18:20       -7.272440*       0.0291
GPMin:   16 14:18:28       -7.277067*       0.0186
       Step     Time          Energy         fmax
*Force-consistent energies used in optimization.
GPMin:    0 14:18:41       -6.811744*       0.3114
GPMin:    1 14:18:51       -6.923708*       0.1174
GPMin:    2 14:19:00       -6.976618*       0.1186
GPMin:    3 14:19:09       -7.050627*       0.1172
GPMin:    4 14:19:18       -7.114223*       0.0890
GPMin:    5 14:19:27       -7.160463*       0.0715
GPMin:    6 14:19:36       -7.185575*       0.0537
GPMin:    7 14:19:45       -7.204991*       0.0545
GPMin:    8 14:19:54       -7.227432*       0.0621
GPMin:    9 14:20:02       -7.255148*       0.0462
GPMin:   10 14:20:10       -7.273885*       0.0317
GPMin:   11 14:20:17       -7.280217*       0.0161
       Step     Time          Energy         fmax
*Force-consistent energies used in optimization.
GPMin:    0 14:20:32       -6.666676*       0.5239
GPMin:    1 14:20:43       -6.879861*       0.1974
GPMin:    2 14:20:53       -6.961159*       0.2014
GPMin:    3 14:21:02       -7.021736*       0.1676
GPMin:    4 14:21:11       -7.079837*       0.1250
GPMin:    5 14:21:21       -7.123171*       0.0733
GPMin:    6 14:21:30       -7.143716*       0.0633
GPMin:    7 14:21:38       -7.153638*       0.0435
GPMin:    8 14:21:46       -7.161617*       0.0500
GPMin:    9 14:21:54       -7.172872*       0.0548
GPMin:   10 14:22:04       -7.187442*       0.0641
GPMin:   11 14:22:13       -7.206158*       0.0702
GPMin:   12 14:22:22       -7.225302*       0.0484
GPMin:   13 14:22:30       -7.234652*       0.0430
GPMin:   14 14:22:37       -7.237834*       0.0241
GPMin:   15 14:22:44       -7.239072*       0.0127
       Step     Time          Energy         fmax
*Force-consistent energies used in optimization.
GPMin:    0 14:22:59       -6.871253*       0.6629
GPMin:    1 14:23:10       -7.154410*       0.1517
GPMin:    2 14:23:20       -7.193866*       0.1091
GPMin:    3 14:23:30       -7.219454*       0.0801
GPMin:    4 14:23:39       -7.243359*       0.0680
GPMin:    5 14:23:48       -7.258987*       0.0474
GPMin:    6 14:23:57       -7.269800*       0.0390
GPMin:    7 14:24:06       -7.275122*       0.0259
GPMin:    8 14:24:14       -7.277688*       0.0190
       Step     Time          Energy         fmax
*Force-consistent energies used in optimization.
GPMin:    0 14:24:29       -6.795057*       0.6153
GPMin:    1 14:24:39       -6.984398*       0.1911
GPMin:    2 14:24:48       -7.076315*       0.1735
GPMin:    3 14:24:58       -7.156338*       0.1360
GPMin:    4 14:25:07       -7.207071*       0.0772
GPMin:    5 14:25:16       -7.230527*       0.0561
GPMin:    6 14:25:26       -7.242699*       0.0477
GPMin:    7 14:25:34       -7.249115*       0.0364
GPMin:    8 14:25:42       -7.254444*       0.0380
GPMin:    9 14:25:51       -7.260331*       0.0393
GPMin:   10 14:26:01       -7.268084*       0.0295
GPMin:   11 14:26:10       -7.274659*       0.0229
GPMin:   12 14:26:18       -7.277940*       0.0191
       Step     Time          Energy         fmax
*Force-consistent energies used in optimization.
GPMin:    0 14:26:33       -6.891486*       0.5255
GPMin:    1 14:26:44       -7.055647*       0.2142
GPMin:    2 14:26:54       -7.133161*       0.1892
GPMin:    3 14:27:04       -7.192510*       0.1153
GPMin:    4 14:27:14       -7.218019*       0.0562
GPMin:    5 14:27:23       -7.230571*       0.0496
GPMin:    6 14:27:31       -7.236834*       0.0236
GPMin:    7 14:27:39       -7.238641*       0.0152
       Step     Time          Energy         fmax
*Force-consistent energies used in optimization.
GPMin:    0 14:27:58       -6.370595*       0.2545
GPMin:    1 14:28:10       -6.524392*       0.1814
GPMin:    2 14:28:20       -6.612506*       0.1938
GPMin:    3 14:28:29       -6.725514*       0.2003
GPMin:    4 14:28:38       -6.836938*       0.1856
GPMin:    5 14:28:47       -6.939392*       0.1597
GPMin:    6 14:28:56       -7.018750*       0.1289
GPMin:    7 14:29:05       -7.071263*       0.1128
GPMin:    8 14:29:14       -7.114955*       0.1179
GPMin:    9 14:29:22       -7.155240*       0.1060
GPMin:   10 14:29:31       -7.186334*       0.0975
GPMin:   11 14:29:39       -7.211218*       0.0929
GPMin:   12 14:29:48       -7.228197*       0.0744
GPMin:   13 14:29:56       -7.238238*       0.0524
GPMin:   14 14:30:04       -7.244740*       0.0536
GPMin:   15 14:30:13       -7.250354*       0.0507
GPMin:   16 14:30:21       -7.254202*       0.0453
GPMin:   17 14:30:29       -7.259511*       0.0466
GPMin:   18 14:30:38       -7.265219*       0.0407
GPMin:   19 14:30:46       -7.270887*       0.0387
GPMin:   20 14:30:54       -7.276064*       0.0325
GPMin:   21 14:31:02       -7.279117*       0.0179
       Step     Time          Energy         fmax
*Force-consistent energies used in optimization.
GPMin:    0 14:31:16       -6.872349*       0.7210
GPMin:    1 14:31:27       -7.088312*       0.1459
GPMin:    2 14:31:37       -7.123898*       0.1252
GPMin:    3 14:31:47       -7.154020*       0.1128
GPMin:    4 14:31:56       -7.180359*       0.1165
GPMin:    5 14:32:05       -7.213067*       0.1182
GPMin:    6 14:32:14       -7.246728*       0.1006
GPMin:    7 14:32:24       -7.270561*       0.0503
GPMin:    8 14:32:32       -7.278014*       0.0247
GPMin:    9 14:32:40       -7.279987*       0.0176
       Step     Time          Energy         fmax
*Force-consistent energies used in optimization.
GPMin:    0 14:32:56       -6.090196*       0.8322
GPMin:    1 14:33:07       -6.490265*       0.3795
GPMin:    2 14:33:18       -6.691977*       0.3574
GPMin:    3 14:33:27       -6.844045*       0.3200
GPMin:    4 14:33:37       -6.954784*       0.2629
GPMin:    5 14:33:47       -7.021012*       0.1900
GPMin:    6 14:33:55       -7.054161*       0.1123
GPMin:    7 14:34:04       -7.073709*       0.1020
GPMin:    8 14:34:13       -7.091604*       0.0898
GPMin:    9 14:34:21       -7.108301*       0.0930
GPMin:   10 14:34:29       -7.125215*       0.1106
GPMin:   11 14:34:37       -7.146168*       0.1277
GPMin:   12 14:34:46       -7.173230*       0.1322
GPMin:   13 14:34:56       -7.202915*       0.1193
GPMin:   14 14:35:05       -7.227720*       0.0810
GPMin:   15 14:35:14       -7.245134*       0.0566
GPMin:   16 14:35:22       -7.251647*       0.0578
GPMin:   17 14:35:30       -7.257510*       0.0443
GPMin:   18 14:35:38       -7.261327*       0.0408
GPMin:   19 14:35:46       -7.265488*       0.0417
GPMin:   20 14:35:54       -7.270355*       0.0399
GPMin:   21 14:36:04       -7.274780*       0.0386
GPMin:   22 14:36:12       -7.277152*       0.0301
GPMin:   23 14:36:20       -7.278825*       0.0209
GPMin:   24 14:36:27       -7.279271*       0.0168
       Step     Time          Energy         fmax
*Force-consistent energies used in optimization.
GPMin:    0 14:36:40       -6.831875*       0.3541
GPMin:    1 14:36:51       -6.992885*       0.2022
GPMin:    2 14:37:01       -7.058192*       0.1169
GPMin:    3 14:37:11       -7.088295*       0.0689
GPMin:    4 14:37:20       -7.106322*       0.0621
GPMin:    5 14:37:29       -7.125539*       0.0639
GPMin:    6 14:37:38       -7.143622*       0.0638
GPMin:    7 14:37:47       -7.155973*       0.0474
GPMin:    8 14:37:55       -7.164189*       0.0550
GPMin:    9 14:38:04       -7.177530*       0.0647
GPMin:   10 14:38:14       -7.196279*       0.0688
GPMin:   11 14:38:23       -7.217530*       0.0638
GPMin:   12 14:38:32       -7.234328*       0.0364
GPMin:   13 14:38:40       -7.240298*       0.0256
GPMin:   14 14:38:47       -7.242024*       0.0221
GPMin:   15 14:38:55       -7.243585*       0.0231
GPMin:   16 14:39:03       -7.247239*       0.0235
GPMin:   17 14:39:11       -7.254221*       0.0339
GPMin:   18 14:39:19       -7.264547*       0.0359
GPMin:   19 14:39:27       -7.273843*       0.0268
GPMin:   20 14:39:36       -7.278806*       0.0148
       Step     Time          Energy         fmax
*Force-consistent energies used in optimization.
GPMin:    0 14:39:49       -6.757322*       0.5434
GPMin:    1 14:40:00       -6.990799*       0.2756
GPMin:    2 14:40:09       -7.098901*       0.2279
GPMin:    3 14:40:19       -7.180679*       0.1581
GPMin:    4 14:40:30       -7.220379*       0.0886
GPMin:    5 14:40:39       -7.234487*       0.0609
GPMin:    6 14:40:47       -7.242598*       0.0417
GPMin:    7 14:40:55       -7.248249*       0.0411
GPMin:    8 14:41:03       -7.253372*       0.0374
GPMin:    9 14:41:12       -7.258300*       0.0425
GPMin:   10 14:41:21       -7.267342*       0.0322
GPMin:   11 14:41:29       -7.275290*       0.0278
GPMin:   12 14:41:37       -7.279608*       0.0161
       Step     Time          Energy         fmax
*Force-consistent energies used in optimization.
GPMin:    0 14:41:52       -6.657969*       0.6086
GPMin:    1 14:42:04       -6.888773*       0.2548
GPMin:    2 14:42:14       -6.985007*       0.2124
GPMin:    3 14:42:24       -7.072232*       0.1710
GPMin:    4 14:42:33       -7.139346*       0.1437
GPMin:    5 14:42:44       -7.184441*       0.1245
GPMin:    6 14:42:53       -7.223035*       0.1051
GPMin:    7 14:43:02       -7.252425*       0.0812
GPMin:    8 14:43:11       -7.269657*       0.0511
GPMin:    9 14:43:20       -7.275746*       0.0398
GPMin:   10 14:43:28       -7.277881*       0.0273
GPMin:   11 14:43:36       -7.279656*       0.0154
       Step     Time          Energy         fmax
*Force-consistent energies used in optimization.
GPMin:    0 14:43:50       -6.935421*       0.4474
GPMin:    1 14:44:00       -7.075572*       0.1175
GPMin:    2 14:44:09       -7.105875*       0.0832
GPMin:    3 14:44:18       -7.128138*       0.0815
GPMin:    4 14:44:27       -7.154246*       0.0918
GPMin:    5 14:44:36       -7.188210*       0.1101
GPMin:    6 14:44:45       -7.228388*       0.1052
GPMin:    7 14:44:54       -7.258851*       0.0634
GPMin:    8 14:45:03       -7.269374*       0.0438
GPMin:    9 14:45:11       -7.274242*       0.0399
GPMin:   10 14:45:19       -7.277865*       0.0230
GPMin:   11 14:45:28       -7.279780*       0.0165
       Step     Time          Energy         fmax
*Force-consistent energies used in optimization.
GPMin:    0 14:45:44       -6.489601*       0.3192
GPMin:    1 14:45:54       -6.710867*       0.2496
GPMin:    2 14:46:03       -6.853291*       0.2464
GPMin:    3 14:46:13       -6.965877*       0.2199
GPMin:    4 14:46:23       -7.058274*       0.1636
GPMin:    5 14:46:32       -7.122445*       0.1228
GPMin:    6 14:46:41       -7.156192*       0.0923
GPMin:    7 14:46:49       -7.175638*       0.0650
GPMin:    8 14:46:57       -7.190509*       0.0674
GPMin:    9 14:47:05       -7.202532*       0.0604
GPMin:   10 14:47:13       -7.211335*       0.0390
GPMin:   11 14:47:21       -7.215483*       0.0276
GPMin:   12 14:47:29       -7.217096*       0.0221
GPMin:   13 14:47:37       -7.219551*       0.0264
GPMin:   14 14:47:45       -7.222781*       0.0311
GPMin:   15 14:47:54       -7.228909*       0.0312
GPMin:   16 14:48:03       -7.237857*       0.0384
GPMin:   17 14:48:13       -7.247836*       0.0312
GPMin:   18 14:48:22       -7.256353*       0.0371
GPMin:   19 14:48:30       -7.263428*       0.0375
GPMin:   20 14:48:39       -7.269450*       0.0354
GPMin:   21 14:48:47       -7.274692*       0.0271
GPMin:   22 14:48:55       -7.278620*       0.0252
GPMin:   23 14:49:03       -7.280181*       0.0166
       Step     Time          Energy         fmax
*Force-consistent energies used in optimization.
GPMin:    0 14:49:20       -6.821471*       0.7397
GPMin:    1 14:49:31       -7.066936*       0.2010
GPMin:    2 14:49:42       -7.121716*       0.1830
GPMin:    3 14:49:51       -7.187996*       0.1140
GPMin:    4 14:50:00       -7.226485*       0.0669
GPMin:    5 14:50:08       -7.235470*       0.0430
GPMin:    6 14:50:18       -7.242578*       0.0306
GPMin:    7 14:50:26       -7.245886*       0.0291
GPMin:    8 14:50:34       -7.250449*       0.0330
GPMin:    9 14:50:43       -7.257723*       0.0323
GPMin:   10 14:50:53       -7.267617*       0.0319
GPMin:   11 14:51:02       -7.275631*       0.0260
GPMin:   12 14:51:10       -7.279658*       0.0223
GPMin:   13 14:51:17       -7.280464*       0.0149
       Step     Time          Energy         fmax
*Force-consistent energies used in optimization.
GPMin:    0 14:51:32       -6.883206*       0.4877
GPMin:    1 14:51:44       -7.012657*       0.2229
GPMin:    2 14:51:54       -7.059630*       0.1011
GPMin:    3 14:52:03       -7.083383*       0.0637
GPMin:    4 14:52:12       -7.096730*       0.0312
GPMin:    5 14:52:20       -7.099979*       0.0211
GPMin:    6 14:52:28       -7.102911*       0.0220
GPMin:    7 14:52:36       -7.107184*       0.0199
       Step     Time          Energy         fmax
*Force-consistent energies used in optimization.
GPMin:    0 14:52:51       -6.780013*       0.3645
GPMin:    1 14:53:01       -6.927302*       0.2159
GPMin:    2 14:53:10       -7.005358*       0.2251
GPMin:    3 14:53:20       -7.097385*       0.2049
GPMin:    4 14:53:29       -7.163031*       0.1326
GPMin:    5 14:53:38       -7.191236*       0.0562
GPMin:    6 14:53:47       -7.206732*       0.0763
GPMin:    7 14:53:55       -7.224285*       0.0386
GPMin:    8 14:54:03       -7.230960*       0.0353
GPMin:    9 14:54:11       -7.235141*       0.0314
GPMin:   10 14:54:20       -7.240588*       0.0374
GPMin:   11 14:54:29       -7.249430*       0.0378
GPMin:   12 14:54:37       -7.257909*       0.0340
GPMin:   13 14:54:45       -7.265367*       0.0370
GPMin:   14 14:54:54       -7.272759*       0.0351
GPMin:   15 14:55:02       -7.278837*       0.0197
       Step     Time          Energy         fmax
*Force-consistent energies used in optimization.
GPMin:    0 14:55:17       -6.757322*       0.5433
GPMin:    1 14:55:28       -6.990826*       0.2756
GPMin:    2 14:55:37       -7.098911*       0.2279
GPMin:    3 14:55:47       -7.180686*       0.1581
GPMin:    4 14:55:57       -7.220381*       0.0886
GPMin:    5 14:56:07       -7.234487*       0.0609
GPMin:    6 14:56:15       -7.242600*       0.0417
GPMin:    7 14:56:23       -7.248251*       0.0411
GPMin:    8 14:56:31       -7.253374*       0.0374
GPMin:    9 14:56:40       -7.258301*       0.0425
GPMin:   10 14:56:49       -7.267343*       0.0322
GPMin:   11 14:56:57       -7.275291*       0.0278
GPMin:   12 14:57:05       -7.279609*       0.0161
       Step     Time          Energy         fmax
*Force-consistent energies used in optimization.
GPMin:    0 14:57:20       -6.891486*       0.5255
GPMin:    1 14:57:30       -7.055643*       0.2143
GPMin:    2 14:57:41       -7.133144*       0.1892
GPMin:    3 14:57:51       -7.192502*       0.1153
GPMin:    4 14:58:00       -7.218013*       0.0562
GPMin:    5 14:58:09       -7.230568*       0.0496
GPMin:    6 14:58:18       -7.236832*       0.0236
GPMin:    7 14:58:26       -7.238640*       0.0152
       Step     Time          Energy         fmax
*Force-consistent energies used in optimization.
GPMin:    0 14:58:40       -6.420515*       0.7496
GPMin:    1 14:58:51       -6.789555*       0.3203
GPMin:    2 14:59:01       -6.944310*       0.2597
GPMin:    3 14:59:12       -7.045942*       0.2419
GPMin:    4 14:59:22       -7.114053*       0.1689
GPMin:    5 14:59:31       -7.138716*       0.0757
GPMin:    6 14:59:39       -7.145009*       0.0850
GPMin:    7 14:59:49       -7.163426*       0.0718
GPMin:    8 14:59:58       -7.181498*       0.0700
GPMin:    9 15:00:07       -7.203331*       0.0634
GPMin:   10 15:00:16       -7.221357*       0.0469
GPMin:   11 15:00:25       -7.229823*       0.0295
GPMin:   12 15:00:33       -7.233534*       0.0317
GPMin:   13 15:00:42       -7.239725*       0.0350
GPMin:   14 15:00:51       -7.247394*       0.0321
GPMin:   15 15:01:01       -7.256013*       0.0340
GPMin:   16 15:01:09       -7.264006*       0.0313
GPMin:   17 15:01:17       -7.271349*       0.0272
GPMin:   18 15:01:25       -7.276816*       0.0211
GPMin:   19 15:01:34       -7.279699*       0.0139
       Step     Time          Energy         fmax
*Force-consistent energies used in optimization.
GPMin:    0 15:01:49       -6.703849*       0.2510
GPMin:    1 15:02:00       -6.858834*       0.1757
GPMin:    2 15:02:10       -6.952564*       0.1529
GPMin:    3 15:02:20       -7.026886*       0.1239
GPMin:    4 15:02:29       -7.082330*       0.1068
GPMin:    5 15:02:38       -7.115503*       0.0822
GPMin:    6 15:02:47       -7.135300*       0.0620
GPMin:    7 15:02:57       -7.157349*       0.0755
GPMin:    8 15:03:06       -7.188730*       0.0808
GPMin:    9 15:03:15       -7.223105*       0.0722
GPMin:   10 15:03:24       -7.251509*       0.0493
GPMin:   11 15:03:34       -7.268875*       0.0440
GPMin:   12 15:03:42       -7.275442*       0.0271
GPMin:   13 15:03:50       -7.277163*       0.0217
GPMin:   14 15:03:59       -7.278812*       0.0161
       Step     Time          Energy         fmax
*Force-consistent energies used in optimization.
GPMin:    0 15:04:16       -6.328196*       0.2462
GPMin:    1 15:04:27       -6.484071*       0.1895
GPMin:    2 15:04:39       -6.573184*       0.1868
GPMin:    3 15:04:49       -6.655386*       0.1813
GPMin:    4 15:04:58       -6.737905*       0.1649
GPMin:    5 15:05:08       -6.815012*       0.1556
GPMin:    6 15:05:18       -6.885700*       0.1339
GPMin:    7 15:05:29       -6.939697*       0.0993
GPMin:    8 15:05:38       -6.971839*       0.0923
GPMin:    9 15:05:47       -6.995233*       0.0880
GPMin:   10 15:05:56       -7.022000*       0.0849
GPMin:   11 15:06:05       -7.049410*       0.0708
GPMin:   12 15:06:15       -7.066494*       0.0495
GPMin:   13 15:06:24       -7.073303*       0.0418
GPMin:   14 15:06:32       -7.076711*       0.0399
GPMin:   15 15:06:40       -7.079466*       0.0264
GPMin:   16 15:06:48       -7.081807*       0.0256
GPMin:   17 15:06:56       -7.085506*       0.0282
GPMin:   18 15:07:05       -7.090234*       0.0362
GPMin:   19 15:07:14       -7.099147*       0.0427
GPMin:   20 15:07:23       -7.108681*       0.0402
GPMin:   21 15:07:31       -7.118360*       0.0354
GPMin:   22 15:07:40       -7.126546*       0.0306
GPMin:   23 15:07:49       -7.130381*       0.0228
GPMin:   24 15:07:57       -7.132386*       0.0228
GPMin:   25 15:08:05       -7.134427*       0.0229
GPMin:   26 15:08:12       -7.135707*       0.0252
GPMin:   27 15:08:21       -7.138158*       0.0258
GPMin:   28 15:08:29       -7.139309*       0.0173
       Step     Time          Energy         fmax
*Force-consistent energies used in optimization.
GPMin:    0 15:08:44       -6.357494*       0.5279
GPMin:    1 15:08:56       -6.545768*       0.1882
GPMin:    2 15:09:07       -6.638781*       0.1816
GPMin:    3 15:09:17       -6.736432*       0.1849
GPMin:    4 15:09:26       -6.833990*       0.1876
GPMin:    5 15:09:35       -6.916795*       0.1754
GPMin:    6 15:09:44       -6.983318*       0.1470
GPMin:    7 15:09:54       -7.037040*       0.1108
GPMin:    8 15:10:03       -7.085194*       0.1333
GPMin:    9 15:10:12       -7.133866*       0.1329
GPMin:   10 15:10:21       -7.178892*       0.1084
GPMin:   11 15:10:29       -7.214239*       0.0869
GPMin:   12 15:10:38       -7.234011*       0.0626
GPMin:   13 15:10:46       -7.244085*       0.0398
GPMin:   14 15:10:54       -7.249294*       0.0360
GPMin:   15 15:11:02       -7.253680*       0.0379
GPMin:   16 15:11:11       -7.258380*       0.0381
GPMin:   17 15:11:19       -7.264340*       0.0318
GPMin:   18 15:11:27       -7.269898*       0.0390
GPMin:   19 15:11:35       -7.274236*       0.0307
GPMin:   20 15:11:44       -7.276999*       0.0215
GPMin:   21 15:11:52       -7.278697*       0.0247
GPMin:   22 15:11:59       -7.279976*       0.0225
GPMin:   23 15:12:06       -7.280622*       0.0120
       Step     Time          Energy         fmax
*Force-consistent energies used in optimization.
GPMin:    0 15:12:23       -6.566797*       0.7350
GPMin:    1 15:12:34       -6.789795*       0.1215
GPMin:    2 15:12:44       -6.825051*       0.1771
GPMin:    3 15:12:54       -6.877577*       0.1009
GPMin:    4 15:13:04       -6.897870*       0.0803
GPMin:    5 15:13:13       -6.928796*       0.0899
GPMin:    6 15:13:22       -6.960900*       0.0796
GPMin:    7 15:13:31       -6.995335*       0.0940
GPMin:    8 15:13:39       -7.025036*       0.0978
GPMin:    9 15:13:49       -7.050610*       0.0985
GPMin:   10 15:13:58       -7.077755*       0.0880
GPMin:   11 15:14:07       -7.102248*       0.0665
GPMin:   12 15:14:15       -7.112374*       0.0430
GPMin:   13 15:14:24       -7.116889*       0.0357
GPMin:   14 15:14:32       -7.121785*       0.0377
GPMin:   15 15:14:40       -7.128149*       0.0458
GPMin:   16 15:14:48       -7.137605*       0.0494
GPMin:   17 15:14:56       -7.148073*       0.0371
GPMin:   18 15:15:06       -7.156559*       0.0413
GPMin:   19 15:15:14       -7.164549*       0.0567
GPMin:   20 15:15:23       -7.177369*       0.0656
GPMin:   21 15:15:33       -7.198279*       0.0696
GPMin:   22 15:15:42       -7.224269*       0.0732
GPMin:   23 15:15:51       -7.251293*       0.0607
GPMin:   24 15:16:01       -7.267269*       0.0464
GPMin:   25 15:16:09       -7.273416*       0.0378
GPMin:   26 15:16:17       -7.276138*       0.0237
GPMin:   27 15:16:25       -7.278029*       0.0261
GPMin:   28 15:16:34       -7.279509*       0.0182
       Step     Time          Energy         fmax
*Force-consistent energies used in optimization.
GPMin:    0 15:16:47       -6.507271*       0.2280
GPMin:    1 15:16:58       -6.669351*       0.2074
GPMin:    2 15:17:08       -6.782574*       0.1844
GPMin:    3 15:17:18       -6.869329*       0.1434
GPMin:    4 15:17:28       -6.936138*       0.1307
GPMin:    5 15:17:37       -6.979428*       0.0778
GPMin:    6 15:17:46       -7.000637*       0.0603
GPMin:    7 15:17:54       -7.008002*       0.0413
GPMin:    8 15:18:02       -7.014378*       0.0402
GPMin:    9 15:18:10       -7.020998*       0.0522
GPMin:   10 15:18:19       -7.028602*       0.0580
GPMin:   11 15:18:28       -7.041604*       0.0559
GPMin:   12 15:18:37       -7.054914*       0.0624
GPMin:   13 15:18:46       -7.071285*       0.0580
GPMin:   14 15:18:56       -7.083273*       0.0452
GPMin:   15 15:19:04       -7.089405*       0.0486
GPMin:   16 15:19:12       -7.094849*       0.0485
GPMin:   17 15:19:20       -7.103426*       0.0474
GPMin:   18 15:19:29       -7.114655*       0.0448
GPMin:   19 15:19:38       -7.130443*       0.0498
GPMin:   20 15:19:47       -7.152020*       0.0554
GPMin:   21 15:19:57       -7.178015*       0.0731
GPMin:   22 15:20:06       -7.204013*       0.0884
GPMin:   23 15:20:15       -7.229529*       0.0869
GPMin:   24 15:20:24       -7.251372*       0.0696
GPMin:   25 15:20:34       -7.266795*       0.0439
GPMin:   26 15:20:43       -7.275292*       0.0376
GPMin:   27 15:20:51       -7.277721*       0.0302
GPMin:   28 15:20:59       -7.279312*       0.0180
       Step     Time          Energy         fmax
*Force-consistent energies used in optimization.
GPMin:    0 15:21:15       -6.872349*       0.7210
GPMin:    1 15:21:27       -7.088312*       0.1459
GPMin:    2 15:21:37       -7.123893*       0.1252
GPMin:    3 15:21:46       -7.154019*       0.1128
GPMin:    4 15:21:55       -7.180361*       0.1165
GPMin:    5 15:22:05       -7.213065*       0.1182
GPMin:    6 15:22:14       -7.246727*       0.1006
GPMin:    7 15:22:23       -7.270560*       0.0503
GPMin:    8 15:22:31       -7.278014*       0.0247
GPMin:    9 15:22:40       -7.279986*       0.0176
       Step     Time          Energy         fmax
*Force-consistent energies used in optimization.
GPMin:    0 15:22:54       -6.813852*       0.7303
GPMin:    1 15:23:05       -7.059016*       0.1633
GPMin:    2 15:23:15       -7.125576*       0.1278
GPMin:    3 15:23:24       -7.163691*       0.1154
GPMin:    4 15:23:34       -7.187091*       0.1144
GPMin:    5 15:23:44       -7.215498*       0.1061
GPMin:    6 15:23:53       -7.245377*       0.0917
GPMin:    7 15:24:01       -7.268397*       0.0575
GPMin:    8 15:24:09       -7.277877*       0.0259
GPMin:    9 15:24:17       -7.280105*       0.0166
       Step     Time          Energy         fmax
*Force-consistent energies used in optimization.
GPMin:    0 15:24:30       -6.779844*       0.3018
GPMin:    1 15:24:39       -6.841888*       0.0676
GPMin:    2 15:24:47       -6.848212*       0.0261
GPMin:    3 15:25:14       -6.850244*       0.0147
       Step     Time          Energy         fmax
*Force-consistent energies used in optimization.
GPMin:    0 15:25:31       -6.210443*       0.6485
GPMin:    1 15:25:42       -6.514675*       0.3686
GPMin:    2 15:25:52       -6.702157*       0.3259
GPMin:    3 15:26:03       -6.856754*       0.2682
GPMin:    4 15:26:12       -6.979870*       0.2293
GPMin:    5 15:26:21       -7.072604*       0.1791
GPMin:    6 15:26:31       -7.136808*       0.1263
GPMin:    7 15:26:42       -7.175676*       0.1194
GPMin:    8 15:26:51       -7.203100*       0.0956
GPMin:    9 15:26:59       -7.224845*       0.0707
GPMin:   10 15:27:08       -7.242663*       0.0729
GPMin:   11 15:27:17       -7.257088*       0.0754
GPMin:   12 15:27:26       -7.267527*       0.0584
GPMin:   13 15:27:34       -7.273580*       0.0465
GPMin:   14 15:27:43       -7.277086*       0.0415
GPMin:   15 15:27:51       -7.278900*       0.0235
GPMin:   16 15:27:59       -7.279719*       0.0160
       Step     Time          Energy         fmax
*Force-consistent energies used in optimization.
GPMin:    0 15:28:13       -6.795057*       0.6151
GPMin:    1 15:28:23       -6.984412*       0.1911
GPMin:    2 15:28:33       -7.076330*       0.1734
GPMin:    3 15:28:42       -7.156346*       0.1360
GPMin:    4 15:28:51       -7.207076*       0.0772
GPMin:    5 15:29:00       -7.230530*       0.0561
GPMin:    6 15:29:09       -7.242701*       0.0477
GPMin:    7 15:29:17       -7.249115*       0.0364
GPMin:    8 15:29:26       -7.254444*       0.0380
GPMin:    9 15:29:35       -7.260331*       0.0393
GPMin:   10 15:29:44       -7.268085*       0.0295
GPMin:   11 15:29:53       -7.274659*       0.0229
GPMin:   12 15:30:01       -7.277940*       0.0191
       Step     Time          Energy         fmax
*Force-consistent energies used in optimization.
GPMin:    0 15:30:16       -6.836322*       0.4854
GPMin:    1 15:30:28       -7.035572*       0.1731
GPMin:    2 15:30:38       -7.088729*       0.0997
GPMin:    3 15:30:47       -7.114553*       0.0881
GPMin:    4 15:30:56       -7.131858*       0.0885
GPMin:    5 15:31:05       -7.154838*       0.0946
GPMin:    6 15:31:14       -7.186053*       0.1103
GPMin:    7 15:31:23       -7.225864*       0.1128
GPMin:    8 15:31:33       -7.262127*       0.0794
GPMin:    9 15:31:43       -7.276466*       0.0355
GPMin:   10 15:31:51       -7.279153*       0.0309
GPMin:   11 15:31:59       -7.280598*       0.0116
       Step     Time          Energy         fmax
*Force-consistent energies used in optimization.
GPMin:    0 15:32:12       -6.838046*       0.1228
GPMin:    1 15:32:31       -6.868548*       0.0945
GPMin:    2 15:32:40       -6.941626*       0.0934
GPMin:    3 15:32:49       -7.020226*       0.0937
GPMin:    4 15:32:59       -7.092684*       0.0790
GPMin:    5 15:33:07       -7.131733*       0.0355
GPMin:    6 15:33:15       -7.138658*       0.0195
       Step     Time          Energy         fmax
*Force-consistent energies used in optimization.
GPMin:    0 15:33:29       -6.264384*       0.6567
GPMin:    1 15:33:41       -6.498758*       0.1973
GPMin:    2 15:33:50       -6.589503*       0.2203
GPMin:    3 15:33:59       -6.703498*       0.2441
GPMin:    4 15:34:09       -6.811208*       0.2563
GPMin:    5 15:34:19       -6.914520*       0.2566
GPMin:    6 15:34:29       -7.007250*       0.2315
GPMin:    7 15:34:39       -7.076456*       0.1575
GPMin:    8 15:34:48       -7.108530*       0.0749
GPMin:    9 15:34:56       -7.116507*       0.0818
GPMin:   10 15:35:04       -7.134185*       0.0911
GPMin:   11 15:35:14       -7.155693*       0.1040
GPMin:   12 15:35:23       -7.184158*       0.1141
GPMin:   13 15:35:32       -7.216953*       0.1155
GPMin:   14 15:35:41       -7.244468*       0.0932
GPMin:   15 15:35:51       -7.263965*       0.0715
GPMin:   16 15:36:00       -7.272225*       0.0772
GPMin:   17 15:36:08       -7.277563*       0.0515
GPMin:   18 15:36:17       -7.279490*       0.0295
GPMin:   19 15:36:25       -7.280381*       0.0190
       Step     Time          Energy         fmax
*Force-consistent energies used in optimization.
GPMin:    0 15:36:40       -6.875099*       0.2878
GPMin:    1 15:36:51       -7.009737*       0.1341
GPMin:    2 15:37:02       -7.058487*       0.0914
GPMin:    3 15:37:12       -7.097107*       0.0751
GPMin:    4 15:37:21       -7.126467*       0.0622
GPMin:    5 15:37:30       -7.141669*       0.0402
GPMin:    6 15:37:39       -7.146538*       0.0249
GPMin:    7 15:37:47       -7.149540*       0.0224
GPMin:    8 15:37:55       -7.154005*       0.0406
GPMin:    9 15:38:04       -7.167100*       0.0445
GPMin:   10 15:38:14       -7.188772*       0.0718
GPMin:   11 15:38:23       -7.219765*       0.0861
GPMin:   12 15:38:32       -7.254833*       0.0653
GPMin:   13 15:38:42       -7.272363*       0.0425
GPMin:   14 15:38:50       -7.276982*       0.0286
GPMin:   15 15:38:58       -7.279281*       0.0184
       Step     Time          Energy         fmax
*Force-consistent energies used in optimization.
GPMin:    0 15:39:12       -6.587889*       0.5385
GPMin:    1 15:39:24       -6.807193*       0.2696
GPMin:    2 15:39:34       -6.921782*       0.1974
GPMin:    3 15:39:44       -6.999485*       0.1430
GPMin:    4 15:39:53       -7.040596*       0.1206
GPMin:    5 15:40:02       -7.081350*       0.0816
GPMin:    6 15:40:11       -7.109889*       0.0818
GPMin:    7 15:40:20       -7.131703*       0.0810
GPMin:    8 15:40:29       -7.152139*       0.0811
GPMin:    9 15:40:38       -7.177146*       0.0822
GPMin:   10 15:40:47       -7.209117*       0.0848
GPMin:   11 15:40:56       -7.243292*       0.0763
GPMin:   12 15:41:05       -7.268457*       0.0565
GPMin:   13 15:41:13       -7.277933*       0.0308
GPMin:   14 15:41:22       -7.279674*       0.0186
       Step     Time          Energy         fmax
*Force-consistent energies used in optimization.
GPMin:    0 15:41:37       -6.685362*       0.5235
GPMin:    1 15:41:47       -6.878879*       0.2174
GPMin:    2 15:41:57       -6.960835*       0.1753
GPMin:    3 15:42:07       -7.037770*       0.1479
GPMin:    4 15:42:17       -7.089184*       0.1232
GPMin:    5 15:42:26       -7.132898*       0.1129
GPMin:    6 15:42:35       -7.173570*       0.1120
GPMin:    7 15:42:44       -7.214586*       0.0961
GPMin:    8 15:42:54       -7.248556*       0.0810
GPMin:    9 15:43:03       -7.267813*       0.0506
GPMin:   10 15:43:11       -7.276415*       0.0362
GPMin:   11 15:43:19       -7.278905*       0.0247
GPMin:   12 15:43:26       -7.279927*       0.0110
       Step     Time          Energy         fmax
*Force-consistent energies used in optimization.
GPMin:    0 15:43:42       -6.553258*       0.3731
GPMin:    1 15:43:53       -6.713580*       0.2563
GPMin:    2 15:44:03       -6.816154*       0.2577
GPMin:    3 15:44:12       -6.915864*       0.2230
GPMin:    4 15:44:22       -6.987531*       0.1507
GPMin:    5 15:44:31       -7.037424*       0.1189
GPMin:    6 15:44:40       -7.079580*       0.1017
GPMin:    7 15:44:50       -7.107361*       0.0643
GPMin:    8 15:44:59       -7.124842*       0.0624
GPMin:    9 15:45:08       -7.141138*       0.0708
GPMin:   10 15:45:17       -7.165045*       0.0788
GPMin:   11 15:45:27       -7.196065*       0.0840
GPMin:   12 15:45:36       -7.227690*       0.0821
GPMin:   13 15:45:44       -7.254861*       0.0648
GPMin:   14 15:45:54       -7.272159*       0.0393
GPMin:   15 15:46:02       -7.278391*       0.0300
GPMin:   16 15:46:10       -7.280011*       0.0177
       Step     Time          Energy         fmax
*Force-consistent energies used in optimization.
GPMin:    0 15:46:25       -6.883206*       0.4879
GPMin:    1 15:46:36       -7.012602*       0.2232
GPMin:    2 15:46:47       -7.059617*       0.1011
GPMin:    3 15:46:56       -7.083376*       0.0637
GPMin:    4 15:47:05       -7.096729*       0.0312
GPMin:    5 15:47:13       -7.099980*       0.0211
GPMin:    6 15:47:21       -7.102911*       0.0220
GPMin:    7 15:47:29       -7.107185*       0.0199
       Step     Time          Energy         fmax
*Force-consistent energies used in optimization.
GPMin:    0 15:47:45       -6.310634*       0.6497
GPMin:    1 15:47:56       -6.599987*       0.2580
GPMin:    2 15:48:06       -6.727016*       0.2361
GPMin:    3 15:48:16       -6.819485*       0.1796
GPMin:    4 15:48:26       -6.899795*       0.1572
GPMin:    5 15:48:35       -6.970393*       0.1560
GPMin:    6 15:48:45       -7.034466*       0.1585
GPMin:    7 15:48:54       -7.100074*       0.1614
GPMin:    8 15:49:03       -7.163528*       0.1542
GPMin:    9 15:49:13       -7.219337*       0.1303
GPMin:   10 15:49:24       -7.256664*       0.0808
GPMin:   11 15:49:33       -7.270698*       0.0414
GPMin:   12 15:49:41       -7.274180*       0.0461
GPMin:   13 15:49:49       -7.278154*       0.0358
GPMin:   14 15:49:57       -7.279732*       0.0194
       Step     Time          Energy         fmax
*Force-consistent energies used in optimization.
GPMin:    0 15:50:12       -6.464288*       0.4103
GPMin:    1 15:50:22       -6.662194*       0.2322
GPMin:    2 15:50:32       -6.768794*       0.2093
GPMin:    3 15:50:43       -6.858135*       0.1798
GPMin:    4 15:50:53       -6.920692*       0.1236
GPMin:    5 15:51:02       -6.965982*       0.0961
GPMin:    6 15:51:11       -6.996580*       0.0834
GPMin:    7 15:51:21       -7.024564*       0.0772
GPMin:    8 15:51:29       -7.042597*       0.0578
GPMin:    9 15:51:37       -7.050589*       0.0470
GPMin:   10 15:51:45       -7.052610*       0.0232
GPMin:   11 15:51:52       -7.053451*       0.0149
       Step     Time          Energy         fmax
*Force-consistent energies used in optimization.
GPMin:    0 15:52:09       -6.721113*       0.4549
GPMin:    1 15:52:19       -6.890173*       0.1992
GPMin:    2 15:52:29       -6.960171*       0.1654
GPMin:    3 15:52:39       -7.000796*       0.0687
GPMin:    4 15:52:48       -7.017236*       0.0777
GPMin:    5 15:52:57       -7.041887*       0.0545
GPMin:    6 15:53:06       -7.061332*       0.0337
GPMin:    7 15:53:15       -7.069510*       0.0234
GPMin:    8 15:53:23       -7.072625*       0.0222
GPMin:    9 15:53:32       -7.078932*       0.0307
GPMin:   10 15:53:40       -7.089959*       0.0412
GPMin:   11 15:53:48       -7.103540*       0.0631
GPMin:   12 15:53:56       -7.122251*       0.0824
GPMin:   13 15:54:05       -7.151899*       0.1020
GPMin:   14 15:54:14       -7.189968*       0.1168
GPMin:   15 15:54:25       -7.230305*       0.1110
GPMin:   16 15:54:35       -7.262730*       0.0637
GPMin:   17 15:54:44       -7.273890*       0.0677
GPMin:   18 15:54:52       -7.277359*       0.0506
GPMin:   19 15:55:00       -7.279350*       0.0163
       Step     Time          Energy         fmax
*Force-consistent energies used in optimization.
GPMin:    0 15:55:16       -6.381592*       0.5827
GPMin:    1 15:55:26       -6.675057*       0.1962
GPMin:    2 15:55:37       -6.752964*       0.1912
GPMin:    3 15:55:47       -6.817282*       0.2195
GPMin:    4 15:55:56       -6.899626*       0.2338
GPMin:    5 15:56:05       -6.977893*       0.2410
GPMin:    6 15:56:15       -7.062453*       0.2327
GPMin:    7 15:56:25       -7.139408*       0.1819
GPMin:    8 15:56:34       -7.187856*       0.0753
GPMin:    9 15:56:43       -7.201661*       0.0546
GPMin:   10 15:56:51       -7.207407*       0.0564
GPMin:   11 15:57:00       -7.213764*       0.0271
GPMin:   12 15:57:08       -7.215752*       0.0272
GPMin:   13 15:57:16       -7.217717*       0.0225
GPMin:   14 15:57:24       -7.219079*       0.0239
GPMin:   15 15:57:32       -7.222833*       0.0286
GPMin:   16 15:57:41       -7.227418*       0.0300
GPMin:   17 15:57:49       -7.233286*       0.0300
GPMin:   18 15:57:57       -7.238991*       0.0212
GPMin:   19 15:58:05       -7.242112*       0.0222
GPMin:   20 15:58:14       -7.243648*       0.0192
       Step     Time          Energy         fmax
*Force-consistent energies used in optimization.
GPMin:    0 15:58:29       -6.884554*       0.6210
GPMin:    1 15:58:39       -7.095552*       0.2117
GPMin:    2 15:58:49       -7.167116*       0.1533
GPMin:    3 15:58:58       -7.209145*       0.1027
GPMin:    4 15:59:08       -7.224800*       0.0568
GPMin:    5 15:59:16       -7.231651*       0.0426
GPMin:    6 15:59:24       -7.235556*       0.0267
GPMin:    7 15:59:32       -7.238906*       0.0300
GPMin:    8 15:59:40       -7.242785*       0.0220
GPMin:    9 15:59:49       -7.246229*       0.0235
GPMin:   10 15:59:57       -7.251323*       0.0321
GPMin:   11 16:00:06       -7.260814*       0.0398
GPMin:   12 16:00:16       -7.272587*       0.0307
GPMin:   13 16:00:25       -7.279051*       0.0159
       Step     Time          Energy         fmax
*Force-consistent energies used in optimization.
GPMin:    0 16:00:41       -6.590135*       0.7088
GPMin:    1 16:00:52       -6.796784*       0.2048
GPMin:    2 16:01:02       -6.876890*       0.1905
GPMin:    3 16:01:12       -6.954290*       0.1697
GPMin:    4 16:01:22       -7.025416*       0.1601
GPMin:    5 16:01:32       -7.087731*       0.1299
GPMin:    6 16:01:41       -7.139933*       0.1076
GPMin:    7 16:01:51       -7.183215*       0.0872
GPMin:    8 16:02:00       -7.211750*       0.0811
GPMin:    9 16:02:09       -7.233841*       0.0844
GPMin:   10 16:02:18       -7.254369*       0.0740
GPMin:   11 16:02:28       -7.269389*       0.0510
GPMin:   12 16:02:36       -7.276386*       0.0284
GPMin:   13 16:02:44       -7.278783*       0.0238
GPMin:   14 16:02:52       -7.280010*       0.0149
       Step     Time          Energy         fmax
*Force-consistent energies used in optimization.
GPMin:    0 16:03:07       -6.590135*       0.7087
GPMin:    1 16:03:19       -6.796767*       0.2048
GPMin:    2 16:03:29       -6.876893*       0.1905
GPMin:    3 16:03:39       -6.954294*       0.1697
GPMin:    4 16:03:49       -7.025425*       0.1601
GPMin:    5 16:04:00       -7.087735*       0.1299
GPMin:    6 16:04:09       -7.139936*       0.1076
GPMin:    7 16:04:18       -7.183215*       0.0872
GPMin:    8 16:04:27       -7.211750*       0.0811
GPMin:    9 16:04:37       -7.233840*       0.0844
GPMin:   10 16:04:46       -7.254368*       0.0741
GPMin:   11 16:04:55       -7.269390*       0.0510
GPMin:   12 16:05:03       -7.276386*       0.0284
GPMin:   13 16:05:11       -7.278783*       0.0238
GPMin:   14 16:05:20       -7.280010*       0.0149
       Step     Time          Energy         fmax
*Force-consistent energies used in optimization.
GPMin:    0 16:05:35       -6.373705*       0.5288
GPMin:    1 16:05:45       -6.641836*       0.1693
GPMin:    2 16:05:55       -6.727019*       0.1012
GPMin:    3 16:06:05       -6.778348*       0.0768
GPMin:    4 16:06:16       -6.813704*       0.0541
GPMin:    5 16:06:25       -6.829058*       0.0383
GPMin:    6 16:06:34       -6.838610*       0.0411
GPMin:    7 16:06:42       -6.844887*       0.0284
GPMin:    8 16:06:49       -6.847677*       0.0206
GPMin:    9 16:06:56       -6.849353*       0.0132
       Step     Time          Energy         fmax
*Force-consistent energies used in optimization.
GPMin:    0 16:07:12       -6.381592*       0.5829
GPMin:    1 16:07:23       -6.675049*       0.1962
GPMin:    2 16:07:34       -6.752944*       0.1912
GPMin:    3 16:07:43       -6.817248*       0.2195
GPMin:    4 16:07:52       -6.899605*       0.2338
GPMin:    5 16:08:01       -6.977860*       0.2410
GPMin:    6 16:08:11       -7.062422*       0.2327
GPMin:    7 16:08:21       -7.139383*       0.1819
GPMin:    8 16:08:30       -7.187837*       0.0753
GPMin:    9 16:08:39       -7.201654*       0.0546
GPMin:   10 16:08:47       -7.207401*       0.0564
GPMin:   11 16:08:56       -7.213762*       0.0272
GPMin:   12 16:09:04       -7.215751*       0.0272
GPMin:   13 16:09:12       -7.217716*       0.0225
GPMin:   14 16:09:20       -7.219079*       0.0239
GPMin:   15 16:09:28       -7.222829*       0.0286
GPMin:   16 16:09:37       -7.227415*       0.0300
GPMin:   17 16:09:45       -7.233280*       0.0300
GPMin:   18 16:09:53       -7.238988*       0.0212
GPMin:   19 16:10:01       -7.242113*       0.0222
GPMin:   20 16:10:10       -7.243651*       0.0192
       Step     Time          Energy         fmax
*Force-consistent energies used in optimization.
GPMin:    0 16:10:26       -6.075564*       0.8586
GPMin:    1 16:10:38       -6.406730*       0.5041
GPMin:    2 16:10:49       -6.570975*       0.4820
GPMin:    3 16:10:59       -6.727558*       0.4219
GPMin:    4 16:11:09       -6.852123*       0.3215
GPMin:    5 16:11:19       -6.926558*       0.2049
GPMin:    6 16:11:28       -6.968037*       0.1246
GPMin:    7 16:11:37       -7.013767*       0.1772
GPMin:    8 16:11:46       -7.064458*       0.1562
GPMin:    9 16:11:54       -7.106118*       0.0993
GPMin:   10 16:12:04       -7.134221*       0.0774
GPMin:   11 16:12:13       -7.148567*       0.0563
GPMin:   12 16:12:22       -7.156278*       0.0572
GPMin:   13 16:12:31       -7.162333*       0.0524
GPMin:   14 16:12:40       -7.172188*       0.0479
GPMin:   15 16:12:48       -7.185072*       0.0511
GPMin:   16 16:12:57       -7.200642*       0.0452
GPMin:   17 16:13:06       -7.218046*       0.0553
GPMin:   18 16:13:14       -7.237557*       0.0637
GPMin:   19 16:13:22       -7.257872*       0.0557
GPMin:   20 16:13:30       -7.271648*       0.0425
GPMin:   21 16:13:38       -7.278085*       0.0282
GPMin:   22 16:13:47       -7.280005*       0.0164
       Step     Time          Energy         fmax
*Force-consistent energies used in optimization.
GPMin:    0 16:14:00       -6.474441*       0.5907
GPMin:    1 16:14:10       -6.776137*       0.2560
GPMin:    2 16:14:21       -6.862673*       0.1661
GPMin:    3 16:14:31       -6.919846*       0.1330
GPMin:    4 16:14:40       -6.979466*       0.1393
GPMin:    5 16:14:49       -7.036092*       0.1367
GPMin:    6 16:14:59       -7.087090*       0.1212
GPMin:    7 16:15:08       -7.128456*       0.0844
GPMin:    8 16:15:17       -7.150374*       0.0514
GPMin:    9 16:15:27       -7.156061*       0.0369
GPMin:   10 16:15:35       -7.158886*       0.0334
GPMin:   11 16:15:43       -7.164841*       0.0401
GPMin:   12 16:15:51       -7.174930*       0.0435
GPMin:   13 16:16:00       -7.189093*       0.0413
GPMin:   14 16:16:08       -7.207652*       0.0536
GPMin:   15 16:16:16       -7.230303*       0.0578
GPMin:   16 16:16:24       -7.253708*       0.0518
GPMin:   17 16:16:33       -7.269604*       0.0369
GPMin:   18 16:16:41       -7.277837*       0.0261
GPMin:   19 16:16:48       -7.280167*       0.0159
       Step     Time          Energy         fmax
*Force-consistent energies used in optimization.
GPMin:    0 16:17:04       -6.972677*       0.6940
GPMin:    1 16:17:15       -7.162348*       0.1520
GPMin:    2 16:17:25       -7.201458*       0.1414
GPMin:    3 16:17:34       -7.233916*       0.0613
GPMin:    4 16:17:42       -7.239070*       0.0366
GPMin:    5 16:17:51       -7.241589*       0.0183
       Step     Time          Energy         fmax
*Force-consistent energies used in optimization.
GPMin:    0 16:18:06       -6.381592*       0.5826
GPMin:    1 16:18:17       -6.675058*       0.1961
GPMin:    2 16:18:28       -6.752983*       0.1912
GPMin:    3 16:18:37       -6.817314*       0.2195
GPMin:    4 16:18:46       -6.899635*       0.2338
GPMin:    5 16:18:56       -6.977918*       0.2410
GPMin:    6 16:19:06       -7.062483*       0.2327
GPMin:    7 16:19:15       -7.139440*       0.1819
GPMin:    8 16:19:24       -7.187880*       0.0752
GPMin:    9 16:19:34       -7.201671*       0.0545
GPMin:   10 16:19:42       -7.207416*       0.0564
GPMin:   11 16:19:50       -7.213767*       0.0271
GPMin:   12 16:19:58       -7.215755*       0.0272
GPMin:   13 16:20:07       -7.217721*       0.0225
GPMin:   14 16:20:15       -7.219083*       0.0239
GPMin:   15 16:20:23       -7.222843*       0.0286
GPMin:   16 16:20:31       -7.227427*       0.0300
GPMin:   17 16:20:40       -7.233300*       0.0300
GPMin:   18 16:20:48       -7.238999*       0.0212
GPMin:   19 16:20:56       -7.242112*       0.0222
GPMin:   20 16:21:05       -7.243645*       0.0192
       Step     Time          Energy         fmax
*Force-consistent energies used in optimization.
GPMin:    0 16:21:19       -6.421046*       0.6732
GPMin:    1 16:21:29       -6.694379*       0.1723
GPMin:    2 16:21:39       -6.753488*       0.1075
GPMin:    3 16:21:49       -6.787134*       0.0800
GPMin:    4 16:21:59       -6.817218*       0.0652
GPMin:    5 16:22:08       -6.829516*       0.0408
GPMin:    6 16:22:17       -6.839615*       0.0292
GPMin:    7 16:22:25       -6.844463*       0.0308
GPMin:    8 16:22:34       -6.848193*       0.0176
       Step     Time          Energy         fmax
*Force-consistent energies used in optimization.
GPMin:    0 16:22:49       -6.239624*       0.3848
GPMin:    1 16:22:59       -6.380827*       0.1469
GPMin:    2 16:23:09       -6.444411*       0.0943
GPMin:    3 16:23:19       -6.480149*       0.0910
GPMin:    4 16:23:28       -6.511395*       0.0778
GPMin:    5 16:23:39       -6.544994*       0.0902
GPMin:    6 16:23:48       -6.586117*       0.1176
GPMin:    7 16:23:57       -6.642056*       0.1501
GPMin:    8 16:24:05       -6.712820*       0.1674
GPMin:    9 16:24:13       -6.785238*       0.1586
GPMin:   10 16:24:23       -6.837574*       0.0916
GPMin:   11 16:24:31       -6.849167*       0.0180
       Step     Time          Energy         fmax
*Force-consistent energies used in optimization.
GPMin:    0 16:24:46       -6.867156*       0.6777
GPMin:    1 16:24:58       -7.133912*       0.1817
GPMin:    2 16:25:08       -7.206091*       0.1524
GPMin:    3 16:25:18       -7.243592*       0.1137
GPMin:    4 16:25:29       -7.263831*       0.0708
GPMin:    5 16:25:38       -7.273131*       0.0623
GPMin:    6 16:25:46       -7.279445*       0.0179
       Step     Time          Energy         fmax
*Force-consistent energies used in optimization.
GPMin:    0 16:26:06       -6.166866*       0.3412
GPMin:    1 16:26:17       -6.382454*       0.2788
GPMin:    2 16:26:28       -6.548491*       0.2223
GPMin:    3 16:26:38       -6.684693*       0.2393
GPMin:    4 16:26:48       -6.798033*       0.2492
GPMin:    5 16:26:59       -6.900442*       0.2379
GPMin:    6 16:27:09       -6.985944*       0.1990
GPMin:    7 16:27:18       -7.051117*       0.1368
GPMin:    8 16:27:28       -7.090013*       0.0890
GPMin:    9 16:27:37       -7.109420*       0.0834
GPMin:   10 16:27:46       -7.118989*       0.0718
GPMin:   11 16:27:54       -7.125394*       0.0416
GPMin:   12 16:28:02       -7.128914*       0.0374
GPMin:   13 16:28:11       -7.133438*       0.0337
GPMin:   14 16:28:19       -7.137317*       0.0329
GPMin:   15 16:28:27       -7.140759*       0.0298
GPMin:   16 16:28:35       -7.144449*       0.0270
GPMin:   17 16:28:43       -7.146780*       0.0243
GPMin:   18 16:28:52       -7.148954*       0.0218
GPMin:   19 16:29:00       -7.149929*       0.0154
       Step     Time          Energy         fmax
*Force-consistent energies used in optimization.
GPMin:    0 16:29:15       -6.673905*       0.5191
GPMin:    1 16:29:25       -6.863146*       0.1575
GPMin:    2 16:29:35       -6.917213*       0.1378
GPMin:    3 16:29:45       -6.962987*       0.0941
GPMin:    4 16:29:54       -6.977992*       0.0543
GPMin:    5 16:30:02       -6.985355*       0.0350
GPMin:    6 16:30:11       -6.991697*       0.0376
GPMin:    7 16:30:19       -6.999892*       0.0320
GPMin:    8 16:30:27       -7.008125*       0.0329
GPMin:    9 16:30:36       -7.020341*       0.0468
GPMin:   10 16:30:45       -7.033796*       0.0504
GPMin:   11 16:30:55       -7.046823*       0.0460
GPMin:   12 16:31:04       -7.060002*       0.0522
GPMin:   13 16:31:14       -7.072879*       0.0410
GPMin:   14 16:31:23       -7.080244*       0.0337
GPMin:   15 16:31:31       -7.084272*       0.0285
GPMin:   16 16:31:39       -7.086460*       0.0243
GPMin:   17 16:31:47       -7.090189*       0.0319
GPMin:   18 16:31:56       -7.096281*       0.0412
GPMin:   19 16:32:05       -7.108575*       0.0480
GPMin:   20 16:32:14       -7.122644*       0.0377
GPMin:   21 16:32:23       -7.132935*       0.0360
GPMin:   22 16:32:32       -7.136935*       0.0217
GPMin:   23 16:32:40       -7.137970*       0.0155
       Step     Time          Energy         fmax
*Force-consistent energies used in optimization.
GPMin:    0 16:32:54       -7.003363*       0.3172
GPMin:    1 16:33:05       -7.116048*       0.1256
GPMin:    2 16:33:15       -7.161720*       0.0968
GPMin:    3 16:33:24       -7.208269*       0.0822
GPMin:    4 16:33:33       -7.247269*       0.0645
GPMin:    5 16:33:43       -7.272636*       0.0362
GPMin:    6 16:33:51       -7.280008*       0.0134
       Step     Time          Energy         fmax
*Force-consistent energies used in optimization.
GPMin:    0 16:34:11       -6.333609*       0.3265
GPMin:    1 16:34:22       -6.505826*       0.2844
GPMin:    2 16:34:33       -6.610381*       0.2168
GPMin:    3 16:34:43       -6.689491*       0.1495
GPMin:    4 16:34:53       -6.758932*       0.1418
GPMin:    5 16:35:02       -6.840128*       0.1358
GPMin:    6 16:35:11       -6.910778*       0.1418
GPMin:    7 16:35:21       -6.976679*       0.1451
GPMin:    8 16:35:30       -7.034608*       0.1311
GPMin:    9 16:35:39       -7.077358*       0.1002
GPMin:   10 16:35:48       -7.101529*       0.0652
GPMin:   11 16:35:58       -7.112666*       0.0668
GPMin:   12 16:36:06       -7.119747*       0.0542
GPMin:   13 16:36:14       -7.127079*       0.0399
GPMin:   14 16:36:22       -7.132699*       0.0382
GPMin:   15 16:36:30       -7.138039*       0.0351
GPMin:   16 16:36:39       -7.141417*       0.0280
GPMin:   17 16:36:47       -7.143149*       0.0270
GPMin:   18 16:36:55       -7.145492*       0.0210
GPMin:   19 16:37:03       -7.147197*       0.0244
GPMin:   20 16:37:12       -7.152277*       0.0324
GPMin:   21 16:37:20       -7.158257*       0.0471
GPMin:   22 16:37:28       -7.170207*       0.0543
GPMin:   23 16:37:36       -7.188715*       0.0627
GPMin:   24 16:37:46       -7.211927*       0.0738
GPMin:   25 16:37:55       -7.242035*       0.0765
GPMin:   26 16:38:04       -7.260750*       0.0522
GPMin:   27 16:38:14       -7.269338*       0.0390
GPMin:   28 16:38:22       -7.272521*       0.0378
GPMin:   29 16:38:30       -7.275354*       0.0296
GPMin:   30 16:38:39       -7.276978*       0.0246
GPMin:   31 16:38:47       -7.278675*       0.0201
GPMin:   32 16:38:55       -7.279463*       0.0143
       Step     Time          Energy         fmax
*Force-consistent energies used in optimization.
GPMin:    0 16:39:10       -7.041498*       0.2573
GPMin:    1 16:39:22       -7.087939*       0.1366
GPMin:    2 16:39:33       -7.091967*       0.2011
GPMin:    3 16:39:43       -7.097394*       0.1410
GPMin:    4 16:39:54       -7.104818*       0.1004
GPMin:    5 16:40:03       -7.105470*       0.0760
GPMin:    6 16:40:12       -7.111950*       0.0448
GPMin:    7 16:40:31       -7.114042*       0.0494
GPMin:    8 16:40:41       -7.119196*       0.0449
GPMin:    9 16:40:50       -7.127630*       0.0243
GPMin:   10 16:40:59       -7.132761*       0.0749
GPMin:   11 16:41:19       -7.139234*       0.0342
GPMin:   12 16:41:28       -7.141024*       0.0202
GPMin:   13 16:41:38       -7.141412*       0.0277
GPMin:   14 16:41:47       -7.142399*       0.0175
       Step     Time          Energy         fmax
*Force-consistent energies used in optimization.
GPMin:    0 16:42:02       -6.766857*       0.1695
GPMin:    1 16:42:13       -6.844481*       0.0439
GPMin:    2 16:42:21       -6.846019*       0.0389
GPMin:    3 16:42:29       -6.849399*       0.0109
       Step     Time          Energy         fmax
*Force-consistent energies used in optimization.
GPMin:    0 16:42:45       -6.618911*       0.3178
GPMin:    1 16:42:55       -6.792053*       0.3060
GPMin:    2 16:43:05       -6.901212*       0.2474
GPMin:    3 16:43:14       -6.976419*       0.1519
GPMin:    4 16:43:24       -7.034462*       0.1646
GPMin:    5 16:43:33       -7.098562*       0.1183
GPMin:    6 16:43:42       -7.147060*       0.0926
GPMin:    7 16:43:51       -7.177274*       0.0648
GPMin:    8 16:44:01       -7.192289*       0.0604
GPMin:    9 16:44:10       -7.207087*       0.0593
GPMin:   10 16:44:19       -7.228526*       0.0575
GPMin:   11 16:44:28       -7.250965*       0.0548
GPMin:   12 16:44:37       -7.269232*       0.0405
GPMin:   13 16:44:45       -7.278064*       0.0256
GPMin:   14 16:44:52       -7.280230*       0.0143
       Step     Time          Energy         fmax
*Force-consistent energies used in optimization.
GPMin:    0 16:45:06       -6.838046*       0.1229
GPMin:    1 16:45:26       -6.868536*       0.0945
GPMin:    2 16:45:35       -6.941618*       0.0934
GPMin:    3 16:45:44       -7.020207*       0.0938
GPMin:    4 16:45:53       -7.092665*       0.0790
GPMin:    5 16:46:01       -7.131720*       0.0355
GPMin:    6 16:46:10       -7.138650*       0.0195
       Step     Time          Energy         fmax
*Force-consistent energies used in optimization.
GPMin:    0 16:46:24       -6.702612*       0.7538
GPMin:    1 16:46:36       -6.966710*       0.2468
GPMin:    2 16:46:46       -7.051722*       0.1676
GPMin:    3 16:46:56       -7.112581*       0.1574
GPMin:    4 16:47:07       -7.156821*       0.1498
GPMin:    5 16:47:17       -7.195016*       0.1345
GPMin:    6 16:47:26       -7.234053*       0.1094
GPMin:    7 16:47:35       -7.258025*       0.0661
GPMin:    8 16:47:44       -7.270177*       0.0536
GPMin:    9 16:47:52       -7.275914*       0.0295
GPMin:   10 16:48:00       -7.278673*       0.0203
GPMin:   11 16:48:07       -7.279747*       0.0156
       Step     Time          Energy         fmax
*Force-consistent energies used in optimization.
GPMin:    0 16:48:23       -6.599356*       0.2813
GPMin:    1 16:48:34       -6.807071*       0.2463
GPMin:    2 16:48:44       -6.922237*       0.2309
GPMin:    3 16:48:54       -7.000816*       0.1950
GPMin:    4 16:49:03       -7.069395*       0.1337
GPMin:    5 16:49:12       -7.113673*       0.0794
GPMin:    6 16:49:22       -7.133749*       0.0524
GPMin:    7 16:49:31       -7.140611*       0.0387
GPMin:    8 16:49:39       -7.145393*       0.0347
GPMin:    9 16:49:47       -7.153059*       0.0364
GPMin:   10 16:49:55       -7.160695*       0.0367
GPMin:   11 16:50:03       -7.170553*       0.0359
GPMin:   12 16:50:12       -7.182382*       0.0431
GPMin:   13 16:50:20       -7.198958*       0.0528
GPMin:   14 16:50:28       -7.221439*       0.0520
GPMin:   15 16:50:35       -7.246628*       0.0508
GPMin:   16 16:50:44       -7.267307*       0.0409
GPMin:   17 16:50:52       -7.278317*       0.0304
GPMin:   18 16:50:59       -7.280376*       0.0167
       Step     Time          Energy         fmax
*Force-consistent energies used in optimization.
GPMin:    0 16:51:14       -6.328643*       0.7441
GPMin:    1 16:51:25       -6.774887*       0.2854
GPMin:    2 16:51:35       -6.900335*       0.1758
GPMin:    3 16:51:44       -6.942575*       0.1619
GPMin:    4 16:51:54       -6.994889*       0.1569
GPMin:    5 16:52:03       -7.044053*       0.1258
GPMin:    6 16:52:12       -7.073735*       0.0751
GPMin:    7 16:52:20       -7.088735*       0.0698
GPMin:    8 16:52:28       -7.102534*       0.0829
GPMin:    9 16:52:37       -7.118959*       0.0903
GPMin:   10 16:52:45       -7.136627*       0.1015
GPMin:   11 16:52:54       -7.157255*       0.1037
GPMin:   12 16:53:03       -7.176806*       0.0862
GPMin:   13 16:53:13       -7.192814*       0.0580
GPMin:   14 16:53:21       -7.203641*       0.0878
GPMin:   15 16:53:30       -7.218931*       0.0847
GPMin:   16 16:53:38       -7.231965*       0.0456
GPMin:   17 16:53:46       -7.238792*       0.0317
GPMin:   18 16:53:55       -7.240841*       0.0243
GPMin:   19 16:54:03       -7.242015*       0.0194
       Step     Time          Energy         fmax
*Force-consistent energies used in optimization.
GPMin:    0 16:54:17       -6.889566*       0.2688
GPMin:    1 16:54:28       -7.022924*       0.1607
GPMin:    2 16:54:38       -7.078636*       0.0748
GPMin:    3 16:54:48       -7.095827*       0.0517
GPMin:    4 16:54:57       -7.108367*       0.0666
GPMin:    5 16:55:06       -7.127922*       0.0758
GPMin:    6 16:55:15       -7.151845*       0.0989
GPMin:    7 16:55:25       -7.186403*       0.1087
GPMin:    8 16:55:36       -7.223803*       0.0932
GPMin:    9 16:55:45       -7.255318*       0.0691
GPMin:   10 16:55:54       -7.272570*       0.0528
GPMin:   11 16:56:02       -7.279268*       0.0215
GPMin:   12 16:56:10       -7.280276*       0.0120
       Step     Time          Energy         fmax
*Force-consistent energies used in optimization.
GPMin:    0 16:56:25       -6.543416*       0.5013
GPMin:    1 16:56:36       -6.732687*       0.1822
GPMin:    2 16:56:46       -6.793383*       0.1506
GPMin:    3 16:56:56       -6.845588*       0.1060
GPMin:    4 16:57:05       -6.876246*       0.0979
GPMin:    5 16:57:15       -6.924481*       0.0942
GPMin:    6 16:57:24       -6.975238*       0.0977
GPMin:    7 16:57:33       -7.028579*       0.0867
GPMin:    8 16:57:42       -7.074069*       0.0826
GPMin:    9 16:57:51       -7.109274*       0.0774
GPMin:   10 16:58:01       -7.133765*       0.0735
GPMin:   11 16:58:09       -7.149031*       0.0572
GPMin:   12 16:58:17       -7.160637*       0.0424
GPMin:   13 16:58:25       -7.168773*       0.0521
GPMin:   14 16:58:33       -7.177298*       0.0588
GPMin:   15 16:58:42       -7.194330*       0.0582
GPMin:   16 16:58:51       -7.216410*       0.0567
GPMin:   17 16:59:00       -7.234004*       0.0470
GPMin:   18 16:59:09       -7.244154*       0.0505
GPMin:   19 16:59:18       -7.247607*       0.0421
GPMin:   20 16:59:26       -7.250101*       0.0300
GPMin:   21 16:59:35       -7.254826*       0.0397
GPMin:   22 16:59:43       -7.262243*       0.0417
GPMin:   23 16:59:51       -7.269748*       0.0288
GPMin:   24 17:00:00       -7.275182*       0.0231
GPMin:   25 17:00:08       -7.278167*       0.0203
GPMin:   26 17:00:16       -7.279519*       0.0188
       Step     Time          Energy         fmax
*Force-consistent energies used in optimization.
GPMin:    0 17:00:32       -6.797156*       0.3578
GPMin:    1 17:00:42       -6.942571*       0.1783
GPMin:    2 17:00:52       -7.021200*       0.1549
GPMin:    3 17:01:02       -7.091182*       0.1091
GPMin:    4 17:01:12       -7.133879*       0.0811
GPMin:    5 17:01:22       -7.147900*       0.0391
GPMin:    6 17:01:30       -7.149620*       0.0155
       Step     Time          Energy         fmax
*Force-consistent energies used in optimization.
GPMin:    0 17:01:45       -6.508055*       0.9660
GPMin:    1 17:01:56       -6.856390*       0.2582
GPMin:    2 17:02:08       -6.933392*       0.1901
GPMin:    3 17:02:18       -6.986769*       0.1960
GPMin:    4 17:02:26       -7.063985*       0.1974
GPMin:    5 17:02:35       -7.128464*       0.1831
GPMin:    6 17:02:46       -7.184566*       0.1353
GPMin:    7 17:02:55       -7.217296*       0.0763
GPMin:    8 17:03:04       -7.229777*       0.0583
GPMin:    9 17:03:13       -7.235759*       0.0484
GPMin:   10 17:03:21       -7.239557*       0.0259
GPMin:   11 17:03:28       -7.240374*       0.0137
       Step     Time          Energy         fmax
*Force-consistent energies used in optimization.
GPMin:    0 17:03:44       -6.654462*       0.5695
GPMin:    1 17:03:53       -6.830430*       0.1054
GPMin:    2 17:04:12       -6.848552*       0.0115
       Step     Time          Energy         fmax
*Force-consistent energies used in optimization.
GPMin:    0 17:04:27       -6.872349*       0.7210
GPMin:    1 17:04:38       -7.088316*       0.1459
GPMin:    2 17:04:48       -7.123897*       0.1252
GPMin:    3 17:04:57       -7.154023*       0.1128
GPMin:    4 17:05:07       -7.180365*       0.1165
GPMin:    5 17:05:16       -7.213070*       0.1182
GPMin:    6 17:05:25       -7.246730*       0.1006
GPMin:    7 17:05:34       -7.270562*       0.0503
GPMin:    8 17:05:43       -7.278014*       0.0247
GPMin:    9 17:05:51       -7.279986*       0.0176
       Step     Time          Energy         fmax
*Force-consistent energies used in optimization.
GPMin:    0 17:06:06       -6.998564*       0.1670
GPMin:    1 17:06:17       -7.038021*       0.1765
GPMin:    2 17:06:27       -7.045903*       0.1239
GPMin:    3 17:06:38       -7.055653*       0.0721
GPMin:    4 17:06:47       -7.056052*       0.0750
GPMin:    5 17:06:57       -7.061816*       0.0680
GPMin:    6 17:07:07       -7.068344*       0.0539
GPMin:    7 17:07:17       -7.073388*       0.0365
GPMin:    8 17:07:26       -7.075266*       0.0403
GPMin:    9 17:07:35       -7.081003*       0.0443
GPMin:   10 17:07:44       -7.095407*       0.0477
GPMin:   11 17:07:53       -7.120083*       0.0693
GPMin:   12 17:08:03       -7.154895*       0.0911
GPMin:   13 17:08:12       -7.195135*       0.0977
GPMin:   14 17:08:22       -7.230327*       0.0668
GPMin:   15 17:08:31       -7.243965*       0.0299
GPMin:   16 17:08:40       -7.248152*       0.0343
GPMin:   17 17:08:48       -7.253480*       0.0422
GPMin:   18 17:08:57       -7.264146*       0.0440
GPMin:   19 17:09:06       -7.274323*       0.0247
GPMin:   20 17:09:14       -7.277390*       0.0231
GPMin:   21 17:09:23       -7.279726*       0.0169
       Step     Time          Energy         fmax
*Force-consistent energies used in optimization.
GPMin:    0 17:09:41       -6.508055*       0.9657
GPMin:    1 17:09:52       -6.856397*       0.2582
GPMin:    2 17:10:03       -6.933406*       0.1901
GPMin:    3 17:10:14       -6.986799*       0.1959
GPMin:    4 17:10:22       -7.063989*       0.1974
GPMin:    5 17:10:31       -7.128475*       0.1832
GPMin:    6 17:10:41       -7.184584*       0.1353
GPMin:    7 17:10:51       -7.217308*       0.0763
GPMin:    8 17:11:00       -7.229782*       0.0583
GPMin:    9 17:11:08       -7.235761*       0.0484
GPMin:   10 17:11:16       -7.239558*       0.0259
GPMin:   11 17:11:23       -7.240374*       0.0137
       Step     Time          Energy         fmax
*Force-consistent energies used in optimization.
GPMin:    0 17:11:41       -6.886675*       0.2212
GPMin:    1 17:11:51       -6.946940*       0.0907
GPMin:    2 17:12:02       -6.957325*       0.0858
GPMin:    3 17:12:12       -6.969975*       0.0720
GPMin:    4 17:12:22       -6.982781*       0.0570
GPMin:    5 17:12:31       -6.995274*       0.0624
GPMin:    6 17:12:41       -7.008922*       0.0494
GPMin:    7 17:12:51       -7.024959*       0.0494
GPMin:    8 17:13:00       -7.043365*       0.0471
GPMin:    9 17:13:10       -7.065405*       0.0539
GPMin:   10 17:13:21       -7.090683*       0.0588
GPMin:   11 17:13:31       -7.114825*       0.0553
GPMin:   12 17:13:40       -7.132697*       0.0313
GPMin:   13 17:13:48       -7.139592*       0.0269
GPMin:   14 17:13:57       -7.140809*       0.0160
